[35m[1mConsolidate compiler generated dependencies of target BasicSystem[0m
[35m[1mConsolidate compiler generated dependencies of target FullSystem[0m
[100%] Built target FullSystem
[100%] Built target BasicSystem
-- Install configuration: ""
-- Up-to-date: /home/jiawen/h12project_ws/install/ros_gz_gazebo/lib/ros_gz_gazebo/libBasicSystem.so
-- Up-to-date: /home/jiawen/h12project_ws/install/ros_gz_gazebo/lib/ros_gz_gazebo/libFullSystem.so
-- Up-to-date: /home/jiawen/h12project_ws/install/ros_gz_gazebo/share/ros_gz_gazebo/worlds
-- Up-to-date: /home/jiawen/h12project_ws/install/ros_gz_gazebo/share/ros_gz_gazebo/worlds/diff_drive.sdf
-- Up-to-date: /home/jiawen/h12project_ws/install/ros_gz_gazebo/share/ros_gz_gazebo/environment/ros_gz_gazebo.dsv
-- Up-to-date: /home/jiawen/h12project_ws/install/ros_gz_gazebo/share/ros_gz_gazebo/environment/ros_gz_gazebo.sh
-- Up-to-date: /home/jiawen/h12project_ws/install/ros_gz_gazebo/share/ament_index/resource_index/package_run_dependencies/ros_gz_gazebo
-- Up-to-date: /home/jiawen/h12project_ws/install/ros_gz_gazebo/share/ament_index/resource_index/parent_prefix_path/ros_gz_gazebo
-- Up-to-date: /home/jiawen/h12project_ws/install/ros_gz_gazebo/share/ros_gz_gazebo/environment/ament_prefix_path.sh
-- Up-to-date: /home/jiawen/h12project_ws/install/ros_gz_gazebo/share/ros_gz_gazebo/environment/ament_prefix_path.dsv
-- Up-to-date: /home/jiawen/h12project_ws/install/ros_gz_gazebo/share/ros_gz_gazebo/environment/path.sh
-- Up-to-date: /home/jiawen/h12project_ws/install/ros_gz_gazebo/share/ros_gz_gazebo/environment/path.dsv
-- Up-to-date: /home/jiawen/h12project_ws/install/ros_gz_gazebo/share/ros_gz_gazebo/local_setup.bash
-- Up-to-date: /home/jiawen/h12project_ws/install/ros_gz_gazebo/share/ros_gz_gazebo/local_setup.sh
-- Up-to-date: /home/jiawen/h12project_ws/install/ros_gz_gazebo/share/ros_gz_gazebo/local_setup.zsh
-- Up-to-date: /home/jiawen/h12project_ws/install/ros_gz_gazebo/share/ros_gz_gazebo/local_setup.dsv
-- Installing: /home/jiawen/h12project_ws/install/ros_gz_gazebo/share/ros_gz_gazebo/package.dsv
-- Up-to-date: /home/jiawen/h12project_ws/install/ros_gz_gazebo/share/ament_index/resource_index/packages/ros_gz_gazebo
-- Up-to-date: /home/jiawen/h12project_ws/install/ros_gz_gazebo/share/ros_gz_gazebo/cmake/ros_gz_gazeboConfig.cmake
-- Up-to-date: /home/jiawen/h12project_ws/install/ros_gz_gazebo/share/ros_gz_gazebo/cmake/ros_gz_gazeboConfig-version.cmake
-- Up-to-date: /home/jiawen/h12project_ws/install/ros_gz_gazebo/share/ros_gz_gazebo/package.xml
