[0.006s] Invoking command in '/home/jiawen/h12project_ws/build/ros_gz_gazebo': CMAKE_PREFIX_PATH=/home/jiawen/h12project_ws/install/ros_gz_description:/home/jiawen/h12project_ws/install/ros_gz_bringup:/home/jiawen/h12project_ws/install/ros_gz_gazebo:/home/jiawen/h12project_ws/install/ros_gz_application:/opt/ros/humble IGN_GAZEBO_RESOURCE_PATH=/home/jiawen/h12project_ws/install/ros_gz_description/share/ros_gz_description/models:${IGN_GAZEBO_RESOURCE_PATH} /usr/bin/cmake --build /home/jiawen/h12project_ws/build/ros_gz_gazebo -- -j20 -l20
[0.036s] [35m[1mConsolidate compiler generated dependencies of target BasicSystem[0m
[0.036s] [35m[1mConsolidate compiler generated dependencies of target FullSystem[0m
[0.047s] [100%] Built target FullSystem
[0.047s] [100%] Built target BasicSystem
[0.055s] Invoked command in '/home/jiawen/h12project_ws/build/ros_gz_gazebo' returned '0': CMAKE_PREFIX_PATH=/home/jiawen/h12project_ws/install/ros_gz_description:/home/jiawen/h12project_ws/install/ros_gz_bringup:/home/jiawen/h12project_ws/install/ros_gz_gazebo:/home/jiawen/h12project_ws/install/ros_gz_application:/opt/ros/humble IGN_GAZEBO_RESOURCE_PATH=/home/jiawen/h12project_ws/install/ros_gz_description/share/ros_gz_description/models:${IGN_GAZEBO_RESOURCE_PATH} /usr/bin/cmake --build /home/jiawen/h12project_ws/build/ros_gz_gazebo -- -j20 -l20
[0.056s] Invoking command in '/home/jiawen/h12project_ws/build/ros_gz_gazebo': CMAKE_PREFIX_PATH=/home/jiawen/h12project_ws/install/ros_gz_description:/home/jiawen/h12project_ws/install/ros_gz_bringup:/home/jiawen/h12project_ws/install/ros_gz_gazebo:/home/jiawen/h12project_ws/install/ros_gz_application:/opt/ros/humble IGN_GAZEBO_RESOURCE_PATH=/home/jiawen/h12project_ws/install/ros_gz_description/share/ros_gz_description/models:${IGN_GAZEBO_RESOURCE_PATH} /usr/bin/cmake --install /home/jiawen/h12project_ws/build/ros_gz_gazebo
[0.061s] -- Install configuration: ""
[0.062s] -- Up-to-date: /home/jiawen/h12project_ws/install/ros_gz_gazebo/lib/ros_gz_gazebo/libBasicSystem.so
[0.062s] -- Up-to-date: /home/jiawen/h12project_ws/install/ros_gz_gazebo/lib/ros_gz_gazebo/libFullSystem.so
[0.062s] -- Up-to-date: /home/jiawen/h12project_ws/install/ros_gz_gazebo/share/ros_gz_gazebo/worlds
[0.062s] -- Up-to-date: /home/jiawen/h12project_ws/install/ros_gz_gazebo/share/ros_gz_gazebo/worlds/diff_drive.sdf
[0.062s] -- Up-to-date: /home/jiawen/h12project_ws/install/ros_gz_gazebo/share/ros_gz_gazebo/environment/ros_gz_gazebo.dsv
[0.062s] -- Up-to-date: /home/jiawen/h12project_ws/install/ros_gz_gazebo/share/ros_gz_gazebo/environment/ros_gz_gazebo.sh
[0.062s] -- Up-to-date: /home/jiawen/h12project_ws/install/ros_gz_gazebo/share/ament_index/resource_index/package_run_dependencies/ros_gz_gazebo
[0.062s] -- Up-to-date: /home/jiawen/h12project_ws/install/ros_gz_gazebo/share/ament_index/resource_index/parent_prefix_path/ros_gz_gazebo
[0.062s] -- Up-to-date: /home/jiawen/h12project_ws/install/ros_gz_gazebo/share/ros_gz_gazebo/environment/ament_prefix_path.sh
[0.062s] -- Up-to-date: /home/jiawen/h12project_ws/install/ros_gz_gazebo/share/ros_gz_gazebo/environment/ament_prefix_path.dsv
[0.062s] -- Up-to-date: /home/jiawen/h12project_ws/install/ros_gz_gazebo/share/ros_gz_gazebo/environment/path.sh
[0.062s] -- Up-to-date: /home/jiawen/h12project_ws/install/ros_gz_gazebo/share/ros_gz_gazebo/environment/path.dsv
[0.062s] -- Up-to-date: /home/jiawen/h12project_ws/install/ros_gz_gazebo/share/ros_gz_gazebo/local_setup.bash
[0.063s] -- Up-to-date: /home/jiawen/h12project_ws/install/ros_gz_gazebo/share/ros_gz_gazebo/local_setup.sh
[0.063s] -- Up-to-date: /home/jiawen/h12project_ws/install/ros_gz_gazebo/share/ros_gz_gazebo/local_setup.zsh
[0.063s] -- Up-to-date: /home/jiawen/h12project_ws/install/ros_gz_gazebo/share/ros_gz_gazebo/local_setup.dsv
[0.063s] -- Installing: /home/jiawen/h12project_ws/install/ros_gz_gazebo/share/ros_gz_gazebo/package.dsv
[0.063s] -- Up-to-date: /home/jiawen/h12project_ws/install/ros_gz_gazebo/share/ament_index/resource_index/packages/ros_gz_gazebo
[0.063s] -- Up-to-date: /home/jiawen/h12project_ws/install/ros_gz_gazebo/share/ros_gz_gazebo/cmake/ros_gz_gazeboConfig.cmake
[0.063s] -- Up-to-date: /home/jiawen/h12project_ws/install/ros_gz_gazebo/share/ros_gz_gazebo/cmake/ros_gz_gazeboConfig-version.cmake
[0.063s] -- Up-to-date: /home/jiawen/h12project_ws/install/ros_gz_gazebo/share/ros_gz_gazebo/package.xml
[0.064s] Invoked command in '/home/jiawen/h12project_ws/build/ros_gz_gazebo' returned '0': CMAKE_PREFIX_PATH=/home/jiawen/h12project_ws/install/ros_gz_description:/home/jiawen/h12project_ws/install/ros_gz_bringup:/home/jiawen/h12project_ws/install/ros_gz_gazebo:/home/jiawen/h12project_ws/install/ros_gz_application:/opt/ros/humble IGN_GAZEBO_RESOURCE_PATH=/home/jiawen/h12project_ws/install/ros_gz_description/share/ros_gz_description/models:${IGN_GAZEBO_RESOURCE_PATH} /usr/bin/cmake --install /home/jiawen/h12project_ws/build/ros_gz_gazebo
