-- Install configuration: ""
-- Up-to-date: /home/jiawen/h12project_ws/install/ros_gz_description/share/ros_gz_description/models
-- Up-to-date: /home/jiawen/h12project_ws/install/ros_gz_description/share/ros_gz_description/models/rrbot
-- Up-to-date: /home/jiawen/h12project_ws/install/ros_gz_description/share/ros_gz_description/models/rrbot/model.sdf
-- Up-to-date: /home/jiawen/h12project_ws/install/ros_gz_description/share/ros_gz_description/models/diff_drive
-- Up-to-date: /home/jiawen/h12project_ws/install/ros_gz_description/share/ros_gz_description/models/diff_drive/model.sdf
-- Up-to-date: /home/jiawen/h12project_ws/install/ros_gz_description/share/ros_gz_description/models/diff_drive/model.config
-- Up-to-date: /home/jiawen/h12project_ws/install/ros_gz_description/share/ros_gz_description/models/unitree_h1_2
-- Up-to-date: /home/jiawen/h12project_ws/install/ros_gz_description/share/ros_gz_description/models/unitree_h1_2/meshes
-- Up-to-date: /home/jiawen/h12project_ws/install/ros_gz_description/share/ros_gz_description/models/unitree_h1_2/meshes/right_hand_link.STL
-- Up-to-date: /home/jiawen/h12project_ws/install/ros_gz_description/share/ros_gz_description/models/unitree_h1_2/meshes/left_shoulder_yaw_link.STL
-- Up-to-date: /home/jiawen/h12project_ws/install/ros_gz_description/share/ros_gz_description/models/unitree_h1_2/meshes/R_pinky_proximal.STL
-- Up-to-date: /home/jiawen/h12project_ws/install/ros_gz_description/share/ros_gz_description/models/unitree_h1_2/meshes/link19_L.STL
-- Up-to-date: /home/jiawen/h12project_ws/install/ros_gz_description/share/ros_gz_description/models/unitree_h1_2/meshes/L_ring_intermediate.STL
-- Up-to-date: /home/jiawen/h12project_ws/install/ros_gz_description/share/ros_gz_description/models/unitree_h1_2/meshes/link15_L.STL
-- Up-to-date: /home/jiawen/h12project_ws/install/ros_gz_description/share/ros_gz_description/models/unitree_h1_2/meshes/L_hand_base_link.STL
-- Up-to-date: /home/jiawen/h12project_ws/install/ros_gz_description/share/ros_gz_description/models/unitree_h1_2/meshes/left_ankle_A_link.STL
-- Up-to-date: /home/jiawen/h12project_ws/install/ros_gz_description/share/ros_gz_description/models/unitree_h1_2/meshes/right_pitch_link.STL
-- Up-to-date: /home/jiawen/h12project_ws/install/ros_gz_description/share/ros_gz_description/models/unitree_h1_2/meshes/L_thumb_intermediate.STL
-- Up-to-date: /home/jiawen/h12project_ws/install/ros_gz_description/share/ros_gz_description/models/unitree_h1_2/meshes/link19_R.STL
-- Up-to-date: /home/jiawen/h12project_ws/install/ros_gz_description/share/ros_gz_description/models/unitree_h1_2/meshes/R_ring_proximal.STL
-- Up-to-date: /home/jiawen/h12project_ws/install/ros_gz_description/share/ros_gz_description/models/unitree_h1_2/meshes/right_hip_pitch_link.STL
-- Up-to-date: /home/jiawen/h12project_ws/install/ros_gz_description/share/ros_gz_description/models/unitree_h1_2/meshes/right_ankle_link.STL
-- Up-to-date: /home/jiawen/h12project_ws/install/ros_gz_description/share/ros_gz_description/models/unitree_h1_2/meshes/wrist_yaw_link.STL
-- Up-to-date: /home/jiawen/h12project_ws/install/ros_gz_description/share/ros_gz_description/models/unitree_h1_2/meshes/L_thumb_proximal.STL
-- Up-to-date: /home/jiawen/h12project_ws/install/ros_gz_description/share/ros_gz_description/models/unitree_h1_2/meshes/L_pinky_proximal.STL
-- Up-to-date: /home/jiawen/h12project_ws/install/ros_gz_description/share/ros_gz_description/models/unitree_h1_2/meshes/right_shoulder_yaw_link.STL
-- Up-to-date: /home/jiawen/h12project_ws/install/ros_gz_description/share/ros_gz_description/models/unitree_h1_2/meshes/left_wrist_pitch_link.STL
-- Up-to-date: /home/jiawen/h12project_ws/install/ros_gz_description/share/ros_gz_description/models/unitree_h1_2/meshes/right_ankle_pitch_link.STL
-- Up-to-date: /home/jiawen/h12project_ws/install/ros_gz_description/share/ros_gz_description/models/unitree_h1_2/meshes/R_thumb_intermediate.STL
-- Up-to-date: /home/jiawen/h12project_ws/install/ros_gz_description/share/ros_gz_description/models/unitree_h1_2/meshes/torso_link.STL
-- Up-to-date: /home/jiawen/h12project_ws/install/ros_gz_description/share/ros_gz_description/models/unitree_h1_2/meshes/left_ankle_B_rod_link.STL
-- Up-to-date: /home/jiawen/h12project_ws/install/ros_gz_description/share/ros_gz_description/models/unitree_h1_2/meshes/link11_L.STL
-- Up-to-date: /home/jiawen/h12project_ws/install/ros_gz_description/share/ros_gz_description/models/unitree_h1_2/meshes/R_pinky_intermediate.STL
-- Up-to-date: /home/jiawen/h12project_ws/install/ros_gz_description/share/ros_gz_description/models/unitree_h1_2/meshes/left_ankle_pitch_link.STL
-- Up-to-date: /home/jiawen/h12project_ws/install/ros_gz_description/share/ros_gz_description/models/unitree_h1_2/meshes/left_hip_roll_link.STL
-- Up-to-date: /home/jiawen/h12project_ws/install/ros_gz_description/share/ros_gz_description/models/unitree_h1_2/meshes/link12_R.STL
-- Up-to-date: /home/jiawen/h12project_ws/install/ros_gz_description/share/ros_gz_description/models/unitree_h1_2/meshes/link18_L.STL
-- Up-to-date: /home/jiawen/h12project_ws/install/ros_gz_description/share/ros_gz_description/models/unitree_h1_2/meshes/link20_R.STL
-- Up-to-date: /home/jiawen/h12project_ws/install/ros_gz_description/share/ros_gz_description/models/unitree_h1_2/meshes/left_elbow_link.STL
-- Up-to-date: /home/jiawen/h12project_ws/install/ros_gz_description/share/ros_gz_description/models/unitree_h1_2/meshes/L_ring_proximal.STL
-- Up-to-date: /home/jiawen/h12project_ws/install/ros_gz_description/share/ros_gz_description/models/unitree_h1_2/meshes/right_hip_roll_link.STL
-- Up-to-date: /home/jiawen/h12project_ws/install/ros_gz_description/share/ros_gz_description/models/unitree_h1_2/meshes/right_ankle_B_link.STL
-- Up-to-date: /home/jiawen/h12project_ws/install/ros_gz_description/share/ros_gz_description/models/unitree_h1_2/meshes/L_thumb_distal.STL
-- Up-to-date: /home/jiawen/h12project_ws/install/ros_gz_description/share/ros_gz_description/models/unitree_h1_2/meshes/left_shoulder_roll_link.STL
-- Up-to-date: /home/jiawen/h12project_ws/install/ros_gz_description/share/ros_gz_description/models/unitree_h1_2/meshes/link22_R.STL
-- Up-to-date: /home/jiawen/h12project_ws/install/ros_gz_description/share/ros_gz_description/models/unitree_h1_2/meshes/link17_R.STL
-- Up-to-date: /home/jiawen/h12project_ws/install/ros_gz_description/share/ros_gz_description/models/unitree_h1_2/meshes/left_hand_link.STL
-- Up-to-date: /home/jiawen/h12project_ws/install/ros_gz_description/share/ros_gz_description/models/unitree_h1_2/meshes/link18_R.STL
-- Up-to-date: /home/jiawen/h12project_ws/install/ros_gz_description/share/ros_gz_description/models/unitree_h1_2/meshes/right_elbow_link.STL
-- Up-to-date: /home/jiawen/h12project_ws/install/ros_gz_description/share/ros_gz_description/models/unitree_h1_2/meshes/link20_L.STL
-- Up-to-date: /home/jiawen/h12project_ws/install/ros_gz_description/share/ros_gz_description/models/unitree_h1_2/meshes/link15_R.STL
-- Up-to-date: /home/jiawen/h12project_ws/install/ros_gz_description/share/ros_gz_description/models/unitree_h1_2/meshes/right_hip_yaw_link.STL
-- Up-to-date: /home/jiawen/h12project_ws/install/ros_gz_description/share/ros_gz_description/models/unitree_h1_2/meshes/L_middle_intermediate.STL
-- Up-to-date: /home/jiawen/h12project_ws/install/ros_gz_description/share/ros_gz_description/models/unitree_h1_2/meshes/link17_L.STL
-- Up-to-date: /home/jiawen/h12project_ws/install/ros_gz_description/share/ros_gz_description/models/unitree_h1_2/meshes/link22_L.STL
-- Up-to-date: /home/jiawen/h12project_ws/install/ros_gz_description/share/ros_gz_description/models/unitree_h1_2/meshes/right_ankle_roll_link.STL
-- Up-to-date: /home/jiawen/h12project_ws/install/ros_gz_description/share/ros_gz_description/models/unitree_h1_2/meshes/left_knee_link.STL
-- Up-to-date: /home/jiawen/h12project_ws/install/ros_gz_description/share/ros_gz_description/models/unitree_h1_2/meshes/link21_L.STL
-- Up-to-date: /home/jiawen/h12project_ws/install/ros_gz_description/share/ros_gz_description/models/unitree_h1_2/meshes/right_shoulder_roll_link.STL
-- Up-to-date: /home/jiawen/h12project_ws/install/ros_gz_description/share/ros_gz_description/models/unitree_h1_2/meshes/link21_R.STL
-- Up-to-date: /home/jiawen/h12project_ws/install/ros_gz_description/share/ros_gz_description/models/unitree_h1_2/meshes/L_thumb_proximal_base.STL
-- Up-to-date: /home/jiawen/h12project_ws/install/ros_gz_description/share/ros_gz_description/models/unitree_h1_2/meshes/link12_L.STL
-- Up-to-date: /home/jiawen/h12project_ws/install/ros_gz_description/share/ros_gz_description/models/unitree_h1_2/meshes/R_index_intermediate.STL
-- Up-to-date: /home/jiawen/h12project_ws/install/ros_gz_description/share/ros_gz_description/models/unitree_h1_2/meshes/pelvis.STL
-- Up-to-date: /home/jiawen/h12project_ws/install/ros_gz_description/share/ros_gz_description/models/unitree_h1_2/meshes/L_pinky_intermediate.STL
-- Up-to-date: /home/jiawen/h12project_ws/install/ros_gz_description/share/ros_gz_description/models/unitree_h1_2/meshes/link16_R.STL
-- Up-to-date: /home/jiawen/h12project_ws/install/ros_gz_description/share/ros_gz_description/models/unitree_h1_2/meshes/R_thumb_distal.STL
-- Up-to-date: /home/jiawen/h12project_ws/install/ros_gz_description/share/ros_gz_description/models/unitree_h1_2/meshes/link13_L.STL
-- Up-to-date: /home/jiawen/h12project_ws/install/ros_gz_description/share/ros_gz_description/models/unitree_h1_2/meshes/right_ankle_B_rod_link.STL
-- Up-to-date: /home/jiawen/h12project_ws/install/ros_gz_description/share/ros_gz_description/models/unitree_h1_2/meshes/left_hip_pitch_link.STL
-- Up-to-date: /home/jiawen/h12project_ws/install/ros_gz_description/share/ros_gz_description/models/unitree_h1_2/meshes/logo_link.STL
-- Up-to-date: /home/jiawen/h12project_ws/install/ros_gz_description/share/ros_gz_description/models/unitree_h1_2/meshes/right_wrist_roll_link.STL
-- Up-to-date: /home/jiawen/h12project_ws/install/ros_gz_description/share/ros_gz_description/models/unitree_h1_2/meshes/left_ankle_B_link.STL
-- Up-to-date: /home/jiawen/h12project_ws/install/ros_gz_description/share/ros_gz_description/models/unitree_h1_2/meshes/R_hand_base_link.STL
-- Up-to-date: /home/jiawen/h12project_ws/install/ros_gz_description/share/ros_gz_description/models/unitree_h1_2/meshes/left_ankle_roll_link.STL
-- Up-to-date: /home/jiawen/h12project_ws/install/ros_gz_description/share/ros_gz_description/models/unitree_h1_2/meshes/right_knee_link.STL
-- Up-to-date: /home/jiawen/h12project_ws/install/ros_gz_description/share/ros_gz_description/models/unitree_h1_2/meshes/right_shoulder_pitch_link.STL
-- Up-to-date: /home/jiawen/h12project_ws/install/ros_gz_description/share/ros_gz_description/models/unitree_h1_2/meshes/link11_R.STL
-- Up-to-date: /home/jiawen/h12project_ws/install/ros_gz_description/share/ros_gz_description/models/unitree_h1_2/meshes/L_index_intermediate.STL
-- Up-to-date: /home/jiawen/h12project_ws/install/ros_gz_description/share/ros_gz_description/models/unitree_h1_2/meshes/R_thumb_proximal_base.STL
-- Up-to-date: /home/jiawen/h12project_ws/install/ros_gz_description/share/ros_gz_description/models/unitree_h1_2/meshes/R_middle_proximal.STL
-- Up-to-date: /home/jiawen/h12project_ws/install/ros_gz_description/share/ros_gz_description/models/unitree_h1_2/meshes/right_ankle_A_rod_link.STL
-- Up-to-date: /home/jiawen/h12project_ws/install/ros_gz_description/share/ros_gz_description/models/unitree_h1_2/meshes/left_shoulder_pitch_link.STL
-- Up-to-date: /home/jiawen/h12project_ws/install/ros_gz_description/share/ros_gz_description/models/unitree_h1_2/meshes/left_hip_yaw_link.STL
-- Up-to-date: /home/jiawen/h12project_ws/install/ros_gz_description/share/ros_gz_description/models/unitree_h1_2/meshes/link16_L.STL
-- Up-to-date: /home/jiawen/h12project_ws/install/ros_gz_description/share/ros_gz_description/models/unitree_h1_2/meshes/L_middle_proximal.STL
-- Up-to-date: /home/jiawen/h12project_ws/install/ros_gz_description/share/ros_gz_description/models/unitree_h1_2/meshes/R_ring_intermediate.STL
-- Up-to-date: /home/jiawen/h12project_ws/install/ros_gz_description/share/ros_gz_description/models/unitree_h1_2/meshes/right_ankle_A_link.STL
-- Up-to-date: /home/jiawen/h12project_ws/install/ros_gz_description/share/ros_gz_description/models/unitree_h1_2/meshes/link13_R.STL
-- Up-to-date: /home/jiawen/h12project_ws/install/ros_gz_description/share/ros_gz_description/models/unitree_h1_2/meshes/R_middle_intermediate.STL
-- Up-to-date: /home/jiawen/h12project_ws/install/ros_gz_description/share/ros_gz_description/models/unitree_h1_2/meshes/R_thumb_proximal.STL
-- Up-to-date: /home/jiawen/h12project_ws/install/ros_gz_description/share/ros_gz_description/models/unitree_h1_2/meshes/R_index_proximal.STL
-- Up-to-date: /home/jiawen/h12project_ws/install/ros_gz_description/share/ros_gz_description/models/unitree_h1_2/meshes/link14_R.STL
-- Up-to-date: /home/jiawen/h12project_ws/install/ros_gz_description/share/ros_gz_description/models/unitree_h1_2/meshes/right_wrist_pitch_link.STL
-- Up-to-date: /home/jiawen/h12project_ws/install/ros_gz_description/share/ros_gz_description/models/unitree_h1_2/meshes/L_index_proximal.STL
-- Up-to-date: /home/jiawen/h12project_ws/install/ros_gz_description/share/ros_gz_description/models/unitree_h1_2/meshes/link14_L.STL
-- Up-to-date: /home/jiawen/h12project_ws/install/ros_gz_description/share/ros_gz_description/models/unitree_h1_2/meshes/left_wrist_roll_link.STL
-- Up-to-date: /home/jiawen/h12project_ws/install/ros_gz_description/share/ros_gz_description/models/unitree_h1_2/meshes/left_ankle_A_rod_link.STL
-- Up-to-date: /home/jiawen/h12project_ws/install/ros_gz_description/share/ros_gz_description/models/unitree_h1_2/unitree_h1_2.urdf
-- Up-to-date: /home/jiawen/h12project_ws/install/ros_gz_description/share/ros_gz_description/environment/ros_gz_description.dsv
-- Up-to-date: /home/jiawen/h12project_ws/install/ros_gz_description/share/ros_gz_description/environment/ros_gz_description.sh
-- Up-to-date: /home/jiawen/h12project_ws/install/ros_gz_description/share/ament_index/resource_index/package_run_dependencies/ros_gz_description
-- Up-to-date: /home/jiawen/h12project_ws/install/ros_gz_description/share/ament_index/resource_index/parent_prefix_path/ros_gz_description
-- Up-to-date: /home/jiawen/h12project_ws/install/ros_gz_description/share/ros_gz_description/environment/ament_prefix_path.sh
-- Up-to-date: /home/jiawen/h12project_ws/install/ros_gz_description/share/ros_gz_description/environment/ament_prefix_path.dsv
-- Up-to-date: /home/jiawen/h12project_ws/install/ros_gz_description/share/ros_gz_description/environment/path.sh
-- Up-to-date: /home/jiawen/h12project_ws/install/ros_gz_description/share/ros_gz_description/environment/path.dsv
-- Up-to-date: /home/jiawen/h12project_ws/install/ros_gz_description/share/ros_gz_description/local_setup.bash
-- Up-to-date: /home/jiawen/h12project_ws/install/ros_gz_description/share/ros_gz_description/local_setup.sh
-- Up-to-date: /home/jiawen/h12project_ws/install/ros_gz_description/share/ros_gz_description/local_setup.zsh
-- Up-to-date: /home/jiawen/h12project_ws/install/ros_gz_description/share/ros_gz_description/local_setup.dsv
-- Installing: /home/jiawen/h12project_ws/install/ros_gz_description/share/ros_gz_description/package.dsv
-- Up-to-date: /home/jiawen/h12project_ws/install/ros_gz_description/share/ament_index/resource_index/packages/ros_gz_description
-- Up-to-date: /home/jiawen/h12project_ws/install/ros_gz_description/share/ros_gz_description/cmake/ros_gz_descriptionConfig.cmake
-- Up-to-date: /home/jiawen/h12project_ws/install/ros_gz_description/share/ros_gz_description/cmake/ros_gz_descriptionConfig-version.cmake
-- Up-to-date: /home/jiawen/h12project_ws/install/ros_gz_description/share/ros_gz_description/package.xml
