[0.012s] Invoking command in '/home/jiawen/h12project_ws/build/ros_gz_description': CMAKE_PREFIX_PATH=${CMAKE_PREFIX_PATH}:/opt/ros/humble /usr/bin/cmake --build /home/jiawen/h12project_ws/build/ros_gz_description -- -j20 -l20
[0.038s] Invoked command in '/home/jiawen/h12project_ws/build/ros_gz_description' returned '0': CMAKE_PREFIX_PATH=${CMAKE_PREFIX_PATH}:/opt/ros/humble /usr/bin/cmake --build /home/jiawen/h12project_ws/build/ros_gz_description -- -j20 -l20
[0.046s] Invoking command in '/home/jiawen/h12project_ws/build/ros_gz_description': CMAKE_PREFIX_PATH=${CMAKE_PREFIX_PATH}:/opt/ros/humble /usr/bin/cmake --install /home/jiawen/h12project_ws/build/ros_gz_description
[0.051s] -- Install configuration: ""
[0.051s] -- Up-to-date: /home/jiawen/h12project_ws/install/ros_gz_description/share/ros_gz_description/models
[0.051s] -- Up-to-date: /home/jiawen/h12project_ws/install/ros_gz_description/share/ros_gz_description/models/rrbot
[0.051s] -- Up-to-date: /home/jiawen/h12project_ws/install/ros_gz_description/share/ros_gz_description/models/rrbot/model.sdf
[0.051s] -- Up-to-date: /home/jiawen/h12project_ws/install/ros_gz_description/share/ros_gz_description/models/diff_drive
[0.051s] -- Up-to-date: /home/jiawen/h12project_ws/install/ros_gz_description/share/ros_gz_description/models/diff_drive/model.sdf
[0.052s] -- Up-to-date: /home/jiawen/h12project_ws/install/ros_gz_description/share/ros_gz_description/models/diff_drive/model.config
[0.052s] -- Up-to-date: /home/jiawen/h12project_ws/install/ros_gz_description/share/ros_gz_description/models/unitree_h1_2
[0.052s] -- Up-to-date: /home/jiawen/h12project_ws/install/ros_gz_description/share/ros_gz_description/models/unitree_h1_2/meshes
[0.052s] -- Up-to-date: /home/jiawen/h12project_ws/install/ros_gz_description/share/ros_gz_description/models/unitree_h1_2/meshes/right_hand_link.STL
[0.052s] -- Up-to-date: /home/jiawen/h12project_ws/install/ros_gz_description/share/ros_gz_description/models/unitree_h1_2/meshes/left_shoulder_yaw_link.STL
[0.052s] -- Up-to-date: /home/jiawen/h12project_ws/install/ros_gz_description/share/ros_gz_description/models/unitree_h1_2/meshes/R_pinky_proximal.STL
[0.052s] -- Up-to-date: /home/jiawen/h12project_ws/install/ros_gz_description/share/ros_gz_description/models/unitree_h1_2/meshes/link19_L.STL
[0.052s] -- Up-to-date: /home/jiawen/h12project_ws/install/ros_gz_description/share/ros_gz_description/models/unitree_h1_2/meshes/L_ring_intermediate.STL
[0.052s] -- Up-to-date: /home/jiawen/h12project_ws/install/ros_gz_description/share/ros_gz_description/models/unitree_h1_2/meshes/link15_L.STL
[0.052s] -- Up-to-date: /home/jiawen/h12project_ws/install/ros_gz_description/share/ros_gz_description/models/unitree_h1_2/meshes/L_hand_base_link.STL
[0.052s] -- Up-to-date: /home/jiawen/h12project_ws/install/ros_gz_description/share/ros_gz_description/models/unitree_h1_2/meshes/left_ankle_A_link.STL
[0.052s] -- Up-to-date: /home/jiawen/h12project_ws/install/ros_gz_description/share/ros_gz_description/models/unitree_h1_2/meshes/right_pitch_link.STL
[0.052s] -- Up-to-date: /home/jiawen/h12project_ws/install/ros_gz_description/share/ros_gz_description/models/unitree_h1_2/meshes/L_thumb_intermediate.STL
[0.052s] -- Up-to-date: /home/jiawen/h12project_ws/install/ros_gz_description/share/ros_gz_description/models/unitree_h1_2/meshes/link19_R.STL
[0.052s] -- Up-to-date: /home/jiawen/h12project_ws/install/ros_gz_description/share/ros_gz_description/models/unitree_h1_2/meshes/R_ring_proximal.STL
[0.052s] -- Up-to-date: /home/jiawen/h12project_ws/install/ros_gz_description/share/ros_gz_description/models/unitree_h1_2/meshes/right_hip_pitch_link.STL
[0.052s] -- Up-to-date: /home/jiawen/h12project_ws/install/ros_gz_description/share/ros_gz_description/models/unitree_h1_2/meshes/right_ankle_link.STL
[0.053s] -- Up-to-date: /home/jiawen/h12project_ws/install/ros_gz_description/share/ros_gz_description/models/unitree_h1_2/meshes/wrist_yaw_link.STL
[0.053s] -- Up-to-date: /home/jiawen/h12project_ws/install/ros_gz_description/share/ros_gz_description/models/unitree_h1_2/meshes/L_thumb_proximal.STL
[0.053s] -- Up-to-date: /home/jiawen/h12project_ws/install/ros_gz_description/share/ros_gz_description/models/unitree_h1_2/meshes/L_pinky_proximal.STL
[0.053s] -- Up-to-date: /home/jiawen/h12project_ws/install/ros_gz_description/share/ros_gz_description/models/unitree_h1_2/meshes/right_shoulder_yaw_link.STL
[0.053s] -- Up-to-date: /home/jiawen/h12project_ws/install/ros_gz_description/share/ros_gz_description/models/unitree_h1_2/meshes/left_wrist_pitch_link.STL
[0.053s] -- Up-to-date: /home/jiawen/h12project_ws/install/ros_gz_description/share/ros_gz_description/models/unitree_h1_2/meshes/right_ankle_pitch_link.STL
[0.053s] -- Up-to-date: /home/jiawen/h12project_ws/install/ros_gz_description/share/ros_gz_description/models/unitree_h1_2/meshes/R_thumb_intermediate.STL
[0.053s] -- Up-to-date: /home/jiawen/h12project_ws/install/ros_gz_description/share/ros_gz_description/models/unitree_h1_2/meshes/torso_link.STL
[0.053s] -- Up-to-date: /home/jiawen/h12project_ws/install/ros_gz_description/share/ros_gz_description/models/unitree_h1_2/meshes/left_ankle_B_rod_link.STL
[0.053s] -- Up-to-date: /home/jiawen/h12project_ws/install/ros_gz_description/share/ros_gz_description/models/unitree_h1_2/meshes/link11_L.STL
[0.053s] -- Up-to-date: /home/jiawen/h12project_ws/install/ros_gz_description/share/ros_gz_description/models/unitree_h1_2/meshes/R_pinky_intermediate.STL
[0.053s] -- Up-to-date: /home/jiawen/h12project_ws/install/ros_gz_description/share/ros_gz_description/models/unitree_h1_2/meshes/left_ankle_pitch_link.STL
[0.054s] -- Up-to-date: /home/jiawen/h12project_ws/install/ros_gz_description/share/ros_gz_description/models/unitree_h1_2/meshes/left_hip_roll_link.STL
[0.054s] -- Up-to-date: /home/jiawen/h12project_ws/install/ros_gz_description/share/ros_gz_description/models/unitree_h1_2/meshes/link12_R.STL
[0.054s] -- Up-to-date: /home/jiawen/h12project_ws/install/ros_gz_description/share/ros_gz_description/models/unitree_h1_2/meshes/link18_L.STL
[0.054s] -- Up-to-date: /home/jiawen/h12project_ws/install/ros_gz_description/share/ros_gz_description/models/unitree_h1_2/meshes/link20_R.STL
[0.054s] -- Up-to-date: /home/jiawen/h12project_ws/install/ros_gz_description/share/ros_gz_description/models/unitree_h1_2/meshes/left_elbow_link.STL
[0.054s] -- Up-to-date: /home/jiawen/h12project_ws/install/ros_gz_description/share/ros_gz_description/models/unitree_h1_2/meshes/L_ring_proximal.STL
[0.054s] -- Up-to-date: /home/jiawen/h12project_ws/install/ros_gz_description/share/ros_gz_description/models/unitree_h1_2/meshes/right_hip_roll_link.STL
[0.054s] -- Up-to-date: /home/jiawen/h12project_ws/install/ros_gz_description/share/ros_gz_description/models/unitree_h1_2/meshes/right_ankle_B_link.STL
[0.054s] -- Up-to-date: /home/jiawen/h12project_ws/install/ros_gz_description/share/ros_gz_description/models/unitree_h1_2/meshes/L_thumb_distal.STL
[0.054s] -- Up-to-date: /home/jiawen/h12project_ws/install/ros_gz_description/share/ros_gz_description/models/unitree_h1_2/meshes/left_shoulder_roll_link.STL
[0.054s] -- Up-to-date: /home/jiawen/h12project_ws/install/ros_gz_description/share/ros_gz_description/models/unitree_h1_2/meshes/link22_R.STL
[0.054s] -- Up-to-date: /home/jiawen/h12project_ws/install/ros_gz_description/share/ros_gz_description/models/unitree_h1_2/meshes/link17_R.STL
[0.054s] -- Up-to-date: /home/jiawen/h12project_ws/install/ros_gz_description/share/ros_gz_description/models/unitree_h1_2/meshes/left_hand_link.STL
[0.054s] -- Up-to-date: /home/jiawen/h12project_ws/install/ros_gz_description/share/ros_gz_description/models/unitree_h1_2/meshes/link18_R.STL
[0.055s] -- Up-to-date: /home/jiawen/h12project_ws/install/ros_gz_description/share/ros_gz_description/models/unitree_h1_2/meshes/right_elbow_link.STL
[0.055s] -- Up-to-date: /home/jiawen/h12project_ws/install/ros_gz_description/share/ros_gz_description/models/unitree_h1_2/meshes/link20_L.STL
[0.055s] -- Up-to-date: /home/jiawen/h12project_ws/install/ros_gz_description/share/ros_gz_description/models/unitree_h1_2/meshes/link15_R.STL
[0.055s] -- Up-to-date: /home/jiawen/h12project_ws/install/ros_gz_description/share/ros_gz_description/models/unitree_h1_2/meshes/right_hip_yaw_link.STL
[0.055s] -- Up-to-date: /home/jiawen/h12project_ws/install/ros_gz_description/share/ros_gz_description/models/unitree_h1_2/meshes/L_middle_intermediate.STL
[0.055s] -- Up-to-date: /home/jiawen/h12project_ws/install/ros_gz_description/share/ros_gz_description/models/unitree_h1_2/meshes/link17_L.STL
[0.055s] -- Up-to-date: /home/jiawen/h12project_ws/install/ros_gz_description/share/ros_gz_description/models/unitree_h1_2/meshes/link22_L.STL
[0.055s] -- Up-to-date: /home/jiawen/h12project_ws/install/ros_gz_description/share/ros_gz_description/models/unitree_h1_2/meshes/right_ankle_roll_link.STL
[0.055s] -- Up-to-date: /home/jiawen/h12project_ws/install/ros_gz_description/share/ros_gz_description/models/unitree_h1_2/meshes/left_knee_link.STL
[0.055s] -- Up-to-date: /home/jiawen/h12project_ws/install/ros_gz_description/share/ros_gz_description/models/unitree_h1_2/meshes/link21_L.STL
[0.055s] -- Up-to-date: /home/jiawen/h12project_ws/install/ros_gz_description/share/ros_gz_description/models/unitree_h1_2/meshes/right_shoulder_roll_link.STL
[0.055s] -- Up-to-date: /home/jiawen/h12project_ws/install/ros_gz_description/share/ros_gz_description/models/unitree_h1_2/meshes/link21_R.STL
[0.055s] -- Up-to-date: /home/jiawen/h12project_ws/install/ros_gz_description/share/ros_gz_description/models/unitree_h1_2/meshes/L_thumb_proximal_base.STL
[0.056s] -- Up-to-date: /home/jiawen/h12project_ws/install/ros_gz_description/share/ros_gz_description/models/unitree_h1_2/meshes/link12_L.STL
[0.056s] -- Up-to-date: /home/jiawen/h12project_ws/install/ros_gz_description/share/ros_gz_description/models/unitree_h1_2/meshes/R_index_intermediate.STL
[0.056s] -- Up-to-date: /home/jiawen/h12project_ws/install/ros_gz_description/share/ros_gz_description/models/unitree_h1_2/meshes/pelvis.STL
[0.056s] -- Up-to-date: /home/jiawen/h12project_ws/install/ros_gz_description/share/ros_gz_description/models/unitree_h1_2/meshes/L_pinky_intermediate.STL
[0.056s] -- Up-to-date: /home/jiawen/h12project_ws/install/ros_gz_description/share/ros_gz_description/models/unitree_h1_2/meshes/link16_R.STL
[0.056s] -- Up-to-date: /home/jiawen/h12project_ws/install/ros_gz_description/share/ros_gz_description/models/unitree_h1_2/meshes/R_thumb_distal.STL
[0.056s] -- Up-to-date: /home/jiawen/h12project_ws/install/ros_gz_description/share/ros_gz_description/models/unitree_h1_2/meshes/link13_L.STL
[0.056s] -- Up-to-date: /home/jiawen/h12project_ws/install/ros_gz_description/share/ros_gz_description/models/unitree_h1_2/meshes/right_ankle_B_rod_link.STL
[0.056s] -- Up-to-date: /home/jiawen/h12project_ws/install/ros_gz_description/share/ros_gz_description/models/unitree_h1_2/meshes/left_hip_pitch_link.STL
[0.056s] -- Up-to-date: /home/jiawen/h12project_ws/install/ros_gz_description/share/ros_gz_description/models/unitree_h1_2/meshes/logo_link.STL
[0.056s] -- Up-to-date: /home/jiawen/h12project_ws/install/ros_gz_description/share/ros_gz_description/models/unitree_h1_2/meshes/right_wrist_roll_link.STL
[0.056s] -- Up-to-date: /home/jiawen/h12project_ws/install/ros_gz_description/share/ros_gz_description/models/unitree_h1_2/meshes/left_ankle_B_link.STL
[0.056s] -- Up-to-date: /home/jiawen/h12project_ws/install/ros_gz_description/share/ros_gz_description/models/unitree_h1_2/meshes/R_hand_base_link.STL
[0.056s] -- Up-to-date: /home/jiawen/h12project_ws/install/ros_gz_description/share/ros_gz_description/models/unitree_h1_2/meshes/left_ankle_roll_link.STL
[0.056s] -- Up-to-date: /home/jiawen/h12project_ws/install/ros_gz_description/share/ros_gz_description/models/unitree_h1_2/meshes/right_knee_link.STL
[0.056s] -- Up-to-date: /home/jiawen/h12project_ws/install/ros_gz_description/share/ros_gz_description/models/unitree_h1_2/meshes/right_shoulder_pitch_link.STL
[0.057s] -- Up-to-date: /home/jiawen/h12project_ws/install/ros_gz_description/share/ros_gz_description/models/unitree_h1_2/meshes/link11_R.STL
[0.057s] -- Up-to-date: /home/jiawen/h12project_ws/install/ros_gz_description/share/ros_gz_description/models/unitree_h1_2/meshes/L_index_intermediate.STL
[0.057s] -- Up-to-date: /home/jiawen/h12project_ws/install/ros_gz_description/share/ros_gz_description/models/unitree_h1_2/meshes/R_thumb_proximal_base.STL
[0.057s] -- Up-to-date: /home/jiawen/h12project_ws/install/ros_gz_description/share/ros_gz_description/models/unitree_h1_2/meshes/R_middle_proximal.STL
[0.057s] -- Up-to-date: /home/jiawen/h12project_ws/install/ros_gz_description/share/ros_gz_description/models/unitree_h1_2/meshes/right_ankle_A_rod_link.STL
[0.057s] -- Up-to-date: /home/jiawen/h12project_ws/install/ros_gz_description/share/ros_gz_description/models/unitree_h1_2/meshes/left_shoulder_pitch_link.STL
[0.057s] -- Up-to-date: /home/jiawen/h12project_ws/install/ros_gz_description/share/ros_gz_description/models/unitree_h1_2/meshes/left_hip_yaw_link.STL
[0.057s] -- Up-to-date: /home/jiawen/h12project_ws/install/ros_gz_description/share/ros_gz_description/models/unitree_h1_2/meshes/link16_L.STL
[0.057s] -- Up-to-date: /home/jiawen/h12project_ws/install/ros_gz_description/share/ros_gz_description/models/unitree_h1_2/meshes/L_middle_proximal.STL
[0.057s] -- Up-to-date: /home/jiawen/h12project_ws/install/ros_gz_description/share/ros_gz_description/models/unitree_h1_2/meshes/R_ring_intermediate.STL
[0.057s] -- Up-to-date: /home/jiawen/h12project_ws/install/ros_gz_description/share/ros_gz_description/models/unitree_h1_2/meshes/right_ankle_A_link.STL
[0.058s] -- Up-to-date: /home/jiawen/h12project_ws/install/ros_gz_description/share/ros_gz_description/models/unitree_h1_2/meshes/link13_R.STL
[0.058s] -- Up-to-date: /home/jiawen/h12project_ws/install/ros_gz_description/share/ros_gz_description/models/unitree_h1_2/meshes/R_middle_intermediate.STL
[0.058s] -- Up-to-date: /home/jiawen/h12project_ws/install/ros_gz_description/share/ros_gz_description/models/unitree_h1_2/meshes/R_thumb_proximal.STL
[0.058s] -- Up-to-date: /home/jiawen/h12project_ws/install/ros_gz_description/share/ros_gz_description/models/unitree_h1_2/meshes/R_index_proximal.STL
[0.058s] -- Up-to-date: /home/jiawen/h12project_ws/install/ros_gz_description/share/ros_gz_description/models/unitree_h1_2/meshes/link14_R.STL
[0.058s] -- Up-to-date: /home/jiawen/h12project_ws/install/ros_gz_description/share/ros_gz_description/models/unitree_h1_2/meshes/right_wrist_pitch_link.STL
[0.058s] -- Up-to-date: /home/jiawen/h12project_ws/install/ros_gz_description/share/ros_gz_description/models/unitree_h1_2/meshes/L_index_proximal.STL
[0.058s] -- Up-to-date: /home/jiawen/h12project_ws/install/ros_gz_description/share/ros_gz_description/models/unitree_h1_2/meshes/link14_L.STL
[0.059s] -- Up-to-date: /home/jiawen/h12project_ws/install/ros_gz_description/share/ros_gz_description/models/unitree_h1_2/meshes/left_wrist_roll_link.STL
[0.059s] -- Up-to-date: /home/jiawen/h12project_ws/install/ros_gz_description/share/ros_gz_description/models/unitree_h1_2/meshes/left_ankle_A_rod_link.STL
[0.059s] -- Up-to-date: /home/jiawen/h12project_ws/install/ros_gz_description/share/ros_gz_description/models/unitree_h1_2/unitree_h1_2.urdf
[0.059s] -- Up-to-date: /home/jiawen/h12project_ws/install/ros_gz_description/share/ros_gz_description/environment/ros_gz_description.dsv
[0.059s] -- Up-to-date: /home/jiawen/h12project_ws/install/ros_gz_description/share/ros_gz_description/environment/ros_gz_description.sh
[0.059s] -- Up-to-date: /home/jiawen/h12project_ws/install/ros_gz_description/share/ament_index/resource_index/package_run_dependencies/ros_gz_description
[0.059s] -- Up-to-date: /home/jiawen/h12project_ws/install/ros_gz_description/share/ament_index/resource_index/parent_prefix_path/ros_gz_description
[0.059s] -- Up-to-date: /home/jiawen/h12project_ws/install/ros_gz_description/share/ros_gz_description/environment/ament_prefix_path.sh
[0.059s] -- Up-to-date: /home/jiawen/h12project_ws/install/ros_gz_description/share/ros_gz_description/environment/ament_prefix_path.dsv
[0.059s] -- Up-to-date: /home/jiawen/h12project_ws/install/ros_gz_description/share/ros_gz_description/environment/path.sh
[0.059s] -- Up-to-date: /home/jiawen/h12project_ws/install/ros_gz_description/share/ros_gz_description/environment/path.dsv
[0.059s] -- Up-to-date: /home/jiawen/h12project_ws/install/ros_gz_description/share/ros_gz_description/local_setup.bash
[0.059s] -- Up-to-date: /home/jiawen/h12project_ws/install/ros_gz_description/share/ros_gz_description/local_setup.sh
[0.059s] -- Up-to-date: /home/jiawen/h12project_ws/install/ros_gz_description/share/ros_gz_description/local_setup.zsh
[0.059s] -- Up-to-date: /home/jiawen/h12project_ws/install/ros_gz_description/share/ros_gz_description/local_setup.dsv
[0.060s] -- Installing: /home/jiawen/h12project_ws/install/ros_gz_description/share/ros_gz_description/package.dsv
[0.060s] -- Up-to-date: /home/jiawen/h12project_ws/install/ros_gz_description/share/ament_index/resource_index/packages/ros_gz_description
[0.060s] -- Up-to-date: /home/jiawen/h12project_ws/install/ros_gz_description/share/ros_gz_description/cmake/ros_gz_descriptionConfig.cmake
[0.060s] -- Up-to-date: /home/jiawen/h12project_ws/install/ros_gz_description/share/ros_gz_description/cmake/ros_gz_descriptionConfig-version.cmake
[0.060s] -- Up-to-date: /home/jiawen/h12project_ws/install/ros_gz_description/share/ros_gz_description/package.xml
[0.061s] Invoked command in '/home/jiawen/h12project_ws/build/ros_gz_description' returned '0': CMAKE_PREFIX_PATH=${CMAKE_PREFIX_PATH}:/opt/ros/humble /usr/bin/cmake --install /home/jiawen/h12project_ws/build/ros_gz_description
