[0.009s] Invoking command in '/home/jiawen/h12project_ws/build/ros_gz_application': CMAKE_PREFIX_PATH=${CMAKE_PREFIX_PATH}:/opt/ros/humble /usr/bin/cmake --build /home/jiawen/h12project_ws/build/ros_gz_application -- -j20 -l20
[0.041s] Invoked command in '/home/jiawen/h12project_ws/build/ros_gz_application' returned '0': CMAKE_PREFIX_PATH=${CMAKE_PREFIX_PATH}:/opt/ros/humble /usr/bin/cmake --build /home/jiawen/h12project_ws/build/ros_gz_application -- -j20 -l20
[0.042s] Invoking command in '/home/jiawen/h12project_ws/build/ros_gz_application': CMAKE_PREFIX_PATH=${CMAKE_PREFIX_PATH}:/opt/ros/humble /usr/bin/cmake --install /home/jiawen/h12project_ws/build/ros_gz_application
[0.049s] -- Install configuration: ""
[0.049s] -- Up-to-date: /home/jiawen/h12project_ws/install/ros_gz_application/share/ament_index/resource_index/package_run_dependencies/ros_gz_application
[0.049s] -- Up-to-date: /home/jiawen/h12project_ws/install/ros_gz_application/share/ament_index/resource_index/parent_prefix_path/ros_gz_application
[0.049s] -- Up-to-date: /home/jiawen/h12project_ws/install/ros_gz_application/share/ros_gz_application/environment/ament_prefix_path.sh
[0.049s] -- Up-to-date: /home/jiawen/h12project_ws/install/ros_gz_application/share/ros_gz_application/environment/ament_prefix_path.dsv
[0.049s] -- Up-to-date: /home/jiawen/h12project_ws/install/ros_gz_application/share/ros_gz_application/environment/path.sh
[0.049s] -- Up-to-date: /home/jiawen/h12project_ws/install/ros_gz_application/share/ros_gz_application/environment/path.dsv
[0.049s] -- Up-to-date: /home/jiawen/h12project_ws/install/ros_gz_application/share/ros_gz_application/local_setup.bash
[0.049s] -- Up-to-date: /home/jiawen/h12project_ws/install/ros_gz_application/share/ros_gz_application/local_setup.sh
[0.050s] -- Up-to-date: /home/jiawen/h12project_ws/install/ros_gz_application/share/ros_gz_application/local_setup.zsh
[0.050s] -- Up-to-date: /home/jiawen/h12project_ws/install/ros_gz_application/share/ros_gz_application/local_setup.dsv
[0.050s] -- Installing: /home/jiawen/h12project_ws/install/ros_gz_application/share/ros_gz_application/package.dsv
[0.050s] -- Up-to-date: /home/jiawen/h12project_ws/install/ros_gz_application/share/ament_index/resource_index/packages/ros_gz_application
[0.050s] -- Up-to-date: /home/jiawen/h12project_ws/install/ros_gz_application/share/ros_gz_application/cmake/ros_gz_applicationConfig.cmake
[0.050s] -- Up-to-date: /home/jiawen/h12project_ws/install/ros_gz_application/share/ros_gz_application/cmake/ros_gz_applicationConfig-version.cmake
[0.050s] -- Up-to-date: /home/jiawen/h12project_ws/install/ros_gz_application/share/ros_gz_application/package.xml
[0.050s] Invoked command in '/home/jiawen/h12project_ws/build/ros_gz_application' returned '0': CMAKE_PREFIX_PATH=${CMAKE_PREFIX_PATH}:/opt/ros/humble /usr/bin/cmake --install /home/jiawen/h12project_ws/build/ros_gz_application
