-- Install configuration: ""
-- Up-to-date: /home/jiawen/h12project_ws/install/ros_gz_bringup/share/ros_gz_bringup/launch
-- Installing: /home/jiawen/h12project_ws/install/ros_gz_bringup/share/ros_gz_bringup/launch/unitree_urdf.launch.py
-- Up-to-date: /home/jiawen/h12project_ws/install/ros_gz_bringup/share/ros_gz_bringup/launch/diff_drive.launch.py
-- Up-to-date: /home/jiawen/h12project_ws/install/ros_gz_bringup/share/ros_gz_bringup/launch/rrbot_setup.launch.py
-- Up-to-date: /home/jiawen/h12project_ws/install/ros_gz_bringup/share/ros_gz_bringup/config
-- Up-to-date: /home/jiawen/h12project_ws/install/ros_gz_bringup/share/ros_gz_bringup/config/diff_drive.rviz
-- Up-to-date: /home/jiawen/h12project_ws/install/ros_gz_bringup/share/ros_gz_bringup/config/rrbot.rviz
-- Up-to-date: /home/jiawen/h12project_ws/install/ros_gz_bringup/share/ros_gz_bringup/config/ros_gz_bridge.yaml
-- Up-to-date: /home/jiawen/h12project_ws/install/ros_gz_bringup/share/ament_index/resource_index/package_run_dependencies/ros_gz_bringup
-- Up-to-date: /home/jiawen/h12project_ws/install/ros_gz_bringup/share/ament_index/resource_index/parent_prefix_path/ros_gz_bringup
-- Up-to-date: /home/jiawen/h12project_ws/install/ros_gz_bringup/share/ros_gz_bringup/environment/ament_prefix_path.sh
-- Up-to-date: /home/jiawen/h12project_ws/install/ros_gz_bringup/share/ros_gz_bringup/environment/ament_prefix_path.dsv
-- Up-to-date: /home/jiawen/h12project_ws/install/ros_gz_bringup/share/ros_gz_bringup/environment/path.sh
-- Up-to-date: /home/jiawen/h12project_ws/install/ros_gz_bringup/share/ros_gz_bringup/environment/path.dsv
-- Up-to-date: /home/jiawen/h12project_ws/install/ros_gz_bringup/share/ros_gz_bringup/local_setup.bash
-- Up-to-date: /home/jiawen/h12project_ws/install/ros_gz_bringup/share/ros_gz_bringup/local_setup.sh
-- Up-to-date: /home/jiawen/h12project_ws/install/ros_gz_bringup/share/ros_gz_bringup/local_setup.zsh
-- Up-to-date: /home/jiawen/h12project_ws/install/ros_gz_bringup/share/ros_gz_bringup/local_setup.dsv
-- Up-to-date: /home/jiawen/h12project_ws/install/ros_gz_bringup/share/ros_gz_bringup/package.dsv
-- Up-to-date: /home/jiawen/h12project_ws/install/ros_gz_bringup/share/ament_index/resource_index/packages/ros_gz_bringup
-- Up-to-date: /home/jiawen/h12project_ws/install/ros_gz_bringup/share/ros_gz_bringup/cmake/ros_gz_bringupConfig.cmake
-- Up-to-date: /home/jiawen/h12project_ws/install/ros_gz_bringup/share/ros_gz_bringup/cmake/ros_gz_bringupConfig-version.cmake
-- Up-to-date: /home/jiawen/h12project_ws/install/ros_gz_bringup/share/ros_gz_bringup/package.xml
