[0.005s] Invoking command in '/home/jiawen/h12project_ws/build/ros_gz_bringup': CMAKE_PREFIX_PATH=/home/jiawen/h12project_ws/install/ros_gz_gazebo:/home/jiawen/h12project_ws/install/ros_gz_description:/home/jiawen/h12project_ws/install/ros_gz_bringup:/home/jiawen/h12project_ws/install/ros_gz_application:/opt/ros/humble IGN_GAZEBO_PLUGIN_PATH=/home/jiawen/h12project_ws/install/ros_gz_gazebo/lib/ros_gz_gazebo IGN_GAZEBO_RESOURCE_PATH=/home/jiawen/h12project_ws/install/ros_gz_description/share/ros_gz_description/models:${IGN_GAZEBO_RESOURCE_PATH} /usr/bin/cmake --build /home/jiawen/h12project_ws/build/ros_gz_bringup -- -j20 -l20
[0.032s] Invoked command in '/home/jiawen/h12project_ws/build/ros_gz_bringup' returned '0': CMAKE_PREFIX_PATH=/home/jiawen/h12project_ws/install/ros_gz_gazebo:/home/jiawen/h12project_ws/install/ros_gz_description:/home/jiawen/h12project_ws/install/ros_gz_bringup:/home/jiawen/h12project_ws/install/ros_gz_application:/opt/ros/humble IGN_GAZEBO_PLUGIN_PATH=/home/jiawen/h12project_ws/install/ros_gz_gazebo/lib/ros_gz_gazebo IGN_GAZEBO_RESOURCE_PATH=/home/jiawen/h12project_ws/install/ros_gz_description/share/ros_gz_description/models:${IGN_GAZEBO_RESOURCE_PATH} /usr/bin/cmake --build /home/jiawen/h12project_ws/build/ros_gz_bringup -- -j20 -l20
[0.034s] Invoking command in '/home/jiawen/h12project_ws/build/ros_gz_bringup': CMAKE_PREFIX_PATH=/home/jiawen/h12project_ws/install/ros_gz_gazebo:/home/jiawen/h12project_ws/install/ros_gz_description:/home/jiawen/h12project_ws/install/ros_gz_bringup:/home/jiawen/h12project_ws/install/ros_gz_application:/opt/ros/humble IGN_GAZEBO_PLUGIN_PATH=/home/jiawen/h12project_ws/install/ros_gz_gazebo/lib/ros_gz_gazebo IGN_GAZEBO_RESOURCE_PATH=/home/jiawen/h12project_ws/install/ros_gz_description/share/ros_gz_description/models:${IGN_GAZEBO_RESOURCE_PATH} /usr/bin/cmake --install /home/jiawen/h12project_ws/build/ros_gz_bringup
[0.039s] -- Install configuration: ""
[0.039s] -- Up-to-date: /home/jiawen/h12project_ws/install/ros_gz_bringup/share/ros_gz_bringup/launch
[0.039s] -- Installing: /home/jiawen/h12project_ws/install/ros_gz_bringup/share/ros_gz_bringup/launch/unitree_urdf.launch.py
[0.040s] -- Up-to-date: /home/jiawen/h12project_ws/install/ros_gz_bringup/share/ros_gz_bringup/launch/diff_drive.launch.py
[0.040s] -- Up-to-date: /home/jiawen/h12project_ws/install/ros_gz_bringup/share/ros_gz_bringup/launch/rrbot_setup.launch.py
[0.040s] -- Up-to-date: /home/jiawen/h12project_ws/install/ros_gz_bringup/share/ros_gz_bringup/config
[0.040s] -- Up-to-date: /home/jiawen/h12project_ws/install/ros_gz_bringup/share/ros_gz_bringup/config/diff_drive.rviz
[0.040s] -- Up-to-date: /home/jiawen/h12project_ws/install/ros_gz_bringup/share/ros_gz_bringup/config/rrbot.rviz
[0.040s] -- Up-to-date: /home/jiawen/h12project_ws/install/ros_gz_bringup/share/ros_gz_bringup/config/ros_gz_bridge.yaml
[0.040s] -- Up-to-date: /home/jiawen/h12project_ws/install/ros_gz_bringup/share/ament_index/resource_index/package_run_dependencies/ros_gz_bringup
[0.040s] -- Up-to-date: /home/jiawen/h12project_ws/install/ros_gz_bringup/share/ament_index/resource_index/parent_prefix_path/ros_gz_bringup
[0.040s] -- Up-to-date: /home/jiawen/h12project_ws/install/ros_gz_bringup/share/ros_gz_bringup/environment/ament_prefix_path.sh
[0.040s] -- Up-to-date: /home/jiawen/h12project_ws/install/ros_gz_bringup/share/ros_gz_bringup/environment/ament_prefix_path.dsv
[0.040s] -- Up-to-date: /home/jiawen/h12project_ws/install/ros_gz_bringup/share/ros_gz_bringup/environment/path.sh
[0.040s] -- Up-to-date: /home/jiawen/h12project_ws/install/ros_gz_bringup/share/ros_gz_bringup/environment/path.dsv
[0.040s] -- Up-to-date: /home/jiawen/h12project_ws/install/ros_gz_bringup/share/ros_gz_bringup/local_setup.bash
[0.040s] -- Up-to-date: /home/jiawen/h12project_ws/install/ros_gz_bringup/share/ros_gz_bringup/local_setup.sh
[0.040s] -- Up-to-date: /home/jiawen/h12project_ws/install/ros_gz_bringup/share/ros_gz_bringup/local_setup.zsh
[0.040s] -- Up-to-date: /home/jiawen/h12project_ws/install/ros_gz_bringup/share/ros_gz_bringup/local_setup.dsv
[0.041s] -- Up-to-date: /home/jiawen/h12project_ws/install/ros_gz_bringup/share/ros_gz_bringup/package.dsv
[0.041s] -- Up-to-date: /home/jiawen/h12project_ws/install/ros_gz_bringup/share/ament_index/resource_index/packages/ros_gz_bringup
[0.041s] -- Up-to-date: /home/jiawen/h12project_ws/install/ros_gz_bringup/share/ros_gz_bringup/cmake/ros_gz_bringupConfig.cmake
[0.041s] -- Up-to-date: /home/jiawen/h12project_ws/install/ros_gz_bringup/share/ros_gz_bringup/cmake/ros_gz_bringupConfig-version.cmake
[0.041s] -- Up-to-date: /home/jiawen/h12project_ws/install/ros_gz_bringup/share/ros_gz_bringup/package.xml
[0.042s] Invoked command in '/home/jiawen/h12project_ws/build/ros_gz_bringup' returned '0': CMAKE_PREFIX_PATH=/home/jiawen/h12project_ws/install/ros_gz_gazebo:/home/jiawen/h12project_ws/install/ros_gz_description:/home/jiawen/h12project_ws/install/ros_gz_bringup:/home/jiawen/h12project_ws/install/ros_gz_application:/opt/ros/humble IGN_GAZEBO_PLUGIN_PATH=/home/jiawen/h12project_ws/install/ros_gz_gazebo/lib/ros_gz_gazebo IGN_GAZEBO_RESOURCE_PATH=/home/jiawen/h12project_ws/install/ros_gz_description/share/ros_gz_description/models:${IGN_GAZEBO_RESOURCE_PATH} /usr/bin/cmake --install /home/jiawen/h12project_ws/build/ros_gz_bringup
