[0.007s] Invoking command in '/home/jiawen/h12project_ws/build/ros_gz_application': CMAKE_PREFIX_PATH=/opt/ros/humble /usr/bin/cmake /home/jiawen/h12project_ws/src/ros_gz/ros_gz_application -DCMAKE_INSTALL_PREFIX=/home/jiawen/h12project_ws/install/ros_gz_application
[0.049s] -- The C compiler identification is GNU 11.4.0
[0.093s] -- The CXX compiler identification is GNU 11.4.0
[0.098s] -- Detecting C compiler ABI info
[0.151s] -- Detecting C compiler ABI info - done
[0.158s] -- Check for working C compiler: /usr/bin/cc - skipped
[0.158s] -- Detecting C compile features
[0.158s] -- Detecting C compile features - done
[0.161s] -- Detecting CXX compiler ABI info
[0.224s] -- Detecting CXX compiler ABI info - done
[0.231s] -- Check for working CXX compiler: /usr/bin/c++ - skipped
[0.231s] -- Detecting CXX compile features
[0.232s] -- Detecting CXX compile features - done
[0.233s] -- Found ament_cmake: 1.3.12 (/opt/ros/humble/share/ament_cmake/cmake)
[0.361s] -- Found Python3: /usr/bin/python3 (found version "3.10.12") found components: Interpreter 
[0.486s] -- Configuring done
[0.488s] -- Generating done
[0.489s] -- Build files have been written to: /home/jiawen/h12project_ws/build/ros_gz_application
[0.493s] Invoked command in '/home/jiawen/h12project_ws/build/ros_gz_application' returned '0': CMAKE_PREFIX_PATH=/opt/ros/humble /usr/bin/cmake /home/jiawen/h12project_ws/src/ros_gz/ros_gz_application -DCMAKE_INSTALL_PREFIX=/home/jiawen/h12project_ws/install/ros_gz_application
[0.495s] Invoking command in '/home/jiawen/h12project_ws/build/ros_gz_application': CMAKE_PREFIX_PATH=/opt/ros/humble /usr/bin/cmake --build /home/jiawen/h12project_ws/build/ros_gz_application -- -j20 -l20
[0.521s] Invoked command in '/home/jiawen/h12project_ws/build/ros_gz_application' returned '0': CMAKE_PREFIX_PATH=/opt/ros/humble /usr/bin/cmake --build /home/jiawen/h12project_ws/build/ros_gz_application -- -j20 -l20
[0.528s] Invoking command in '/home/jiawen/h12project_ws/build/ros_gz_application': CMAKE_PREFIX_PATH=/opt/ros/humble /usr/bin/cmake --install /home/jiawen/h12project_ws/build/ros_gz_application
[0.533s] -- Install configuration: ""
[0.533s] -- Installing: /home/jiawen/h12project_ws/install/ros_gz_application/share/ament_index/resource_index/package_run_dependencies/ros_gz_application
[0.533s] -- Installing: /home/jiawen/h12project_ws/install/ros_gz_application/share/ament_index/resource_index/parent_prefix_path/ros_gz_application
[0.534s] -- Installing: /home/jiawen/h12project_ws/install/ros_gz_application/share/ros_gz_application/environment/ament_prefix_path.sh
[0.534s] -- Installing: /home/jiawen/h12project_ws/install/ros_gz_application/share/ros_gz_application/environment/ament_prefix_path.dsv
[0.534s] -- Installing: /home/jiawen/h12project_ws/install/ros_gz_application/share/ros_gz_application/environment/path.sh
[0.534s] -- Installing: /home/jiawen/h12project_ws/install/ros_gz_application/share/ros_gz_application/environment/path.dsv
[0.534s] -- Installing: /home/jiawen/h12project_ws/install/ros_gz_application/share/ros_gz_application/local_setup.bash
[0.534s] -- Installing: /home/jiawen/h12project_ws/install/ros_gz_application/share/ros_gz_application/local_setup.sh
[0.534s] -- Installing: /home/jiawen/h12project_ws/install/ros_gz_application/share/ros_gz_application/local_setup.zsh
[0.534s] -- Installing: /home/jiawen/h12project_ws/install/ros_gz_application/share/ros_gz_application/local_setup.dsv
[0.534s] -- Installing: /home/jiawen/h12project_ws/install/ros_gz_application/share/ros_gz_application/package.dsv
[0.534s] -- Installing: /home/jiawen/h12project_ws/install/ros_gz_application/share/ament_index/resource_index/packages/ros_gz_application
[0.535s] -- Installing: /home/jiawen/h12project_ws/install/ros_gz_application/share/ros_gz_application/cmake/ros_gz_applicationConfig.cmake
[0.535s] -- Installing: /home/jiawen/h12project_ws/install/ros_gz_application/share/ros_gz_application/cmake/ros_gz_applicationConfig-version.cmake
[0.535s] -- Installing: /home/jiawen/h12project_ws/install/ros_gz_application/share/ros_gz_application/package.xml
[0.536s] Invoked command in '/home/jiawen/h12project_ws/build/ros_gz_application' returned '0': CMAKE_PREFIX_PATH=/opt/ros/humble /usr/bin/cmake --install /home/jiawen/h12project_ws/build/ros_gz_application
