[0.005s] Invoking command in '/home/jiawen/h12project_ws/build/ros_gz_gazebo': AMENT_PREFIX_PATH=/home/jiawen/h12project_ws/install/ros_gz_description:${AMENT_PREFIX_PATH} CMAKE_PREFIX_PATH=/home/jiawen/h12project_ws/install/ros_gz_description:/opt/ros/humble IGN_GAZEBO_RESOURCE_PATH=/home/jiawen/h12project_ws/install/ros_gz_description/share/ros_gz_description/models /usr/bin/cmake /home/jiawen/h12project_ws/src/ros_gz/ros_gz_gazebo -DCMAKE_INSTALL_PREFIX=/home/jiawen/h12project_ws/install/ros_gz_gazebo
[0.047s] -- The C compiler identification is GNU 11.4.0
[0.092s] -- The CXX compiler identification is GNU 11.4.0
[0.098s] -- Detecting C compiler ABI info
[0.154s] -- Detecting C compiler ABI info - done
[0.161s] -- Check for working C compiler: /usr/bin/cc - skipped
[0.161s] -- Detecting C compile features
[0.161s] -- Detecting C compile features - done
[0.164s] -- Detecting CXX compiler ABI info
[0.224s] -- Detecting CXX compiler ABI info - done
[0.231s] -- Check for working CXX compiler: /usr/bin/c++ - skipped
[0.231s] -- Detecting CXX compile features
[0.232s] -- Detecting CXX compile features - done
[0.234s] -- Found ament_cmake: 1.3.12 (/opt/ros/humble/share/ament_cmake/cmake)
[0.359s] -- Found Python3: /usr/bin/python3 (found version "3.10.12") found components: Interpreter 
[0.430s] -- Found ros_gz_description: 0.0.0 (/home/jiawen/h12project_ws/install/ros_gz_description/share/ros_gz_description/cmake)
[0.436s] -- Looking for ignition-plugin1 -- found version 1.4.0
[0.436s] -- Searching for dependencies of ignition-plugin1
[0.436s] -- Searching for <ignition-plugin1> component [register]
[0.438s] -- Looking for ignition-plugin1-register -- found version 1.4.0
[0.438s] -- Searching for dependencies of ignition-plugin1-register
[0.440s] -- Looking for ignition-common4 -- found version 4.7.0
[0.440s] -- Searching for dependencies of ignition-common4
[0.440s] -- Looking for dlfcn.h - found
[0.447s] -- Looking for libdl - found
[0.448s] -- Found DL: TRUE  
[0.452s] -- Checking for module 'uuid'
[0.461s] --   Found uuid, version 2.37.2
[0.486s] -- Found UUID: TRUE  
[0.487s] -- Searching for <ignition-common4> component [profiler]
[0.489s] -- Looking for ignition-common4-profiler -- found version 4.7.0
[0.489s] -- Searching for dependencies of ignition-common4-profiler
[0.491s] -- Looking for ignition-gazebo6 -- found version 6.16.0
[0.491s] -- Searching for dependencies of ignition-gazebo6
[0.493s] -- Looking for sdformat12 -- found version 12.7.2
[0.493s] -- Searching for dependencies of sdformat12
[0.497s] -- Checking for module 'tinyxml2'
[0.505s] --   Found tinyxml2, version 9.0.0
[0.540s] -- Looking for ignition-math6 -- found version 6.15.1
[0.541s] -- Searching for dependencies of ignition-math6
[0.543s] -- Looking for ignition-utils1 -- found version 1.5.1
[0.544s] -- Searching for dependencies of ignition-utils1
[0.545s] -- Looking for ignition-plugin1 -- found version 1.4.0
[0.545s] -- Searching for dependencies of ignition-plugin1
[0.545s] -- Searching for <ignition-plugin1> component [loader]
[0.547s] -- Looking for ignition-plugin1-loader -- found version 1.4.0
[0.547s] -- Searching for dependencies of ignition-plugin1-loader
[0.548s] -- Searching for <ignition-plugin1> component [register]
[0.550s] -- Looking for ignition-transport11 -- found version 11.4.1
[0.550s] -- Searching for dependencies of ignition-transport11
[0.681s] -- Found Protobuf: /usr/lib/x86_64-linux-gnu/libprotobuf.so (found version "3.12.4") 
[0.690s] -- Config-file not installed for ZeroMQ -- checking for pkg-config
[0.694s] -- Checking for module 'libzmq >= 4'
[0.703s] --   Found libzmq , version 4.3.4
[0.745s] -- Found ZeroMQ: TRUE (Required is at least version "4") 
[0.759s] -- Looking for ignition-utils1 -- found version 1.5.1
[0.760s] -- Searching for dependencies of ignition-utils1
[0.760s] -- Searching for <ignition-utils1> component [cli]
[0.762s] -- Looking for ignition-utils1-cli -- found version 1.5.1
[0.762s] -- Searching for dependencies of ignition-utils1-cli
[0.764s] -- Looking for ignition-msgs8 -- found version 8.7.0
[0.764s] -- Searching for dependencies of ignition-msgs8
[0.779s] -- Found Protobuf: /usr/lib/x86_64-linux-gnu/libprotobuf.so (found suitable version "3.12.4", minimum required is "3") 
[0.780s] -- Looking for ignition-math6 -- found version 6.15.1
[0.785s] -- Searching for <ignition-transport11> component [log]
[0.787s] -- Looking for ignition-transport11-log -- found version 11.4.1
[0.787s] -- Searching for dependencies of ignition-transport11-log
[0.788s] -- Searching for <ignition-transport11> component [parameters]
[0.789s] -- Looking for ignition-transport11-parameters -- found version 11.4.1
[0.790s] -- Searching for dependencies of ignition-transport11-parameters
[0.790s] -- Looking for ignition-msgs8 -- found version 8.7.0
[0.791s] -- Looking for ignition-common4 -- found version 4.7.0
[0.791s] -- Searching for dependencies of ignition-common4
[0.791s] -- Looking for dlfcn.h - found
[0.791s] -- Looking for libdl - found
[0.798s] -- Searching for <ignition-common4> component [profiler]
[0.798s] -- Searching for <ignition-common4> component [events]
[0.800s] -- Looking for ignition-common4-events -- found version 4.7.0
[0.800s] -- Searching for dependencies of ignition-common4-events
[0.800s] -- Looking for ignition-math6 -- found version 6.15.1
[0.801s] -- Searching for <ignition-common4> component [av]
[0.802s] -- Looking for ignition-common4-av -- found version 4.7.0
[0.803s] -- Searching for dependencies of ignition-common4-av
[0.806s] -- Checking for module 'libswscale'
[0.816s] --   Found libswscale, version 5.9.100
[0.855s] -- Found SWSCALE: TRUE  
[0.861s] -- Checking for module 'libavdevice >= 56.4.100'
[0.877s] --   Found libavdevice , version 58.13.100
[0.920s] -- Found AVDEVICE: TRUE (Required is at least version "56.4.100") 
[0.927s] -- Checking for module 'libavformat'
[0.943s] --   Found libavformat, version 58.76.100
[0.985s] -- Found AVFORMAT: TRUE  
[0.991s] -- Checking for module 'libavcodec'
[1.006s] --   Found libavcodec, version 58.134.100
[1.048s] -- Found AVCODEC: TRUE  
[1.055s] -- Checking for module 'libavutil'
[1.070s] --   Found libavutil, version 56.70.100
[1.111s] -- Found AVUTIL: TRUE  
[1.115s] -- Looking for ignition-fuel_tools7 -- found version 7.3.0
[1.115s] -- Searching for dependencies of ignition-fuel_tools7
[1.189s] -- Found CURL: /usr/lib/x86_64-linux-gnu/libcurl.so (found version "7.81.0")  
[1.196s] -- Checking for module 'jsoncpp'
[1.206s] --   Found jsoncpp, version 1.9.5
[1.244s] -- Found JSONCPP: TRUE  
[1.250s] -- Checking for module 'libzip'
[1.266s] --   Found libzip, version 1.7.3
[1.306s] -- Found ZIP: TRUE  
[1.306s] -- Looking for ignition-common4 -- found version 4.7.0
[1.307s] -- Looking for ignition-math6 -- found version 6.15.1
[1.308s] -- Looking for ignition-msgs8 -- found version 8.7.0
[1.311s] -- Looking for ignition-gui6 -- found version 6.8.0
[1.311s] -- Searching for dependencies of ignition-gui6
[1.333s] -- Looking for ignition-math6 -- found version 6.15.1
[1.333s] -- Looking for ignition-common4 -- found version 4.7.0
[1.333s] -- Looking for ignition-plugin1 -- found version 1.4.0
[1.333s] -- Looking for ignition-transport11 -- found version 11.4.1
[1.335s] -- Looking for ignition-rendering6 -- found version 6.6.3
[1.335s] -- Searching for dependencies of ignition-rendering6
[1.336s] -- Looking for ignition-math6 -- found version 6.15.1
[1.336s] -- Searching for dependencies of ignition-math6
[1.336s] -- Searching for <ignition-math6> component [eigen3]
[1.338s] -- Looking for ignition-math6-eigen3 -- found version 6.15.1
[1.338s] -- Searching for dependencies of ignition-math6-eigen3
[1.344s] -- Looking for ignition-common4 -- found version 4.7.0
[1.344s] -- Searching for dependencies of ignition-common4
[1.345s] -- Looking for dlfcn.h - found
[1.345s] -- Looking for libdl - found
[1.351s] -- Searching for <ignition-common4> component [graphics]
[1.353s] -- Looking for ignition-common4-graphics -- found version 4.7.0
[1.353s] -- Searching for dependencies of ignition-common4-graphics
[1.354s] -- Looking for ignition-math6 -- found version 6.15.1
[1.354s] -- Looking for ignition-utils1 -- found version 1.5.1
[1.355s] -- Searching for <ignition-common4> component [events]
[1.355s] -- Looking for ignition-plugin1 -- found version 1.4.0
[1.355s] -- Searching for dependencies of ignition-plugin1
[1.356s] -- Searching for <ignition-plugin1> component [all]
[1.357s] -- Looking for all libraries of ignition-plugin1 -- found version 1.4.0
[1.358s] -- Looking for ignition-plugin1 -- found version 1.4.0
[1.359s] -- Looking for ignition-msgs8 -- found version 8.7.0
[1.376s] -- Looking for ignition-physics5 -- found version 5.3.2
[1.376s] -- Searching for dependencies of ignition-physics5
[1.376s] -- Looking for ignition-math6 -- found version 6.15.1
[1.377s] -- Looking for ignition-plugin1 -- found version 1.4.0
[1.377s] -- Looking for ignition-utils1 -- found version 1.5.1
[1.378s] -- Searching for <ignition-physics5> component [heightmap]
[1.379s] -- Looking for ignition-physics5-heightmap -- found version 5.3.2
[1.380s] -- Searching for dependencies of ignition-physics5-heightmap
[1.380s] -- Looking for ignition-common4 -- found version 4.7.0
[1.381s] -- Searching for <ignition-physics5> component [mesh]
[1.382s] -- Looking for ignition-physics5-mesh -- found version 5.3.2
[1.382s] -- Searching for dependencies of ignition-physics5-mesh
[1.383s] -- Looking for ignition-common4 -- found version 4.7.0
[1.383s] -- Searching for <ignition-physics5> component [sdf]
[1.385s] -- Looking for ignition-physics5-sdf -- found version 5.3.2
[1.385s] -- Searching for dependencies of ignition-physics5-sdf
[1.385s] -- Looking for sdformat12 -- found version 12.7.2
[1.387s] -- Looking for ignition-sensors6 -- found version 6.8.0
[1.387s] -- Searching for dependencies of ignition-sensors6
[1.403s] -- Found Protobuf: /usr/lib/x86_64-linux-gnu/libprotobuf.so (found version "3.12.4") 
[1.403s] -- Looking for ignition-math6 -- found version 6.15.1
[1.404s] -- Looking for ignition-common4 -- found version 4.7.0
[1.404s] -- Looking for ignition-transport11 -- found version 11.4.1
[1.404s] -- Looking for ignition-rendering6 -- found version 6.6.3
[1.405s] -- Looking for ignition-msgs8 -- found version 8.7.0
[1.405s] -- Looking for sdformat12 -- found version 12.7.2
[1.405s] -- Searching for <ignition-sensors6> component [air_pressure]
[1.407s] -- Looking for ignition-sensors6-air_pressure -- found version 6.8.0
[1.407s] -- Searching for dependencies of ignition-sensors6-air_pressure
[1.408s] -- Searching for <ignition-sensors6> component [altimeter]
[1.409s] -- Looking for ignition-sensors6-altimeter -- found version 6.8.0
[1.410s] -- Searching for dependencies of ignition-sensors6-altimeter
[1.410s] -- Searching for <ignition-sensors6> component [imu]
[1.412s] -- Looking for ignition-sensors6-imu -- found version 6.8.0
[1.412s] -- Searching for dependencies of ignition-sensors6-imu
[1.412s] -- Searching for <ignition-sensors6> component [force_torque]
[1.414s] -- Looking for ignition-sensors6-force_torque -- found version 6.8.0
[1.414s] -- Searching for dependencies of ignition-sensors6-force_torque
[1.415s] -- Searching for <ignition-sensors6> component [logical_camera]
[1.416s] -- Looking for ignition-sensors6-logical_camera -- found version 6.8.0
[1.416s] -- Searching for dependencies of ignition-sensors6-logical_camera
[1.417s] -- Searching for <ignition-sensors6> component [magnetometer]
[1.418s] -- Looking for ignition-sensors6-magnetometer -- found version 6.8.0
[1.419s] -- Searching for dependencies of ignition-sensors6-magnetometer
[1.419s] -- Searching for <ignition-sensors6> component [navsat]
[1.420s] -- Looking for ignition-sensors6-navsat -- found version 6.8.0
[1.421s] -- Searching for dependencies of ignition-sensors6-navsat
[1.421s] -- Searching for <ignition-sensors6> component [rendering]
[1.423s] -- Looking for ignition-sensors6-rendering -- found version 6.8.0
[1.423s] -- Searching for dependencies of ignition-sensors6-rendering
[1.423s] -- Searching for <ignition-sensors6> component [lidar]
[1.425s] -- Looking for ignition-sensors6-lidar -- found version 6.8.0
[1.425s] -- Searching for dependencies of ignition-sensors6-lidar
[1.426s] -- Looking for ignition-sensors6 -- found version 6.8.0
[1.426s] -- Searching for <ignition-sensors6> component [gpu_lidar]
[1.428s] -- Looking for ignition-sensors6-gpu_lidar -- found version 6.8.0
[1.428s] -- Searching for dependencies of ignition-sensors6-gpu_lidar
[1.428s] -- Looking for ignition-sensors6 -- found version 6.8.0
[1.429s] -- Searching for <ignition-sensors6> component [camera]
[1.430s] -- Looking for ignition-sensors6-camera -- found version 6.8.0
[1.431s] -- Searching for dependencies of ignition-sensors6-camera
[1.431s] -- Looking for ignition-sensors6 -- found version 6.8.0
[1.431s] -- Searching for <ignition-sensors6> component [boundingbox_camera]
[1.433s] -- Looking for ignition-sensors6-boundingbox_camera -- found version 6.8.0
[1.433s] -- Searching for dependencies of ignition-sensors6-boundingbox_camera
[1.433s] -- Searching for <ignition-sensors6> component [segmentation_camera]
[1.435s] -- Looking for ignition-sensors6-segmentation_camera -- found version 6.8.0
[1.435s] -- Searching for dependencies of ignition-sensors6-segmentation_camera
[1.436s] -- Searching for <ignition-sensors6> component [depth_camera]
[1.437s] -- Looking for ignition-sensors6-depth_camera -- found version 6.8.0
[1.438s] -- Searching for dependencies of ignition-sensors6-depth_camera
[1.438s] -- Looking for ignition-sensors6 -- found version 6.8.0
[1.439s] -- Searching for <ignition-sensors6> component [rgbd_camera]
[1.440s] -- Looking for ignition-sensors6-rgbd_camera -- found version 6.8.0
[1.440s] -- Searching for dependencies of ignition-sensors6-rgbd_camera
[1.441s] -- Looking for ignition-sensors6 -- found version 6.8.0
[1.441s] -- Searching for <ignition-sensors6> component [thermal_camera]
[1.443s] -- Looking for ignition-sensors6-thermal_camera -- found version 6.8.0
[1.443s] -- Searching for dependencies of ignition-sensors6-thermal_camera
[1.443s] -- Looking for ignition-sensors6 -- found version 6.8.0
[1.444s] -- Looking for ignition-rendering6 -- found version 6.6.3
[1.444s] -- Looking for ignition-math6 -- found version 6.15.1
[1.446s] -- Looking for ignition-utils1 -- found version 1.5.1
[1.464s] -- Found ament_lint_auto: 0.12.14 (/opt/ros/humble/share/ament_lint_auto/cmake)
[1.520s] -- Configuring done
[1.530s] -- Generating done
[1.533s] -- Build files have been written to: /home/jiawen/h12project_ws/build/ros_gz_gazebo
[1.545s] Invoked command in '/home/jiawen/h12project_ws/build/ros_gz_gazebo' returned '0': AMENT_PREFIX_PATH=/home/jiawen/h12project_ws/install/ros_gz_description:${AMENT_PREFIX_PATH} CMAKE_PREFIX_PATH=/home/jiawen/h12project_ws/install/ros_gz_description:/opt/ros/humble IGN_GAZEBO_RESOURCE_PATH=/home/jiawen/h12project_ws/install/ros_gz_description/share/ros_gz_description/models /usr/bin/cmake /home/jiawen/h12project_ws/src/ros_gz/ros_gz_gazebo -DCMAKE_INSTALL_PREFIX=/home/jiawen/h12project_ws/install/ros_gz_gazebo
[1.545s] Invoking command in '/home/jiawen/h12project_ws/build/ros_gz_gazebo': AMENT_PREFIX_PATH=/home/jiawen/h12project_ws/install/ros_gz_description:${AMENT_PREFIX_PATH} CMAKE_PREFIX_PATH=/home/jiawen/h12project_ws/install/ros_gz_description:/opt/ros/humble IGN_GAZEBO_RESOURCE_PATH=/home/jiawen/h12project_ws/install/ros_gz_description/share/ros_gz_description/models /usr/bin/cmake --build /home/jiawen/h12project_ws/build/ros_gz_gazebo -- -j20 -l20
[1.581s] [ 50%] [32mBuilding CXX object CMakeFiles/BasicSystem.dir/src/BasicSystem.cc.o[0m
[1.581s] [ 50%] [32mBuilding CXX object CMakeFiles/FullSystem.dir/src/FullSystem.cc.o[0m
[4.806s] [ 75%] [32m[1mLinking CXX shared library libBasicSystem.so[0m
[4.910s] [100%] [32m[1mLinking CXX shared library libFullSystem.so[0m
[4.984s] [100%] Built target BasicSystem
[5.096s] [100%] Built target FullSystem
[5.104s] Invoked command in '/home/jiawen/h12project_ws/build/ros_gz_gazebo' returned '0': AMENT_PREFIX_PATH=/home/jiawen/h12project_ws/install/ros_gz_description:${AMENT_PREFIX_PATH} CMAKE_PREFIX_PATH=/home/jiawen/h12project_ws/install/ros_gz_description:/opt/ros/humble IGN_GAZEBO_RESOURCE_PATH=/home/jiawen/h12project_ws/install/ros_gz_description/share/ros_gz_description/models /usr/bin/cmake --build /home/jiawen/h12project_ws/build/ros_gz_gazebo -- -j20 -l20
[5.105s] Invoking command in '/home/jiawen/h12project_ws/build/ros_gz_gazebo': AMENT_PREFIX_PATH=/home/jiawen/h12project_ws/install/ros_gz_description:${AMENT_PREFIX_PATH} CMAKE_PREFIX_PATH=/home/jiawen/h12project_ws/install/ros_gz_description:/opt/ros/humble IGN_GAZEBO_RESOURCE_PATH=/home/jiawen/h12project_ws/install/ros_gz_description/share/ros_gz_description/models /usr/bin/cmake --install /home/jiawen/h12project_ws/build/ros_gz_gazebo
[5.110s] -- Install configuration: ""
[5.110s] -- Installing: /home/jiawen/h12project_ws/install/ros_gz_gazebo/lib/ros_gz_gazebo/libBasicSystem.so
[5.111s] -- Installing: /home/jiawen/h12project_ws/install/ros_gz_gazebo/lib/ros_gz_gazebo/libFullSystem.so
[5.113s] -- Installing: /home/jiawen/h12project_ws/install/ros_gz_gazebo/share/ros_gz_gazebo/worlds
[5.113s] -- Installing: /home/jiawen/h12project_ws/install/ros_gz_gazebo/share/ros_gz_gazebo/worlds/diff_drive.sdf
[5.113s] -- Installing: /home/jiawen/h12project_ws/install/ros_gz_gazebo/share/ros_gz_gazebo/worlds/unitree.world
[5.113s] -- Installing: /home/jiawen/h12project_ws/install/ros_gz_gazebo/share/ros_gz_gazebo/environment/ros_gz_gazebo.dsv
[5.113s] -- Installing: /home/jiawen/h12project_ws/install/ros_gz_gazebo/share/ros_gz_gazebo/environment/ros_gz_gazebo.sh
[5.113s] -- Installing: /home/jiawen/h12project_ws/install/ros_gz_gazebo/share/ament_index/resource_index/package_run_dependencies/ros_gz_gazebo
[5.113s] -- Installing: /home/jiawen/h12project_ws/install/ros_gz_gazebo/share/ament_index/resource_index/parent_prefix_path/ros_gz_gazebo
[5.113s] -- Installing: /home/jiawen/h12project_ws/install/ros_gz_gazebo/share/ros_gz_gazebo/environment/ament_prefix_path.sh
[5.113s] -- Installing: /home/jiawen/h12project_ws/install/ros_gz_gazebo/share/ros_gz_gazebo/environment/ament_prefix_path.dsv
[5.113s] -- Installing: /home/jiawen/h12project_ws/install/ros_gz_gazebo/share/ros_gz_gazebo/environment/path.sh
[5.114s] -- Installing: /home/jiawen/h12project_ws/install/ros_gz_gazebo/share/ros_gz_gazebo/environment/path.dsv
[5.114s] -- Installing: /home/jiawen/h12project_ws/install/ros_gz_gazebo/share/ros_gz_gazebo/local_setup.bash
[5.114s] -- Installing: /home/jiawen/h12project_ws/install/ros_gz_gazebo/share/ros_gz_gazebo/local_setup.sh
[5.114s] -- Installing: /home/jiawen/h12project_ws/install/ros_gz_gazebo/share/ros_gz_gazebo/local_setup.zsh
[5.114s] -- Installing: /home/jiawen/h12project_ws/install/ros_gz_gazebo/share/ros_gz_gazebo/local_setup.dsv
[5.114s] -- Installing: /home/jiawen/h12project_ws/install/ros_gz_gazebo/share/ros_gz_gazebo/package.dsv
[5.114s] -- Installing: /home/jiawen/h12project_ws/install/ros_gz_gazebo/share/ament_index/resource_index/packages/ros_gz_gazebo
[5.114s] -- Installing: /home/jiawen/h12project_ws/install/ros_gz_gazebo/share/ros_gz_gazebo/cmake/ros_gz_gazeboConfig.cmake
[5.114s] -- Installing: /home/jiawen/h12project_ws/install/ros_gz_gazebo/share/ros_gz_gazebo/cmake/ros_gz_gazeboConfig-version.cmake
[5.114s] -- Installing: /home/jiawen/h12project_ws/install/ros_gz_gazebo/share/ros_gz_gazebo/package.xml
[5.116s] Invoked command in '/home/jiawen/h12project_ws/build/ros_gz_gazebo' returned '0': AMENT_PREFIX_PATH=/home/jiawen/h12project_ws/install/ros_gz_description:${AMENT_PREFIX_PATH} CMAKE_PREFIX_PATH=/home/jiawen/h12project_ws/install/ros_gz_description:/opt/ros/humble IGN_GAZEBO_RESOURCE_PATH=/home/jiawen/h12project_ws/install/ros_gz_description/share/ros_gz_description/models /usr/bin/cmake --install /home/jiawen/h12project_ws/build/ros_gz_gazebo
