[0.092s] DEBUG:colcon:Command line arguments: ['/usr/bin/colcon', 'list', '-p', '--base-paths', '/home/jiawen/h12project_ws', '--log-base', '/dev/null']
[0.092s] DEBUG:colcon:Parsed command line arguments: Namespace(log_base=None, log_level=None, verb_name='list', build_base='build', ignore_user_meta=False, metas=['./colcon.meta'], base_paths=['/home/jiawen/h12project_ws', '--log-base', '/dev/null'], packages_ignore=None, packages_ignore_regex=None, paths=None, packages_up_to=None, packages_up_to_regex=None, packages_above=None, packages_above_and_dependencies=None, packages_above_depth=None, packages_select_by_dep=None, packages_skip_by_dep=None, packages_skip_up_to=None, packages_select_build_failed=False, packages_skip_build_finished=False, packages_select_test_failures=False, packages_skip_test_passed=False, packages_select=None, packages_skip=None, packages_select_regex=None, packages_skip_regex=None, packages_start=None, packages_end=None, allow_overriding=[], topological_order=False, names_only=False, paths_only=True, topological_graph=False, topological_graph_dot=False, topological_graph_density=False, topological_graph_legend=False, topological_graph_dot_cluster=False, topological_graph_dot_include_skipped=False, verb_parser=<colcon_defaults.argument_parser.defaults.DefaultArgumentsDecorator object at 0x74503bde0160>, verb_extension=<colcon_package_information.verb.list.ListVerb object at 0x74503bda78b0>, main=<bound method ListVerb.main of <colcon_package_information.verb.list.ListVerb object at 0x74503bda78b0>>)
[0.258s] Level 1:colcon.colcon_core.package_discovery:discover_packages(colcon_meta) check parameters
[0.258s] Level 1:colcon.colcon_core.package_discovery:discover_packages(recursive) check parameters
[0.258s] Level 1:colcon.colcon_core.package_discovery:discover_packages(ignore) check parameters
[0.258s] Level 1:colcon.colcon_core.package_discovery:discover_packages(path) check parameters
[0.258s] Level 1:colcon.colcon_core.package_discovery:discover_packages(recursive) discover
[0.258s] INFO:colcon.colcon_core.package_discovery:Crawling recursively for packages in '/home/jiawen/h12project_ws', '/home/jiawen/h12project_ws/--log-base', '/dev/null'
[0.258s] Level 1:colcon.colcon_core.package_identification:_identify(/home/jiawen/h12project_ws) by extensions ['ignore', 'ignore_ament_install']
[0.258s] Level 1:colcon.colcon_core.package_identification:_identify(/home/jiawen/h12project_ws) by extension 'ignore'
[0.258s] Level 1:colcon.colcon_core.package_identification:_identify(/home/jiawen/h12project_ws) by extension 'ignore_ament_install'
[0.258s] Level 1:colcon.colcon_core.package_identification:_identify(/home/jiawen/h12project_ws) by extensions ['colcon_pkg']
[0.258s] Level 1:colcon.colcon_core.package_identification:_identify(/home/jiawen/h12project_ws) by extension 'colcon_pkg'
[0.258s] Level 1:colcon.colcon_core.package_identification:_identify(/home/jiawen/h12project_ws) by extensions ['colcon_meta']
[0.259s] Level 1:colcon.colcon_core.package_identification:_identify(/home/jiawen/h12project_ws) by extension 'colcon_meta'
[0.259s] Level 1:colcon.colcon_core.package_identification:_identify(/home/jiawen/h12project_ws) by extensions ['ros']
[0.259s] Level 1:colcon.colcon_core.package_identification:_identify(/home/jiawen/h12project_ws) by extension 'ros'
[0.271s] Level 1:colcon.colcon_core.package_identification:_identify(/home/jiawen/h12project_ws) by extensions ['cmake', 'python']
[0.271s] Level 1:colcon.colcon_core.package_identification:_identify(/home/jiawen/h12project_ws) by extension 'cmake'
[0.271s] Level 1:colcon.colcon_core.package_identification:_identify(/home/jiawen/h12project_ws) by extension 'python'
[0.271s] Level 1:colcon.colcon_core.package_identification:_identify(/home/jiawen/h12project_ws) by extensions ['python_setup_py']
[0.271s] Level 1:colcon.colcon_core.package_identification:_identify(/home/jiawen/h12project_ws) by extension 'python_setup_py'
[0.271s] Level 1:colcon.colcon_core.package_identification:_identify(/home/jiawen/h12project_ws/build) by extensions ['ignore', 'ignore_ament_install']
[0.272s] Level 1:colcon.colcon_core.package_identification:_identify(/home/jiawen/h12project_ws/build) by extension 'ignore'
[0.272s] Level 1:colcon.colcon_core.package_identification:_identify(/home/jiawen/h12project_ws/build) ignored
[0.272s] Level 1:colcon.colcon_core.package_identification:_identify(/home/jiawen/h12project_ws/install) by extensions ['ignore', 'ignore_ament_install']
[0.272s] Level 1:colcon.colcon_core.package_identification:_identify(/home/jiawen/h12project_ws/install) by extension 'ignore'
[0.272s] Level 1:colcon.colcon_core.package_identification:_identify(/home/jiawen/h12project_ws/install) ignored
[0.272s] Level 1:colcon.colcon_core.package_identification:_identify(/home/jiawen/h12project_ws/log) by extensions ['ignore', 'ignore_ament_install']
[0.272s] Level 1:colcon.colcon_core.package_identification:_identify(/home/jiawen/h12project_ws/log) by extension 'ignore'
[0.272s] Level 1:colcon.colcon_core.package_identification:_identify(/home/jiawen/h12project_ws/log) ignored
[0.272s] Level 1:colcon.colcon_core.package_identification:_identify(/home/jiawen/h12project_ws/src) by extensions ['ignore', 'ignore_ament_install']
[0.272s] Level 1:colcon.colcon_core.package_identification:_identify(/home/jiawen/h12project_ws/src) by extension 'ignore'
[0.272s] Level 1:colcon.colcon_core.package_identification:_identify(/home/jiawen/h12project_ws/src) by extension 'ignore_ament_install'
[0.272s] Level 1:colcon.colcon_core.package_identification:_identify(/home/jiawen/h12project_ws/src) by extensions ['colcon_pkg']
[0.272s] Level 1:colcon.colcon_core.package_identification:_identify(/home/jiawen/h12project_ws/src) by extension 'colcon_pkg'
[0.273s] Level 1:colcon.colcon_core.package_identification:_identify(/home/jiawen/h12project_ws/src) by extensions ['colcon_meta']
[0.273s] Level 1:colcon.colcon_core.package_identification:_identify(/home/jiawen/h12project_ws/src) by extension 'colcon_meta'
[0.273s] Level 1:colcon.colcon_core.package_identification:_identify(/home/jiawen/h12project_ws/src) by extensions ['ros']
[0.273s] Level 1:colcon.colcon_core.package_identification:_identify(/home/jiawen/h12project_ws/src) by extension 'ros'
[0.273s] Level 1:colcon.colcon_core.package_identification:_identify(/home/jiawen/h12project_ws/src) by extensions ['cmake', 'python']
[0.273s] Level 1:colcon.colcon_core.package_identification:_identify(/home/jiawen/h12project_ws/src) by extension 'cmake'
[0.273s] Level 1:colcon.colcon_core.package_identification:_identify(/home/jiawen/h12project_ws/src) by extension 'python'
[0.273s] Level 1:colcon.colcon_core.package_identification:_identify(/home/jiawen/h12project_ws/src) by extensions ['python_setup_py']
[0.273s] Level 1:colcon.colcon_core.package_identification:_identify(/home/jiawen/h12project_ws/src) by extension 'python_setup_py'
[0.273s] Level 1:colcon.colcon_core.package_identification:_identify(/home/jiawen/h12project_ws/src/ros_gz) by extensions ['ignore', 'ignore_ament_install']
[0.273s] Level 1:colcon.colcon_core.package_identification:_identify(/home/jiawen/h12project_ws/src/ros_gz) by extension 'ignore'
[0.273s] Level 1:colcon.colcon_core.package_identification:_identify(/home/jiawen/h12project_ws/src/ros_gz) by extension 'ignore_ament_install'
[0.273s] Level 1:colcon.colcon_core.package_identification:_identify(/home/jiawen/h12project_ws/src/ros_gz) by extensions ['colcon_pkg']
[0.273s] Level 1:colcon.colcon_core.package_identification:_identify(/home/jiawen/h12project_ws/src/ros_gz) by extension 'colcon_pkg'
[0.273s] Level 1:colcon.colcon_core.package_identification:_identify(/home/jiawen/h12project_ws/src/ros_gz) by extensions ['colcon_meta']
[0.273s] Level 1:colcon.colcon_core.package_identification:_identify(/home/jiawen/h12project_ws/src/ros_gz) by extension 'colcon_meta'
[0.273s] Level 1:colcon.colcon_core.package_identification:_identify(/home/jiawen/h12project_ws/src/ros_gz) by extensions ['ros']
[0.273s] Level 1:colcon.colcon_core.package_identification:_identify(/home/jiawen/h12project_ws/src/ros_gz) by extension 'ros'
[0.273s] Level 1:colcon.colcon_core.package_identification:_identify(/home/jiawen/h12project_ws/src/ros_gz) by extensions ['cmake', 'python']
[0.274s] Level 1:colcon.colcon_core.package_identification:_identify(/home/jiawen/h12project_ws/src/ros_gz) by extension 'cmake'
[0.274s] Level 1:colcon.colcon_core.package_identification:_identify(/home/jiawen/h12project_ws/src/ros_gz) by extension 'python'
[0.274s] Level 1:colcon.colcon_core.package_identification:_identify(/home/jiawen/h12project_ws/src/ros_gz) by extensions ['python_setup_py']
[0.274s] Level 1:colcon.colcon_core.package_identification:_identify(/home/jiawen/h12project_ws/src/ros_gz) by extension 'python_setup_py'
[0.274s] Level 1:colcon.colcon_core.package_identification:_identify(/home/jiawen/h12project_ws/src/ros_gz/ros_gz_application) by extensions ['ignore', 'ignore_ament_install']
[0.274s] Level 1:colcon.colcon_core.package_identification:_identify(/home/jiawen/h12project_ws/src/ros_gz/ros_gz_application) by extension 'ignore'
[0.274s] Level 1:colcon.colcon_core.package_identification:_identify(/home/jiawen/h12project_ws/src/ros_gz/ros_gz_application) by extension 'ignore_ament_install'
[0.274s] Level 1:colcon.colcon_core.package_identification:_identify(/home/jiawen/h12project_ws/src/ros_gz/ros_gz_application) by extensions ['colcon_pkg']
[0.274s] Level 1:colcon.colcon_core.package_identification:_identify(/home/jiawen/h12project_ws/src/ros_gz/ros_gz_application) by extension 'colcon_pkg'
[0.274s] Level 1:colcon.colcon_core.package_identification:_identify(/home/jiawen/h12project_ws/src/ros_gz/ros_gz_application) by extensions ['colcon_meta']
[0.274s] Level 1:colcon.colcon_core.package_identification:_identify(/home/jiawen/h12project_ws/src/ros_gz/ros_gz_application) by extension 'colcon_meta'
[0.274s] Level 1:colcon.colcon_core.package_identification:_identify(/home/jiawen/h12project_ws/src/ros_gz/ros_gz_application) by extensions ['ros']
[0.274s] Level 1:colcon.colcon_core.package_identification:_identify(/home/jiawen/h12project_ws/src/ros_gz/ros_gz_application) by extension 'ros'
[0.277s] DEBUG:colcon.colcon_core.package_identification:Package '/home/jiawen/h12project_ws/src/ros_gz/ros_gz_application' with type 'ros.ament_cmake' and name 'ros_gz_application'
[0.277s] Level 1:colcon.colcon_core.package_identification:_identify(/home/jiawen/h12project_ws/src/ros_gz/ros_gz_bringup) by extensions ['ignore', 'ignore_ament_install']
[0.277s] Level 1:colcon.colcon_core.package_identification:_identify(/home/jiawen/h12project_ws/src/ros_gz/ros_gz_bringup) by extension 'ignore'
[0.277s] Level 1:colcon.colcon_core.package_identification:_identify(/home/jiawen/h12project_ws/src/ros_gz/ros_gz_bringup) by extension 'ignore_ament_install'
[0.277s] Level 1:colcon.colcon_core.package_identification:_identify(/home/jiawen/h12project_ws/src/ros_gz/ros_gz_bringup) by extensions ['colcon_pkg']
[0.277s] Level 1:colcon.colcon_core.package_identification:_identify(/home/jiawen/h12project_ws/src/ros_gz/ros_gz_bringup) by extension 'colcon_pkg'
[0.277s] Level 1:colcon.colcon_core.package_identification:_identify(/home/jiawen/h12project_ws/src/ros_gz/ros_gz_bringup) by extensions ['colcon_meta']
[0.277s] Level 1:colcon.colcon_core.package_identification:_identify(/home/jiawen/h12project_ws/src/ros_gz/ros_gz_bringup) by extension 'colcon_meta'
[0.277s] Level 1:colcon.colcon_core.package_identification:_identify(/home/jiawen/h12project_ws/src/ros_gz/ros_gz_bringup) by extensions ['ros']
[0.277s] Level 1:colcon.colcon_core.package_identification:_identify(/home/jiawen/h12project_ws/src/ros_gz/ros_gz_bringup) by extension 'ros'
[0.278s] DEBUG:colcon.colcon_core.package_identification:Package '/home/jiawen/h12project_ws/src/ros_gz/ros_gz_bringup' with type 'ros.ament_cmake' and name 'ros_gz_bringup'
[0.278s] Level 1:colcon.colcon_core.package_identification:_identify(/home/jiawen/h12project_ws/src/ros_gz/ros_gz_description) by extensions ['ignore', 'ignore_ament_install']
[0.278s] Level 1:colcon.colcon_core.package_identification:_identify(/home/jiawen/h12project_ws/src/ros_gz/ros_gz_description) by extension 'ignore'
[0.279s] Level 1:colcon.colcon_core.package_identification:_identify(/home/jiawen/h12project_ws/src/ros_gz/ros_gz_description) by extension 'ignore_ament_install'
[0.279s] Level 1:colcon.colcon_core.package_identification:_identify(/home/jiawen/h12project_ws/src/ros_gz/ros_gz_description) by extensions ['colcon_pkg']
[0.279s] Level 1:colcon.colcon_core.package_identification:_identify(/home/jiawen/h12project_ws/src/ros_gz/ros_gz_description) by extension 'colcon_pkg'
[0.279s] Level 1:colcon.colcon_core.package_identification:_identify(/home/jiawen/h12project_ws/src/ros_gz/ros_gz_description) by extensions ['colcon_meta']
[0.279s] Level 1:colcon.colcon_core.package_identification:_identify(/home/jiawen/h12project_ws/src/ros_gz/ros_gz_description) by extension 'colcon_meta'
[0.279s] Level 1:colcon.colcon_core.package_identification:_identify(/home/jiawen/h12project_ws/src/ros_gz/ros_gz_description) by extensions ['ros']
[0.279s] Level 1:colcon.colcon_core.package_identification:_identify(/home/jiawen/h12project_ws/src/ros_gz/ros_gz_description) by extension 'ros'
[0.279s] DEBUG:colcon.colcon_core.package_identification:Package '/home/jiawen/h12project_ws/src/ros_gz/ros_gz_description' with type 'ros.ament_cmake' and name 'ros_gz_description'
[0.279s] Level 1:colcon.colcon_core.package_identification:_identify(/home/jiawen/h12project_ws/src/ros_gz/ros_gz_gazebo) by extensions ['ignore', 'ignore_ament_install']
[0.280s] Level 1:colcon.colcon_core.package_identification:_identify(/home/jiawen/h12project_ws/src/ros_gz/ros_gz_gazebo) by extension 'ignore'
[0.280s] Level 1:colcon.colcon_core.package_identification:_identify(/home/jiawen/h12project_ws/src/ros_gz/ros_gz_gazebo) by extension 'ignore_ament_install'
[0.280s] Level 1:colcon.colcon_core.package_identification:_identify(/home/jiawen/h12project_ws/src/ros_gz/ros_gz_gazebo) by extensions ['colcon_pkg']
[0.280s] Level 1:colcon.colcon_core.package_identification:_identify(/home/jiawen/h12project_ws/src/ros_gz/ros_gz_gazebo) by extension 'colcon_pkg'
[0.280s] Level 1:colcon.colcon_core.package_identification:_identify(/home/jiawen/h12project_ws/src/ros_gz/ros_gz_gazebo) by extensions ['colcon_meta']
[0.280s] Level 1:colcon.colcon_core.package_identification:_identify(/home/jiawen/h12project_ws/src/ros_gz/ros_gz_gazebo) by extension 'colcon_meta'
[0.280s] Level 1:colcon.colcon_core.package_identification:_identify(/home/jiawen/h12project_ws/src/ros_gz/ros_gz_gazebo) by extensions ['ros']
[0.280s] Level 1:colcon.colcon_core.package_identification:_identify(/home/jiawen/h12project_ws/src/ros_gz/ros_gz_gazebo) by extension 'ros'
[0.281s] DEBUG:colcon.colcon_core.package_identification:Package '/home/jiawen/h12project_ws/src/ros_gz/ros_gz_gazebo' with type 'ros.ament_cmake' and name 'ros_gz_gazebo'
[0.281s] Level 1:colcon.colcon_core.package_discovery:discover_packages(recursive) using defaults
