[0.090s] DEBUG:colcon:Command line arguments: ['/usr/bin/colcon', 'build']
[0.090s] DEBUG:colcon:Parsed command line arguments: Namespace(log_base=None, log_level=None, verb_name='build', build_base='build', install_base='install', merge_install=False, symlink_install=False, test_result_base=None, continue_on_error=False, executor='parallel', parallel_workers=20, event_handlers=None, ignore_user_meta=False, metas=['./colcon.meta'], base_paths=['.'], packages_ignore=None, packages_ignore_regex=None, paths=None, packages_up_to=None, packages_up_to_regex=None, packages_above=None, packages_above_and_dependencies=None, packages_above_depth=None, packages_select_by_dep=None, packages_skip_by_dep=None, packages_skip_up_to=None, packages_select_build_failed=False, packages_skip_build_finished=False, packages_select_test_failures=False, packages_skip_test_passed=False, packages_select=None, packages_skip=None, packages_select_regex=None, packages_skip_regex=None, packages_start=None, packages_end=None, allow_overriding=[], cmake_args=None, cmake_target=None, cmake_target_skip_unavailable=False, cmake_clean_cache=False, cmake_clean_first=False, cmake_force_configure=False, ament_cmake_args=None, catkin_cmake_args=None, catkin_skip_building_tests=False, verb_parser=<colcon_defaults.argument_parser.defaults.DefaultArgumentsDecorator object at 0x7a097a51fb50>, verb_extension=<colcon_core.verb.build.BuildVerb object at 0x7a097a660ee0>, main=<bound method BuildVerb.main of <colcon_core.verb.build.BuildVerb object at 0x7a097a660ee0>>)
[0.207s] Level 1:colcon.colcon_core.package_discovery:discover_packages(colcon_meta) check parameters
[0.207s] Level 1:colcon.colcon_core.package_discovery:discover_packages(recursive) check parameters
[0.207s] Level 1:colcon.colcon_core.package_discovery:discover_packages(ignore) check parameters
[0.207s] Level 1:colcon.colcon_core.package_discovery:discover_packages(path) check parameters
[0.207s] Level 1:colcon.colcon_core.package_discovery:discover_packages(colcon_meta) discover
[0.207s] Level 1:colcon.colcon_core.package_discovery:discover_packages(recursive) discover
[0.207s] INFO:colcon.colcon_core.package_discovery:Crawling recursively for packages in '/home/jiawen/h12project_ws'
[0.207s] Level 1:colcon.colcon_core.package_identification:_identify(.) by extensions ['ignore', 'ignore_ament_install']
[0.207s] Level 1:colcon.colcon_core.package_identification:_identify(.) by extension 'ignore'
[0.207s] Level 1:colcon.colcon_core.package_identification:_identify(.) by extension 'ignore_ament_install'
[0.207s] Level 1:colcon.colcon_core.package_identification:_identify(.) by extensions ['colcon_pkg']
[0.207s] Level 1:colcon.colcon_core.package_identification:_identify(.) by extension 'colcon_pkg'
[0.207s] Level 1:colcon.colcon_core.package_identification:_identify(.) by extensions ['colcon_meta']
[0.207s] Level 1:colcon.colcon_core.package_identification:_identify(.) by extension 'colcon_meta'
[0.207s] Level 1:colcon.colcon_core.package_identification:_identify(.) by extensions ['ros']
[0.207s] Level 1:colcon.colcon_core.package_identification:_identify(.) by extension 'ros'
[0.213s] Level 1:colcon.colcon_core.package_identification:_identify(.) by extensions ['cmake', 'python']
[0.213s] Level 1:colcon.colcon_core.package_identification:_identify(.) by extension 'cmake'
[0.214s] Level 1:colcon.colcon_core.package_identification:_identify(.) by extension 'python'
[0.214s] Level 1:colcon.colcon_core.package_identification:_identify(.) by extensions ['python_setup_py']
[0.214s] Level 1:colcon.colcon_core.package_identification:_identify(.) by extension 'python_setup_py'
[0.214s] Level 1:colcon.colcon_core.package_identification:_identify(build) by extensions ['ignore', 'ignore_ament_install']
[0.214s] Level 1:colcon.colcon_core.package_identification:_identify(build) by extension 'ignore'
[0.214s] Level 1:colcon.colcon_core.package_identification:_identify(build) ignored
[0.214s] Level 1:colcon.colcon_core.package_identification:_identify(install) by extensions ['ignore', 'ignore_ament_install']
[0.214s] Level 1:colcon.colcon_core.package_identification:_identify(install) by extension 'ignore'
[0.214s] Level 1:colcon.colcon_core.package_identification:_identify(install) ignored
[0.214s] Level 1:colcon.colcon_core.package_identification:_identify(log) by extensions ['ignore', 'ignore_ament_install']
[0.214s] Level 1:colcon.colcon_core.package_identification:_identify(log) by extension 'ignore'
[0.214s] Level 1:colcon.colcon_core.package_identification:_identify(log) ignored
[0.214s] Level 1:colcon.colcon_core.package_identification:_identify(src) by extensions ['ignore', 'ignore_ament_install']
[0.214s] Level 1:colcon.colcon_core.package_identification:_identify(src) by extension 'ignore'
[0.214s] Level 1:colcon.colcon_core.package_identification:_identify(src) by extension 'ignore_ament_install'
[0.214s] Level 1:colcon.colcon_core.package_identification:_identify(src) by extensions ['colcon_pkg']
[0.214s] Level 1:colcon.colcon_core.package_identification:_identify(src) by extension 'colcon_pkg'
[0.214s] Level 1:colcon.colcon_core.package_identification:_identify(src) by extensions ['colcon_meta']
[0.214s] Level 1:colcon.colcon_core.package_identification:_identify(src) by extension 'colcon_meta'
[0.214s] Level 1:colcon.colcon_core.package_identification:_identify(src) by extensions ['ros']
[0.214s] Level 1:colcon.colcon_core.package_identification:_identify(src) by extension 'ros'
[0.214s] Level 1:colcon.colcon_core.package_identification:_identify(src) by extensions ['cmake', 'python']
[0.214s] Level 1:colcon.colcon_core.package_identification:_identify(src) by extension 'cmake'
[0.214s] Level 1:colcon.colcon_core.package_identification:_identify(src) by extension 'python'
[0.214s] Level 1:colcon.colcon_core.package_identification:_identify(src) by extensions ['python_setup_py']
[0.214s] Level 1:colcon.colcon_core.package_identification:_identify(src) by extension 'python_setup_py'
[0.214s] Level 1:colcon.colcon_core.package_identification:_identify(src/ros_gz) by extensions ['ignore', 'ignore_ament_install']
[0.214s] Level 1:colcon.colcon_core.package_identification:_identify(src/ros_gz) by extension 'ignore'
[0.214s] Level 1:colcon.colcon_core.package_identification:_identify(src/ros_gz) by extension 'ignore_ament_install'
[0.214s] Level 1:colcon.colcon_core.package_identification:_identify(src/ros_gz) by extensions ['colcon_pkg']
[0.214s] Level 1:colcon.colcon_core.package_identification:_identify(src/ros_gz) by extension 'colcon_pkg'
[0.214s] Level 1:colcon.colcon_core.package_identification:_identify(src/ros_gz) by extensions ['colcon_meta']
[0.214s] Level 1:colcon.colcon_core.package_identification:_identify(src/ros_gz) by extension 'colcon_meta'
[0.214s] Level 1:colcon.colcon_core.package_identification:_identify(src/ros_gz) by extensions ['ros']
[0.214s] Level 1:colcon.colcon_core.package_identification:_identify(src/ros_gz) by extension 'ros'
[0.214s] Level 1:colcon.colcon_core.package_identification:_identify(src/ros_gz) by extensions ['cmake', 'python']
[0.214s] Level 1:colcon.colcon_core.package_identification:_identify(src/ros_gz) by extension 'cmake'
[0.214s] Level 1:colcon.colcon_core.package_identification:_identify(src/ros_gz) by extension 'python'
[0.214s] Level 1:colcon.colcon_core.package_identification:_identify(src/ros_gz) by extensions ['python_setup_py']
[0.214s] Level 1:colcon.colcon_core.package_identification:_identify(src/ros_gz) by extension 'python_setup_py'
[0.214s] Level 1:colcon.colcon_core.package_identification:_identify(src/ros_gz/ros_gz_application) by extensions ['ignore', 'ignore_ament_install']
[0.214s] Level 1:colcon.colcon_core.package_identification:_identify(src/ros_gz/ros_gz_application) by extension 'ignore'
[0.215s] Level 1:colcon.colcon_core.package_identification:_identify(src/ros_gz/ros_gz_application) by extension 'ignore_ament_install'
[0.215s] Level 1:colcon.colcon_core.package_identification:_identify(src/ros_gz/ros_gz_application) by extensions ['colcon_pkg']
[0.215s] Level 1:colcon.colcon_core.package_identification:_identify(src/ros_gz/ros_gz_application) by extension 'colcon_pkg'
[0.215s] Level 1:colcon.colcon_core.package_identification:_identify(src/ros_gz/ros_gz_application) by extensions ['colcon_meta']
[0.215s] Level 1:colcon.colcon_core.package_identification:_identify(src/ros_gz/ros_gz_application) by extension 'colcon_meta'
[0.215s] Level 1:colcon.colcon_core.package_identification:_identify(src/ros_gz/ros_gz_application) by extensions ['ros']
[0.215s] Level 1:colcon.colcon_core.package_identification:_identify(src/ros_gz/ros_gz_application) by extension 'ros'
[0.216s] DEBUG:colcon.colcon_core.package_identification:Package 'src/ros_gz/ros_gz_application' with type 'ros.ament_cmake' and name 'ros_gz_application'
[0.216s] Level 1:colcon.colcon_core.package_identification:_identify(src/ros_gz/ros_gz_bringup) by extensions ['ignore', 'ignore_ament_install']
[0.216s] Level 1:colcon.colcon_core.package_identification:_identify(src/ros_gz/ros_gz_bringup) by extension 'ignore'
[0.216s] Level 1:colcon.colcon_core.package_identification:_identify(src/ros_gz/ros_gz_bringup) by extension 'ignore_ament_install'
[0.216s] Level 1:colcon.colcon_core.package_identification:_identify(src/ros_gz/ros_gz_bringup) by extensions ['colcon_pkg']
[0.216s] Level 1:colcon.colcon_core.package_identification:_identify(src/ros_gz/ros_gz_bringup) by extension 'colcon_pkg'
[0.216s] Level 1:colcon.colcon_core.package_identification:_identify(src/ros_gz/ros_gz_bringup) by extensions ['colcon_meta']
[0.216s] Level 1:colcon.colcon_core.package_identification:_identify(src/ros_gz/ros_gz_bringup) by extension 'colcon_meta'
[0.216s] Level 1:colcon.colcon_core.package_identification:_identify(src/ros_gz/ros_gz_bringup) by extensions ['ros']
[0.216s] Level 1:colcon.colcon_core.package_identification:_identify(src/ros_gz/ros_gz_bringup) by extension 'ros'
[0.217s] DEBUG:colcon.colcon_core.package_identification:Package 'src/ros_gz/ros_gz_bringup' with type 'ros.ament_cmake' and name 'ros_gz_bringup'
[0.217s] Level 1:colcon.colcon_core.package_identification:_identify(src/ros_gz/ros_gz_description) by extensions ['ignore', 'ignore_ament_install']
[0.217s] Level 1:colcon.colcon_core.package_identification:_identify(src/ros_gz/ros_gz_description) by extension 'ignore'
[0.217s] Level 1:colcon.colcon_core.package_identification:_identify(src/ros_gz/ros_gz_description) by extension 'ignore_ament_install'
[0.217s] Level 1:colcon.colcon_core.package_identification:_identify(src/ros_gz/ros_gz_description) by extensions ['colcon_pkg']
[0.217s] Level 1:colcon.colcon_core.package_identification:_identify(src/ros_gz/ros_gz_description) by extension 'colcon_pkg'
[0.217s] Level 1:colcon.colcon_core.package_identification:_identify(src/ros_gz/ros_gz_description) by extensions ['colcon_meta']
[0.217s] Level 1:colcon.colcon_core.package_identification:_identify(src/ros_gz/ros_gz_description) by extension 'colcon_meta'
[0.217s] Level 1:colcon.colcon_core.package_identification:_identify(src/ros_gz/ros_gz_description) by extensions ['ros']
[0.217s] Level 1:colcon.colcon_core.package_identification:_identify(src/ros_gz/ros_gz_description) by extension 'ros'
[0.217s] DEBUG:colcon.colcon_core.package_identification:Package 'src/ros_gz/ros_gz_description' with type 'ros.ament_cmake' and name 'ros_gz_description'
[0.217s] Level 1:colcon.colcon_core.package_identification:_identify(src/ros_gz/ros_gz_gazebo) by extensions ['ignore', 'ignore_ament_install']
[0.217s] Level 1:colcon.colcon_core.package_identification:_identify(src/ros_gz/ros_gz_gazebo) by extension 'ignore'
[0.217s] Level 1:colcon.colcon_core.package_identification:_identify(src/ros_gz/ros_gz_gazebo) by extension 'ignore_ament_install'
[0.217s] Level 1:colcon.colcon_core.package_identification:_identify(src/ros_gz/ros_gz_gazebo) by extensions ['colcon_pkg']
[0.217s] Level 1:colcon.colcon_core.package_identification:_identify(src/ros_gz/ros_gz_gazebo) by extension 'colcon_pkg'
[0.217s] Level 1:colcon.colcon_core.package_identification:_identify(src/ros_gz/ros_gz_gazebo) by extensions ['colcon_meta']
[0.217s] Level 1:colcon.colcon_core.package_identification:_identify(src/ros_gz/ros_gz_gazebo) by extension 'colcon_meta'
[0.217s] Level 1:colcon.colcon_core.package_identification:_identify(src/ros_gz/ros_gz_gazebo) by extensions ['ros']
[0.217s] Level 1:colcon.colcon_core.package_identification:_identify(src/ros_gz/ros_gz_gazebo) by extension 'ros'
[0.218s] DEBUG:colcon.colcon_core.package_identification:Package 'src/ros_gz/ros_gz_gazebo' with type 'ros.ament_cmake' and name 'ros_gz_gazebo'
[0.218s] Level 1:colcon.colcon_core.package_discovery:discover_packages(recursive) using defaults
[0.218s] Level 1:colcon.colcon_core.package_discovery:discover_packages(ignore) discover
[0.218s] Level 1:colcon.colcon_core.package_discovery:discover_packages(ignore) using defaults
[0.218s] Level 1:colcon.colcon_core.package_discovery:discover_packages(path) discover
[0.218s] Level 1:colcon.colcon_core.package_discovery:discover_packages(path) using defaults
[0.229s] Level 1:colcon.colcon_core.package_discovery:discover_packages(prefix_path) check parameters
[0.229s] Level 1:colcon.colcon_core.package_discovery:discover_packages(prefix_path) discover
[0.230s] DEBUG:colcon.colcon_installed_package_information.package_discovery:Found 4 installed packages in /home/jiawen/h12project_ws/install
[0.230s] DEBUG:colcon.colcon_installed_package_information.package_discovery:Found 290 installed packages in /opt/ros/humble
[0.236s] Level 1:colcon.colcon_core.package_discovery:discover_packages(prefix_path) using defaults
[0.254s] Level 5:colcon.colcon_core.verb:set package 'ros_gz_application' build argument 'cmake_args' from command line to 'None'
[0.254s] Level 5:colcon.colcon_core.verb:set package 'ros_gz_application' build argument 'cmake_target' from command line to 'None'
[0.254s] Level 5:colcon.colcon_core.verb:set package 'ros_gz_application' build argument 'cmake_target_skip_unavailable' from command line to 'False'
[0.254s] Level 5:colcon.colcon_core.verb:set package 'ros_gz_application' build argument 'cmake_clean_cache' from command line to 'False'
[0.254s] Level 5:colcon.colcon_core.verb:set package 'ros_gz_application' build argument 'cmake_clean_first' from command line to 'False'
[0.254s] Level 5:colcon.colcon_core.verb:set package 'ros_gz_application' build argument 'cmake_force_configure' from command line to 'False'
[0.254s] Level 5:colcon.colcon_core.verb:set package 'ros_gz_application' build argument 'ament_cmake_args' from command line to 'None'
[0.254s] Level 5:colcon.colcon_core.verb:set package 'ros_gz_application' build argument 'catkin_cmake_args' from command line to 'None'
[0.254s] Level 5:colcon.colcon_core.verb:set package 'ros_gz_application' build argument 'catkin_skip_building_tests' from command line to 'False'
[0.254s] DEBUG:colcon.colcon_core.verb:Building package 'ros_gz_application' with the following arguments: {'ament_cmake_args': None, 'build_base': '/home/jiawen/h12project_ws/build/ros_gz_application', 'catkin_cmake_args': None, 'catkin_skip_building_tests': False, 'cmake_args': None, 'cmake_clean_cache': False, 'cmake_clean_first': False, 'cmake_force_configure': False, 'cmake_target': None, 'cmake_target_skip_unavailable': False, 'install_base': '/home/jiawen/h12project_ws/install/ros_gz_application', 'merge_install': False, 'path': '/home/jiawen/h12project_ws/src/ros_gz/ros_gz_application', 'symlink_install': False, 'test_result_base': None}
[0.254s] Level 5:colcon.colcon_core.verb:set package 'ros_gz_description' build argument 'cmake_args' from command line to 'None'
[0.254s] Level 5:colcon.colcon_core.verb:set package 'ros_gz_description' build argument 'cmake_target' from command line to 'None'
[0.254s] Level 5:colcon.colcon_core.verb:set package 'ros_gz_description' build argument 'cmake_target_skip_unavailable' from command line to 'False'
[0.254s] Level 5:colcon.colcon_core.verb:set package 'ros_gz_description' build argument 'cmake_clean_cache' from command line to 'False'
[0.254s] Level 5:colcon.colcon_core.verb:set package 'ros_gz_description' build argument 'cmake_clean_first' from command line to 'False'
[0.254s] Level 5:colcon.colcon_core.verb:set package 'ros_gz_description' build argument 'cmake_force_configure' from command line to 'False'
[0.254s] Level 5:colcon.colcon_core.verb:set package 'ros_gz_description' build argument 'ament_cmake_args' from command line to 'None'
[0.254s] Level 5:colcon.colcon_core.verb:set package 'ros_gz_description' build argument 'catkin_cmake_args' from command line to 'None'
[0.254s] Level 5:colcon.colcon_core.verb:set package 'ros_gz_description' build argument 'catkin_skip_building_tests' from command line to 'False'
[0.254s] DEBUG:colcon.colcon_core.verb:Building package 'ros_gz_description' with the following arguments: {'ament_cmake_args': None, 'build_base': '/home/jiawen/h12project_ws/build/ros_gz_description', 'catkin_cmake_args': None, 'catkin_skip_building_tests': False, 'cmake_args': None, 'cmake_clean_cache': False, 'cmake_clean_first': False, 'cmake_force_configure': False, 'cmake_target': None, 'cmake_target_skip_unavailable': False, 'install_base': '/home/jiawen/h12project_ws/install/ros_gz_description', 'merge_install': False, 'path': '/home/jiawen/h12project_ws/src/ros_gz/ros_gz_description', 'symlink_install': False, 'test_result_base': None}
[0.255s] Level 5:colcon.colcon_core.verb:set package 'ros_gz_gazebo' build argument 'cmake_args' from command line to 'None'
[0.255s] Level 5:colcon.colcon_core.verb:set package 'ros_gz_gazebo' build argument 'cmake_target' from command line to 'None'
[0.255s] Level 5:colcon.colcon_core.verb:set package 'ros_gz_gazebo' build argument 'cmake_target_skip_unavailable' from command line to 'False'
[0.255s] Level 5:colcon.colcon_core.verb:set package 'ros_gz_gazebo' build argument 'cmake_clean_cache' from command line to 'False'
[0.255s] Level 5:colcon.colcon_core.verb:set package 'ros_gz_gazebo' build argument 'cmake_clean_first' from command line to 'False'
[0.255s] Level 5:colcon.colcon_core.verb:set package 'ros_gz_gazebo' build argument 'cmake_force_configure' from command line to 'False'
[0.255s] Level 5:colcon.colcon_core.verb:set package 'ros_gz_gazebo' build argument 'ament_cmake_args' from command line to 'None'
[0.255s] Level 5:colcon.colcon_core.verb:set package 'ros_gz_gazebo' build argument 'catkin_cmake_args' from command line to 'None'
[0.255s] Level 5:colcon.colcon_core.verb:set package 'ros_gz_gazebo' build argument 'catkin_skip_building_tests' from command line to 'False'
[0.255s] DEBUG:colcon.colcon_core.verb:Building package 'ros_gz_gazebo' with the following arguments: {'ament_cmake_args': None, 'build_base': '/home/jiawen/h12project_ws/build/ros_gz_gazebo', 'catkin_cmake_args': None, 'catkin_skip_building_tests': False, 'cmake_args': None, 'cmake_clean_cache': False, 'cmake_clean_first': False, 'cmake_force_configure': False, 'cmake_target': None, 'cmake_target_skip_unavailable': False, 'install_base': '/home/jiawen/h12project_ws/install/ros_gz_gazebo', 'merge_install': False, 'path': '/home/jiawen/h12project_ws/src/ros_gz/ros_gz_gazebo', 'symlink_install': False, 'test_result_base': None}
[0.255s] Level 5:colcon.colcon_core.verb:set package 'ros_gz_bringup' build argument 'cmake_args' from command line to 'None'
[0.255s] Level 5:colcon.colcon_core.verb:set package 'ros_gz_bringup' build argument 'cmake_target' from command line to 'None'
[0.255s] Level 5:colcon.colcon_core.verb:set package 'ros_gz_bringup' build argument 'cmake_target_skip_unavailable' from command line to 'False'
[0.255s] Level 5:colcon.colcon_core.verb:set package 'ros_gz_bringup' build argument 'cmake_clean_cache' from command line to 'False'
[0.255s] Level 5:colcon.colcon_core.verb:set package 'ros_gz_bringup' build argument 'cmake_clean_first' from command line to 'False'
[0.255s] Level 5:colcon.colcon_core.verb:set package 'ros_gz_bringup' build argument 'cmake_force_configure' from command line to 'False'
[0.255s] Level 5:colcon.colcon_core.verb:set package 'ros_gz_bringup' build argument 'ament_cmake_args' from command line to 'None'
[0.255s] Level 5:colcon.colcon_core.verb:set package 'ros_gz_bringup' build argument 'catkin_cmake_args' from command line to 'None'
[0.255s] Level 5:colcon.colcon_core.verb:set package 'ros_gz_bringup' build argument 'catkin_skip_building_tests' from command line to 'False'
[0.255s] DEBUG:colcon.colcon_core.verb:Building package 'ros_gz_bringup' with the following arguments: {'ament_cmake_args': None, 'build_base': '/home/jiawen/h12project_ws/build/ros_gz_bringup', 'catkin_cmake_args': None, 'catkin_skip_building_tests': False, 'cmake_args': None, 'cmake_clean_cache': False, 'cmake_clean_first': False, 'cmake_force_configure': False, 'cmake_target': None, 'cmake_target_skip_unavailable': False, 'install_base': '/home/jiawen/h12project_ws/install/ros_gz_bringup', 'merge_install': False, 'path': '/home/jiawen/h12project_ws/src/ros_gz/ros_gz_bringup', 'symlink_install': False, 'test_result_base': None}
[0.255s] INFO:colcon.colcon_core.executor:Executing jobs using 'parallel' executor
[0.256s] DEBUG:colcon.colcon_parallel_executor.executor.parallel:run_until_complete
[0.256s] INFO:colcon.colcon_ros.task.ament_cmake.build:Building ROS package in '/home/jiawen/h12project_ws/src/ros_gz/ros_gz_description' with build type 'ament_cmake'
[0.256s] INFO:colcon.colcon_cmake.task.cmake.build:Building CMake package in '/home/jiawen/h12project_ws/src/ros_gz/ros_gz_description'
[0.257s] INFO:colcon.colcon_core.plugin_system:Skipping extension 'colcon_core.shell.bat': Not used on non-Windows systems
[0.257s] INFO:colcon.colcon_core.shell:Skip shell extension 'powershell' for command environment: Not usable outside of PowerShell
[0.257s] DEBUG:colcon.colcon_core.shell:Skip shell extension 'dsv' for command environment
[0.259s] INFO:colcon.colcon_ros.task.ament_cmake.build:Building ROS package in '/home/jiawen/h12project_ws/src/ros_gz/ros_gz_application' with build type 'ament_cmake'
[0.259s] INFO:colcon.colcon_cmake.task.cmake.build:Building CMake package in '/home/jiawen/h12project_ws/src/ros_gz/ros_gz_application'
[0.259s] INFO:colcon.colcon_core.shell:Skip shell extension 'powershell' for command environment: Not usable outside of PowerShell
[0.259s] DEBUG:colcon.colcon_core.shell:Skip shell extension 'dsv' for command environment
[0.263s] DEBUG:colcon.colcon_core.event_handler.log_command:Invoking command in '/home/jiawen/h12project_ws/build/ros_gz_description': CMAKE_PREFIX_PATH=${CMAKE_PREFIX_PATH}:/opt/ros/humble /usr/bin/cmake --build /home/jiawen/h12project_ws/build/ros_gz_description -- -j20 -l20
[0.265s] DEBUG:colcon.colcon_core.event_handler.log_command:Invoking command in '/home/jiawen/h12project_ws/build/ros_gz_application': CMAKE_PREFIX_PATH=${CMAKE_PREFIX_PATH}:/opt/ros/humble /usr/bin/cmake --build /home/jiawen/h12project_ws/build/ros_gz_application -- -j20 -l20
[0.290s] DEBUG:colcon.colcon_core.event_handler.log_command:Invoked command in '/home/jiawen/h12project_ws/build/ros_gz_description' returned '0': CMAKE_PREFIX_PATH=${CMAKE_PREFIX_PATH}:/opt/ros/humble /usr/bin/cmake --build /home/jiawen/h12project_ws/build/ros_gz_description -- -j20 -l20
[0.297s] DEBUG:colcon.colcon_core.event_handler.log_command:Invoking command in '/home/jiawen/h12project_ws/build/ros_gz_description': CMAKE_PREFIX_PATH=${CMAKE_PREFIX_PATH}:/opt/ros/humble /usr/bin/cmake --install /home/jiawen/h12project_ws/build/ros_gz_description
[0.298s] DEBUG:colcon.colcon_core.event_handler.log_command:Invoked command in '/home/jiawen/h12project_ws/build/ros_gz_application' returned '0': CMAKE_PREFIX_PATH=${CMAKE_PREFIX_PATH}:/opt/ros/humble /usr/bin/cmake --build /home/jiawen/h12project_ws/build/ros_gz_application -- -j20 -l20
[0.299s] DEBUG:colcon.colcon_core.event_handler.log_command:Invoking command in '/home/jiawen/h12project_ws/build/ros_gz_application': CMAKE_PREFIX_PATH=${CMAKE_PREFIX_PATH}:/opt/ros/humble /usr/bin/cmake --install /home/jiawen/h12project_ws/build/ros_gz_application
[0.306s] Level 1:colcon.colcon_core.environment:create_environment_scripts_only(ros_gz_application)
[0.307s] DEBUG:colcon.colcon_core.event_handler.log_command:Invoked command in '/home/jiawen/h12project_ws/build/ros_gz_application' returned '0': CMAKE_PREFIX_PATH=${CMAKE_PREFIX_PATH}:/opt/ros/humble /usr/bin/cmake --install /home/jiawen/h12project_ws/build/ros_gz_application
[0.309s] Level 1:colcon.colcon_core.environment:checking '/home/jiawen/h12project_ws/install/ros_gz_application' for CMake module files
[0.310s] Level 1:colcon.colcon_core.environment:checking '/home/jiawen/h12project_ws/install/ros_gz_application' for CMake config files
[0.310s] Level 1:colcon.colcon_core.shell:create_environment_hook('ros_gz_application', 'cmake_prefix_path')
[0.310s] INFO:colcon.colcon_core.shell:Creating environment hook '/home/jiawen/h12project_ws/install/ros_gz_application/share/ros_gz_application/hook/cmake_prefix_path.ps1'
[0.311s] INFO:colcon.colcon_core.shell:Creating environment descriptor '/home/jiawen/h12project_ws/install/ros_gz_application/share/ros_gz_application/hook/cmake_prefix_path.dsv'
[0.312s] INFO:colcon.colcon_core.shell:Creating environment hook '/home/jiawen/h12project_ws/install/ros_gz_application/share/ros_gz_application/hook/cmake_prefix_path.sh'
[0.312s] Level 1:colcon.colcon_core.environment:checking '/home/jiawen/h12project_ws/install/ros_gz_application/bin'
[0.313s] Level 1:colcon.colcon_core.environment:checking '/home/jiawen/h12project_ws/install/ros_gz_application/lib/pkgconfig/ros_gz_application.pc'
[0.313s] Level 1:colcon.colcon_core.environment:checking '/home/jiawen/h12project_ws/install/ros_gz_application/lib/python3.10/site-packages'
[0.313s] Level 1:colcon.colcon_core.environment:checking '/home/jiawen/h12project_ws/install/ros_gz_application/bin'
[0.313s] INFO:colcon.colcon_core.shell:Creating package script '/home/jiawen/h12project_ws/install/ros_gz_application/share/ros_gz_application/package.ps1'
[0.314s] INFO:colcon.colcon_core.shell:Creating package descriptor '/home/jiawen/h12project_ws/install/ros_gz_application/share/ros_gz_application/package.dsv'
[0.315s] INFO:colcon.colcon_core.shell:Creating package script '/home/jiawen/h12project_ws/install/ros_gz_application/share/ros_gz_application/package.sh'
[0.316s] INFO:colcon.colcon_core.shell:Creating package script '/home/jiawen/h12project_ws/install/ros_gz_application/share/ros_gz_application/package.bash'
[0.317s] INFO:colcon.colcon_core.shell:Creating package script '/home/jiawen/h12project_ws/install/ros_gz_application/share/ros_gz_application/package.zsh'
[0.317s] Level 1:colcon.colcon_core.environment:create_file_with_runtime_dependencies(/home/jiawen/h12project_ws/install/ros_gz_application/share/colcon-core/packages/ros_gz_application)
[0.318s] Level 1:colcon.colcon_core.environment:create_environment_scripts_only(ros_gz_application)
[0.318s] Level 1:colcon.colcon_core.environment:checking '/home/jiawen/h12project_ws/install/ros_gz_application' for CMake module files
[0.319s] Level 1:colcon.colcon_core.environment:checking '/home/jiawen/h12project_ws/install/ros_gz_application' for CMake config files
[0.319s] Level 1:colcon.colcon_core.shell:create_environment_hook('ros_gz_application', 'cmake_prefix_path')
[0.319s] INFO:colcon.colcon_core.shell:Creating environment hook '/home/jiawen/h12project_ws/install/ros_gz_application/share/ros_gz_application/hook/cmake_prefix_path.ps1'
[0.320s] INFO:colcon.colcon_core.shell:Creating environment descriptor '/home/jiawen/h12project_ws/install/ros_gz_application/share/ros_gz_application/hook/cmake_prefix_path.dsv'
[0.320s] INFO:colcon.colcon_core.shell:Creating environment hook '/home/jiawen/h12project_ws/install/ros_gz_application/share/ros_gz_application/hook/cmake_prefix_path.sh'
[0.320s] Level 1:colcon.colcon_core.environment:checking '/home/jiawen/h12project_ws/install/ros_gz_application/bin'
[0.320s] Level 1:colcon.colcon_core.environment:checking '/home/jiawen/h12project_ws/install/ros_gz_application/lib/pkgconfig/ros_gz_application.pc'
[0.321s] Level 1:colcon.colcon_core.environment:checking '/home/jiawen/h12project_ws/install/ros_gz_application/lib/python3.10/site-packages'
[0.321s] Level 1:colcon.colcon_core.environment:checking '/home/jiawen/h12project_ws/install/ros_gz_application/bin'
[0.321s] INFO:colcon.colcon_core.shell:Creating package script '/home/jiawen/h12project_ws/install/ros_gz_application/share/ros_gz_application/package.ps1'
[0.322s] INFO:colcon.colcon_core.shell:Creating package descriptor '/home/jiawen/h12project_ws/install/ros_gz_application/share/ros_gz_application/package.dsv'
[0.322s] INFO:colcon.colcon_core.shell:Creating package script '/home/jiawen/h12project_ws/install/ros_gz_application/share/ros_gz_application/package.sh'
[0.323s] INFO:colcon.colcon_core.shell:Creating package script '/home/jiawen/h12project_ws/install/ros_gz_application/share/ros_gz_application/package.bash'
[0.324s] INFO:colcon.colcon_core.shell:Creating package script '/home/jiawen/h12project_ws/install/ros_gz_application/share/ros_gz_application/package.zsh'
[0.324s] Level 1:colcon.colcon_core.environment:create_file_with_runtime_dependencies(/home/jiawen/h12project_ws/install/ros_gz_application/share/colcon-core/packages/ros_gz_application)
[0.360s] Level 1:colcon.colcon_core.environment:create_environment_scripts_only(ros_gz_description)
[0.360s] DEBUG:colcon.colcon_core.event_handler.log_command:Invoked command in '/home/jiawen/h12project_ws/build/ros_gz_description' returned '0': CMAKE_PREFIX_PATH=${CMAKE_PREFIX_PATH}:/opt/ros/humble /usr/bin/cmake --install /home/jiawen/h12project_ws/build/ros_gz_description
[0.360s] Level 1:colcon.colcon_core.environment:checking '/home/jiawen/h12project_ws/install/ros_gz_description' for CMake module files
[0.361s] Level 1:colcon.colcon_core.environment:checking '/home/jiawen/h12project_ws/install/ros_gz_description' for CMake config files
[0.361s] Level 1:colcon.colcon_core.shell:create_environment_hook('ros_gz_description', 'cmake_prefix_path')
[0.361s] INFO:colcon.colcon_core.shell:Creating environment hook '/home/jiawen/h12project_ws/install/ros_gz_description/share/ros_gz_description/hook/cmake_prefix_path.ps1'
[0.361s] INFO:colcon.colcon_core.shell:Creating environment descriptor '/home/jiawen/h12project_ws/install/ros_gz_description/share/ros_gz_description/hook/cmake_prefix_path.dsv'
[0.362s] INFO:colcon.colcon_core.shell:Creating environment hook '/home/jiawen/h12project_ws/install/ros_gz_description/share/ros_gz_description/hook/cmake_prefix_path.sh'
[0.362s] Level 1:colcon.colcon_core.environment:checking '/home/jiawen/h12project_ws/install/ros_gz_description/bin'
[0.362s] Level 1:colcon.colcon_core.environment:checking '/home/jiawen/h12project_ws/install/ros_gz_description/lib/pkgconfig/ros_gz_description.pc'
[0.362s] Level 1:colcon.colcon_core.environment:checking '/home/jiawen/h12project_ws/install/ros_gz_description/lib/python3.10/site-packages'
[0.363s] Level 1:colcon.colcon_core.environment:checking '/home/jiawen/h12project_ws/install/ros_gz_description/bin'
[0.363s] INFO:colcon.colcon_core.shell:Creating package script '/home/jiawen/h12project_ws/install/ros_gz_description/share/ros_gz_description/package.ps1'
[0.363s] INFO:colcon.colcon_core.shell:Creating package descriptor '/home/jiawen/h12project_ws/install/ros_gz_description/share/ros_gz_description/package.dsv'
[0.364s] INFO:colcon.colcon_core.shell:Creating package script '/home/jiawen/h12project_ws/install/ros_gz_description/share/ros_gz_description/package.sh'
[0.364s] INFO:colcon.colcon_core.shell:Creating package script '/home/jiawen/h12project_ws/install/ros_gz_description/share/ros_gz_description/package.bash'
[0.364s] INFO:colcon.colcon_core.shell:Creating package script '/home/jiawen/h12project_ws/install/ros_gz_description/share/ros_gz_description/package.zsh'
[0.365s] Level 1:colcon.colcon_core.environment:create_file_with_runtime_dependencies(/home/jiawen/h12project_ws/install/ros_gz_description/share/colcon-core/packages/ros_gz_description)
[0.365s] Level 1:colcon.colcon_core.environment:create_environment_scripts_only(ros_gz_description)
[0.365s] Level 1:colcon.colcon_core.environment:checking '/home/jiawen/h12project_ws/install/ros_gz_description' for CMake module files
[0.366s] Level 1:colcon.colcon_core.environment:checking '/home/jiawen/h12project_ws/install/ros_gz_description' for CMake config files
[0.366s] Level 1:colcon.colcon_core.shell:create_environment_hook('ros_gz_description', 'cmake_prefix_path')
[0.366s] INFO:colcon.colcon_core.shell:Creating environment hook '/home/jiawen/h12project_ws/install/ros_gz_description/share/ros_gz_description/hook/cmake_prefix_path.ps1'
[0.366s] INFO:colcon.colcon_core.shell:Creating environment descriptor '/home/jiawen/h12project_ws/install/ros_gz_description/share/ros_gz_description/hook/cmake_prefix_path.dsv'
[0.367s] INFO:colcon.colcon_core.shell:Creating environment hook '/home/jiawen/h12project_ws/install/ros_gz_description/share/ros_gz_description/hook/cmake_prefix_path.sh'
[0.367s] Level 1:colcon.colcon_core.environment:checking '/home/jiawen/h12project_ws/install/ros_gz_description/bin'
[0.367s] Level 1:colcon.colcon_core.environment:checking '/home/jiawen/h12project_ws/install/ros_gz_description/lib/pkgconfig/ros_gz_description.pc'
[0.367s] Level 1:colcon.colcon_core.environment:checking '/home/jiawen/h12project_ws/install/ros_gz_description/lib/python3.10/site-packages'
[0.367s] Level 1:colcon.colcon_core.environment:checking '/home/jiawen/h12project_ws/install/ros_gz_description/bin'
[0.368s] INFO:colcon.colcon_core.shell:Creating package script '/home/jiawen/h12project_ws/install/ros_gz_description/share/ros_gz_description/package.ps1'
[0.368s] INFO:colcon.colcon_core.shell:Creating package descriptor '/home/jiawen/h12project_ws/install/ros_gz_description/share/ros_gz_description/package.dsv'
[0.368s] INFO:colcon.colcon_core.shell:Creating package script '/home/jiawen/h12project_ws/install/ros_gz_description/share/ros_gz_description/package.sh'
[0.369s] INFO:colcon.colcon_core.shell:Creating package script '/home/jiawen/h12project_ws/install/ros_gz_description/share/ros_gz_description/package.bash'
[0.369s] INFO:colcon.colcon_core.shell:Creating package script '/home/jiawen/h12project_ws/install/ros_gz_description/share/ros_gz_description/package.zsh'
[0.369s] Level 1:colcon.colcon_core.environment:create_file_with_runtime_dependencies(/home/jiawen/h12project_ws/install/ros_gz_description/share/colcon-core/packages/ros_gz_description)
[0.370s] INFO:colcon.colcon_ros.task.ament_cmake.build:Building ROS package in '/home/jiawen/h12project_ws/src/ros_gz/ros_gz_gazebo' with build type 'ament_cmake'
[0.370s] INFO:colcon.colcon_cmake.task.cmake.build:Building CMake package in '/home/jiawen/h12project_ws/src/ros_gz/ros_gz_gazebo'
[0.370s] INFO:colcon.colcon_core.shell:Skip shell extension 'powershell' for command environment: Not usable outside of PowerShell
[0.370s] DEBUG:colcon.colcon_core.shell:Skip shell extension 'dsv' for command environment
[0.377s] DEBUG:colcon.colcon_core.event_handler.log_command:Invoking command in '/home/jiawen/h12project_ws/build/ros_gz_gazebo': CMAKE_PREFIX_PATH=/home/jiawen/h12project_ws/install/ros_gz_description:/home/jiawen/h12project_ws/install/ros_gz_bringup:/home/jiawen/h12project_ws/install/ros_gz_gazebo:/home/jiawen/h12project_ws/install/ros_gz_application:/opt/ros/humble IGN_GAZEBO_RESOURCE_PATH=/home/jiawen/h12project_ws/install/ros_gz_description/share/ros_gz_description/models:${IGN_GAZEBO_RESOURCE_PATH} /usr/bin/cmake --build /home/jiawen/h12project_ws/build/ros_gz_gazebo -- -j20 -l20
[0.424s] DEBUG:colcon.colcon_core.event_handler.log_command:Invoked command in '/home/jiawen/h12project_ws/build/ros_gz_gazebo' returned '0': CMAKE_PREFIX_PATH=/home/jiawen/h12project_ws/install/ros_gz_description:/home/jiawen/h12project_ws/install/ros_gz_bringup:/home/jiawen/h12project_ws/install/ros_gz_gazebo:/home/jiawen/h12project_ws/install/ros_gz_application:/opt/ros/humble IGN_GAZEBO_RESOURCE_PATH=/home/jiawen/h12project_ws/install/ros_gz_description/share/ros_gz_description/models:${IGN_GAZEBO_RESOURCE_PATH} /usr/bin/cmake --build /home/jiawen/h12project_ws/build/ros_gz_gazebo -- -j20 -l20
[0.425s] DEBUG:colcon.colcon_core.event_handler.log_command:Invoking command in '/home/jiawen/h12project_ws/build/ros_gz_gazebo': CMAKE_PREFIX_PATH=/home/jiawen/h12project_ws/install/ros_gz_description:/home/jiawen/h12project_ws/install/ros_gz_bringup:/home/jiawen/h12project_ws/install/ros_gz_gazebo:/home/jiawen/h12project_ws/install/ros_gz_application:/opt/ros/humble IGN_GAZEBO_RESOURCE_PATH=/home/jiawen/h12project_ws/install/ros_gz_description/share/ros_gz_description/models:${IGN_GAZEBO_RESOURCE_PATH} /usr/bin/cmake --install /home/jiawen/h12project_ws/build/ros_gz_gazebo
[0.433s] Level 1:colcon.colcon_core.environment:create_environment_scripts_only(ros_gz_gazebo)
[0.433s] Level 1:colcon.colcon_core.environment:checking '/home/jiawen/h12project_ws/install/ros_gz_gazebo' for CMake module files
[0.433s] DEBUG:colcon.colcon_core.event_handler.log_command:Invoked command in '/home/jiawen/h12project_ws/build/ros_gz_gazebo' returned '0': CMAKE_PREFIX_PATH=/home/jiawen/h12project_ws/install/ros_gz_description:/home/jiawen/h12project_ws/install/ros_gz_bringup:/home/jiawen/h12project_ws/install/ros_gz_gazebo:/home/jiawen/h12project_ws/install/ros_gz_application:/opt/ros/humble IGN_GAZEBO_RESOURCE_PATH=/home/jiawen/h12project_ws/install/ros_gz_description/share/ros_gz_description/models:${IGN_GAZEBO_RESOURCE_PATH} /usr/bin/cmake --install /home/jiawen/h12project_ws/build/ros_gz_gazebo
[0.434s] Level 1:colcon.colcon_core.environment:checking '/home/jiawen/h12project_ws/install/ros_gz_gazebo' for CMake config files
[0.434s] Level 1:colcon.colcon_core.shell:create_environment_hook('ros_gz_gazebo', 'cmake_prefix_path')
[0.434s] INFO:colcon.colcon_core.shell:Creating environment hook '/home/jiawen/h12project_ws/install/ros_gz_gazebo/share/ros_gz_gazebo/hook/cmake_prefix_path.ps1'
[0.435s] INFO:colcon.colcon_core.shell:Creating environment descriptor '/home/jiawen/h12project_ws/install/ros_gz_gazebo/share/ros_gz_gazebo/hook/cmake_prefix_path.dsv'
[0.435s] INFO:colcon.colcon_core.shell:Creating environment hook '/home/jiawen/h12project_ws/install/ros_gz_gazebo/share/ros_gz_gazebo/hook/cmake_prefix_path.sh'
[0.435s] Level 1:colcon.colcon_core.environment:checking '/home/jiawen/h12project_ws/install/ros_gz_gazebo/lib'
[0.436s] Level 1:colcon.colcon_core.environment:checking '/home/jiawen/h12project_ws/install/ros_gz_gazebo/bin'
[0.436s] Level 1:colcon.colcon_core.environment:checking '/home/jiawen/h12project_ws/install/ros_gz_gazebo/lib/pkgconfig/ros_gz_gazebo.pc'
[0.436s] Level 1:colcon.colcon_core.environment:checking '/home/jiawen/h12project_ws/install/ros_gz_gazebo/lib/python3.10/site-packages'
[0.436s] Level 1:colcon.colcon_core.environment:checking '/home/jiawen/h12project_ws/install/ros_gz_gazebo/bin'
[0.436s] INFO:colcon.colcon_core.shell:Creating package script '/home/jiawen/h12project_ws/install/ros_gz_gazebo/share/ros_gz_gazebo/package.ps1'
[0.437s] INFO:colcon.colcon_core.shell:Creating package descriptor '/home/jiawen/h12project_ws/install/ros_gz_gazebo/share/ros_gz_gazebo/package.dsv'
[0.437s] INFO:colcon.colcon_core.shell:Creating package script '/home/jiawen/h12project_ws/install/ros_gz_gazebo/share/ros_gz_gazebo/package.sh'
[0.437s] INFO:colcon.colcon_core.shell:Creating package script '/home/jiawen/h12project_ws/install/ros_gz_gazebo/share/ros_gz_gazebo/package.bash'
[0.438s] INFO:colcon.colcon_core.shell:Creating package script '/home/jiawen/h12project_ws/install/ros_gz_gazebo/share/ros_gz_gazebo/package.zsh'
[0.438s] Level 1:colcon.colcon_core.environment:create_file_with_runtime_dependencies(/home/jiawen/h12project_ws/install/ros_gz_gazebo/share/colcon-core/packages/ros_gz_gazebo)
[0.439s] Level 1:colcon.colcon_core.environment:create_environment_scripts_only(ros_gz_gazebo)
[0.439s] Level 1:colcon.colcon_core.environment:checking '/home/jiawen/h12project_ws/install/ros_gz_gazebo' for CMake module files
[0.439s] Level 1:colcon.colcon_core.environment:checking '/home/jiawen/h12project_ws/install/ros_gz_gazebo' for CMake config files
[0.439s] Level 1:colcon.colcon_core.shell:create_environment_hook('ros_gz_gazebo', 'cmake_prefix_path')
[0.440s] INFO:colcon.colcon_core.shell:Creating environment hook '/home/jiawen/h12project_ws/install/ros_gz_gazebo/share/ros_gz_gazebo/hook/cmake_prefix_path.ps1'
[0.440s] INFO:colcon.colcon_core.shell:Creating environment descriptor '/home/jiawen/h12project_ws/install/ros_gz_gazebo/share/ros_gz_gazebo/hook/cmake_prefix_path.dsv'
[0.440s] INFO:colcon.colcon_core.shell:Creating environment hook '/home/jiawen/h12project_ws/install/ros_gz_gazebo/share/ros_gz_gazebo/hook/cmake_prefix_path.sh'
[0.441s] Level 1:colcon.colcon_core.environment:checking '/home/jiawen/h12project_ws/install/ros_gz_gazebo/lib'
[0.441s] Level 1:colcon.colcon_core.environment:checking '/home/jiawen/h12project_ws/install/ros_gz_gazebo/bin'
[0.441s] Level 1:colcon.colcon_core.environment:checking '/home/jiawen/h12project_ws/install/ros_gz_gazebo/lib/pkgconfig/ros_gz_gazebo.pc'
[0.441s] Level 1:colcon.colcon_core.environment:checking '/home/jiawen/h12project_ws/install/ros_gz_gazebo/lib/python3.10/site-packages'
[0.441s] Level 1:colcon.colcon_core.environment:checking '/home/jiawen/h12project_ws/install/ros_gz_gazebo/bin'
[0.441s] INFO:colcon.colcon_core.shell:Creating package script '/home/jiawen/h12project_ws/install/ros_gz_gazebo/share/ros_gz_gazebo/package.ps1'
[0.442s] INFO:colcon.colcon_core.shell:Creating package descriptor '/home/jiawen/h12project_ws/install/ros_gz_gazebo/share/ros_gz_gazebo/package.dsv'
[0.442s] INFO:colcon.colcon_core.shell:Creating package script '/home/jiawen/h12project_ws/install/ros_gz_gazebo/share/ros_gz_gazebo/package.sh'
[0.443s] INFO:colcon.colcon_core.shell:Creating package script '/home/jiawen/h12project_ws/install/ros_gz_gazebo/share/ros_gz_gazebo/package.bash'
[0.443s] INFO:colcon.colcon_core.shell:Creating package script '/home/jiawen/h12project_ws/install/ros_gz_gazebo/share/ros_gz_gazebo/package.zsh'
[0.443s] Level 1:colcon.colcon_core.environment:create_file_with_runtime_dependencies(/home/jiawen/h12project_ws/install/ros_gz_gazebo/share/colcon-core/packages/ros_gz_gazebo)
[0.444s] INFO:colcon.colcon_ros.task.ament_cmake.build:Building ROS package in '/home/jiawen/h12project_ws/src/ros_gz/ros_gz_bringup' with build type 'ament_cmake'
[0.444s] INFO:colcon.colcon_cmake.task.cmake.build:Building CMake package in '/home/jiawen/h12project_ws/src/ros_gz/ros_gz_bringup'
[0.444s] INFO:colcon.colcon_core.shell:Skip shell extension 'powershell' for command environment: Not usable outside of PowerShell
[0.444s] DEBUG:colcon.colcon_core.shell:Skip shell extension 'dsv' for command environment
[0.452s] DEBUG:colcon.colcon_core.event_handler.log_command:Invoking command in '/home/jiawen/h12project_ws/build/ros_gz_bringup': CMAKE_PREFIX_PATH=/home/jiawen/h12project_ws/install/ros_gz_gazebo:/home/jiawen/h12project_ws/install/ros_gz_description:/home/jiawen/h12project_ws/install/ros_gz_bringup:/home/jiawen/h12project_ws/install/ros_gz_application:/opt/ros/humble IGN_GAZEBO_PLUGIN_PATH=/home/jiawen/h12project_ws/install/ros_gz_gazebo/lib/ros_gz_gazebo IGN_GAZEBO_RESOURCE_PATH=/home/jiawen/h12project_ws/install/ros_gz_description/share/ros_gz_description/models:${IGN_GAZEBO_RESOURCE_PATH} /usr/bin/cmake --build /home/jiawen/h12project_ws/build/ros_gz_bringup -- -j20 -l20
[0.479s] DEBUG:colcon.colcon_core.event_handler.log_command:Invoked command in '/home/jiawen/h12project_ws/build/ros_gz_bringup' returned '0': CMAKE_PREFIX_PATH=/home/jiawen/h12project_ws/install/ros_gz_gazebo:/home/jiawen/h12project_ws/install/ros_gz_description:/home/jiawen/h12project_ws/install/ros_gz_bringup:/home/jiawen/h12project_ws/install/ros_gz_application:/opt/ros/humble IGN_GAZEBO_PLUGIN_PATH=/home/jiawen/h12project_ws/install/ros_gz_gazebo/lib/ros_gz_gazebo IGN_GAZEBO_RESOURCE_PATH=/home/jiawen/h12project_ws/install/ros_gz_description/share/ros_gz_description/models:${IGN_GAZEBO_RESOURCE_PATH} /usr/bin/cmake --build /home/jiawen/h12project_ws/build/ros_gz_bringup -- -j20 -l20
[0.480s] DEBUG:colcon.colcon_core.event_handler.log_command:Invoking command in '/home/jiawen/h12project_ws/build/ros_gz_bringup': CMAKE_PREFIX_PATH=/home/jiawen/h12project_ws/install/ros_gz_gazebo:/home/jiawen/h12project_ws/install/ros_gz_description:/home/jiawen/h12project_ws/install/ros_gz_bringup:/home/jiawen/h12project_ws/install/ros_gz_application:/opt/ros/humble IGN_GAZEBO_PLUGIN_PATH=/home/jiawen/h12project_ws/install/ros_gz_gazebo/lib/ros_gz_gazebo IGN_GAZEBO_RESOURCE_PATH=/home/jiawen/h12project_ws/install/ros_gz_description/share/ros_gz_description/models:${IGN_GAZEBO_RESOURCE_PATH} /usr/bin/cmake --install /home/jiawen/h12project_ws/build/ros_gz_bringup
[0.487s] Level 1:colcon.colcon_core.environment:create_environment_scripts_only(ros_gz_bringup)
[0.488s] Level 1:colcon.colcon_core.environment:checking '/home/jiawen/h12project_ws/install/ros_gz_bringup' for CMake module files
[0.488s] DEBUG:colcon.colcon_core.event_handler.log_command:Invoked command in '/home/jiawen/h12project_ws/build/ros_gz_bringup' returned '0': CMAKE_PREFIX_PATH=/home/jiawen/h12project_ws/install/ros_gz_gazebo:/home/jiawen/h12project_ws/install/ros_gz_description:/home/jiawen/h12project_ws/install/ros_gz_bringup:/home/jiawen/h12project_ws/install/ros_gz_application:/opt/ros/humble IGN_GAZEBO_PLUGIN_PATH=/home/jiawen/h12project_ws/install/ros_gz_gazebo/lib/ros_gz_gazebo IGN_GAZEBO_RESOURCE_PATH=/home/jiawen/h12project_ws/install/ros_gz_description/share/ros_gz_description/models:${IGN_GAZEBO_RESOURCE_PATH} /usr/bin/cmake --install /home/jiawen/h12project_ws/build/ros_gz_bringup
[0.488s] Level 1:colcon.colcon_core.environment:checking '/home/jiawen/h12project_ws/install/ros_gz_bringup' for CMake config files
[0.488s] Level 1:colcon.colcon_core.shell:create_environment_hook('ros_gz_bringup', 'cmake_prefix_path')
[0.489s] INFO:colcon.colcon_core.shell:Creating environment hook '/home/jiawen/h12project_ws/install/ros_gz_bringup/share/ros_gz_bringup/hook/cmake_prefix_path.ps1'
[0.489s] INFO:colcon.colcon_core.shell:Creating environment descriptor '/home/jiawen/h12project_ws/install/ros_gz_bringup/share/ros_gz_bringup/hook/cmake_prefix_path.dsv'
[0.489s] INFO:colcon.colcon_core.shell:Creating environment hook '/home/jiawen/h12project_ws/install/ros_gz_bringup/share/ros_gz_bringup/hook/cmake_prefix_path.sh'
[0.490s] Level 1:colcon.colcon_core.environment:checking '/home/jiawen/h12project_ws/install/ros_gz_bringup/bin'
[0.490s] Level 1:colcon.colcon_core.environment:checking '/home/jiawen/h12project_ws/install/ros_gz_bringup/lib/pkgconfig/ros_gz_bringup.pc'
[0.490s] Level 1:colcon.colcon_core.environment:checking '/home/jiawen/h12project_ws/install/ros_gz_bringup/lib/python3.10/site-packages'
[0.491s] Level 1:colcon.colcon_core.environment:checking '/home/jiawen/h12project_ws/install/ros_gz_bringup/bin'
[0.491s] INFO:colcon.colcon_core.shell:Creating package script '/home/jiawen/h12project_ws/install/ros_gz_bringup/share/ros_gz_bringup/package.ps1'
[0.491s] INFO:colcon.colcon_core.shell:Creating package descriptor '/home/jiawen/h12project_ws/install/ros_gz_bringup/share/ros_gz_bringup/package.dsv'
[0.492s] INFO:colcon.colcon_core.shell:Creating package script '/home/jiawen/h12project_ws/install/ros_gz_bringup/share/ros_gz_bringup/package.sh'
[0.492s] INFO:colcon.colcon_core.shell:Creating package script '/home/jiawen/h12project_ws/install/ros_gz_bringup/share/ros_gz_bringup/package.bash'
[0.493s] INFO:colcon.colcon_core.shell:Creating package script '/home/jiawen/h12project_ws/install/ros_gz_bringup/share/ros_gz_bringup/package.zsh'
[0.493s] Level 1:colcon.colcon_core.environment:create_file_with_runtime_dependencies(/home/jiawen/h12project_ws/install/ros_gz_bringup/share/colcon-core/packages/ros_gz_bringup)
[0.494s] Level 1:colcon.colcon_core.environment:create_environment_scripts_only(ros_gz_bringup)
[0.494s] Level 1:colcon.colcon_core.environment:checking '/home/jiawen/h12project_ws/install/ros_gz_bringup' for CMake module files
[0.494s] Level 1:colcon.colcon_core.environment:checking '/home/jiawen/h12project_ws/install/ros_gz_bringup' for CMake config files
[0.495s] Level 1:colcon.colcon_core.shell:create_environment_hook('ros_gz_bringup', 'cmake_prefix_path')
[0.495s] INFO:colcon.colcon_core.shell:Creating environment hook '/home/jiawen/h12project_ws/install/ros_gz_bringup/share/ros_gz_bringup/hook/cmake_prefix_path.ps1'
[0.495s] INFO:colcon.colcon_core.shell:Creating environment descriptor '/home/jiawen/h12project_ws/install/ros_gz_bringup/share/ros_gz_bringup/hook/cmake_prefix_path.dsv'
[0.495s] INFO:colcon.colcon_core.shell:Creating environment hook '/home/jiawen/h12project_ws/install/ros_gz_bringup/share/ros_gz_bringup/hook/cmake_prefix_path.sh'
[0.496s] Level 1:colcon.colcon_core.environment:checking '/home/jiawen/h12project_ws/install/ros_gz_bringup/bin'
[0.496s] Level 1:colcon.colcon_core.environment:checking '/home/jiawen/h12project_ws/install/ros_gz_bringup/lib/pkgconfig/ros_gz_bringup.pc'
[0.496s] Level 1:colcon.colcon_core.environment:checking '/home/jiawen/h12project_ws/install/ros_gz_bringup/lib/python3.10/site-packages'
[0.496s] Level 1:colcon.colcon_core.environment:checking '/home/jiawen/h12project_ws/install/ros_gz_bringup/bin'
[0.497s] INFO:colcon.colcon_core.shell:Creating package script '/home/jiawen/h12project_ws/install/ros_gz_bringup/share/ros_gz_bringup/package.ps1'
[0.497s] INFO:colcon.colcon_core.shell:Creating package descriptor '/home/jiawen/h12project_ws/install/ros_gz_bringup/share/ros_gz_bringup/package.dsv'
[0.498s] INFO:colcon.colcon_core.shell:Creating package script '/home/jiawen/h12project_ws/install/ros_gz_bringup/share/ros_gz_bringup/package.sh'
[0.498s] INFO:colcon.colcon_core.shell:Creating package script '/home/jiawen/h12project_ws/install/ros_gz_bringup/share/ros_gz_bringup/package.bash'
[0.498s] INFO:colcon.colcon_core.shell:Creating package script '/home/jiawen/h12project_ws/install/ros_gz_bringup/share/ros_gz_bringup/package.zsh'
[0.499s] Level 1:colcon.colcon_core.environment:create_file_with_runtime_dependencies(/home/jiawen/h12project_ws/install/ros_gz_bringup/share/colcon-core/packages/ros_gz_bringup)
[0.499s] DEBUG:colcon.colcon_parallel_executor.executor.parallel:closing loop
[0.499s] DEBUG:colcon.colcon_parallel_executor.executor.parallel:loop closed
[0.499s] DEBUG:colcon.colcon_parallel_executor.executor.parallel:run_until_complete finished with '0'
[0.499s] DEBUG:colcon.colcon_core.event_reactor:joining thread
[0.503s] INFO:colcon.colcon_core.plugin_system:Skipping extension 'colcon_notification.desktop_notification.terminal_notifier': Not used on non-Darwin systems
[0.503s] INFO:colcon.colcon_core.plugin_system:Skipping extension 'colcon_notification.desktop_notification.win32': Not used on non-Windows systems
[0.503s] INFO:colcon.colcon_notification.desktop_notification:Sending desktop notification using 'notify2'
[0.512s] DEBUG:colcon.colcon_core.event_reactor:joined thread
[0.513s] INFO:colcon.colcon_core.shell:Creating prefix script '/home/jiawen/h12project_ws/install/local_setup.ps1'
[0.514s] INFO:colcon.colcon_core.shell:Creating prefix util module '/home/jiawen/h12project_ws/install/_local_setup_util_ps1.py'
[0.516s] INFO:colcon.colcon_core.shell:Creating prefix chain script '/home/jiawen/h12project_ws/install/setup.ps1'
[0.517s] INFO:colcon.colcon_core.shell:Creating prefix script '/home/jiawen/h12project_ws/install/local_setup.sh'
[0.517s] INFO:colcon.colcon_core.shell:Creating prefix util module '/home/jiawen/h12project_ws/install/_local_setup_util_sh.py'
[0.518s] INFO:colcon.colcon_core.shell:Creating prefix chain script '/home/jiawen/h12project_ws/install/setup.sh'
[0.518s] INFO:colcon.colcon_core.shell:Creating prefix script '/home/jiawen/h12project_ws/install/local_setup.bash'
[0.519s] INFO:colcon.colcon_core.shell:Creating prefix chain script '/home/jiawen/h12project_ws/install/setup.bash'
[0.520s] INFO:colcon.colcon_core.shell:Creating prefix script '/home/jiawen/h12project_ws/install/local_setup.zsh'
[0.520s] INFO:colcon.colcon_core.shell:Creating prefix chain script '/home/jiawen/h12project_ws/install/setup.zsh'
