[0.089s] DEBUG:colcon:Command line arguments: ['/usr/bin/colcon', 'build']
[0.090s] DEBUG:colcon:Parsed command line arguments: Namespace(log_base=None, log_level=None, verb_name='build', build_base='build', install_base='install', merge_install=False, symlink_install=False, test_result_base=None, continue_on_error=False, executor='parallel', parallel_workers=20, event_handlers=None, ignore_user_meta=False, metas=['./colcon.meta'], base_paths=['.'], packages_ignore=None, packages_ignore_regex=None, paths=None, packages_up_to=None, packages_up_to_regex=None, packages_above=None, packages_above_and_dependencies=None, packages_above_depth=None, packages_select_by_dep=None, packages_skip_by_dep=None, packages_skip_up_to=None, packages_select_build_failed=False, packages_skip_build_finished=False, packages_select_test_failures=False, packages_skip_test_passed=False, packages_select=None, packages_skip=None, packages_select_regex=None, packages_skip_regex=None, packages_start=None, packages_end=None, allow_overriding=[], cmake_args=None, cmake_target=None, cmake_target_skip_unavailable=False, cmake_clean_cache=False, cmake_clean_first=False, cmake_force_configure=False, ament_cmake_args=None, catkin_cmake_args=None, catkin_skip_building_tests=False, verb_parser=<colcon_defaults.argument_parser.defaults.DefaultArgumentsDecorator object at 0x74d5f901fb80>, verb_extension=<colcon_core.verb.build.BuildVerb object at 0x74d5f915cf10>, main=<bound method BuildVerb.main of <colcon_core.verb.build.BuildVerb object at 0x74d5f915cf10>>)
[0.229s] Level 1:colcon.colcon_core.package_discovery:discover_packages(colcon_meta) check parameters
[0.229s] Level 1:colcon.colcon_core.package_discovery:discover_packages(recursive) check parameters
[0.229s] Level 1:colcon.colcon_core.package_discovery:discover_packages(ignore) check parameters
[0.229s] Level 1:colcon.colcon_core.package_discovery:discover_packages(path) check parameters
[0.229s] Level 1:colcon.colcon_core.package_discovery:discover_packages(colcon_meta) discover
[0.229s] Level 1:colcon.colcon_core.package_discovery:discover_packages(recursive) discover
[0.229s] INFO:colcon.colcon_core.package_discovery:Crawling recursively for packages in '/home/jiawen/h12project_ws'
[0.229s] Level 1:colcon.colcon_core.package_identification:_identify(.) by extensions ['ignore', 'ignore_ament_install']
[0.229s] Level 1:colcon.colcon_core.package_identification:_identify(.) by extension 'ignore'
[0.229s] Level 1:colcon.colcon_core.package_identification:_identify(.) by extension 'ignore_ament_install'
[0.229s] Level 1:colcon.colcon_core.package_identification:_identify(.) by extensions ['colcon_pkg']
[0.229s] Level 1:colcon.colcon_core.package_identification:_identify(.) by extension 'colcon_pkg'
[0.229s] Level 1:colcon.colcon_core.package_identification:_identify(.) by extensions ['colcon_meta']
[0.229s] Level 1:colcon.colcon_core.package_identification:_identify(.) by extension 'colcon_meta'
[0.229s] Level 1:colcon.colcon_core.package_identification:_identify(.) by extensions ['ros']
[0.229s] Level 1:colcon.colcon_core.package_identification:_identify(.) by extension 'ros'
[0.239s] Level 1:colcon.colcon_core.package_identification:_identify(.) by extensions ['cmake', 'python']
[0.239s] Level 1:colcon.colcon_core.package_identification:_identify(.) by extension 'cmake'
[0.239s] Level 1:colcon.colcon_core.package_identification:_identify(.) by extension 'python'
[0.240s] Level 1:colcon.colcon_core.package_identification:_identify(.) by extensions ['python_setup_py']
[0.240s] Level 1:colcon.colcon_core.package_identification:_identify(.) by extension 'python_setup_py'
[0.240s] Level 1:colcon.colcon_core.package_identification:_identify(build) by extensions ['ignore', 'ignore_ament_install']
[0.240s] Level 1:colcon.colcon_core.package_identification:_identify(build) by extension 'ignore'
[0.240s] Level 1:colcon.colcon_core.package_identification:_identify(build) ignored
[0.240s] Level 1:colcon.colcon_core.package_identification:_identify(install) by extensions ['ignore', 'ignore_ament_install']
[0.240s] Level 1:colcon.colcon_core.package_identification:_identify(install) by extension 'ignore'
[0.240s] Level 1:colcon.colcon_core.package_identification:_identify(install) ignored
[0.240s] Level 1:colcon.colcon_core.package_identification:_identify(log) by extensions ['ignore', 'ignore_ament_install']
[0.240s] Level 1:colcon.colcon_core.package_identification:_identify(log) by extension 'ignore'
[0.240s] Level 1:colcon.colcon_core.package_identification:_identify(log) ignored
[0.240s] Level 1:colcon.colcon_core.package_identification:_identify(src) by extensions ['ignore', 'ignore_ament_install']
[0.240s] Level 1:colcon.colcon_core.package_identification:_identify(src) by extension 'ignore'
[0.240s] Level 1:colcon.colcon_core.package_identification:_identify(src) by extension 'ignore_ament_install'
[0.240s] Level 1:colcon.colcon_core.package_identification:_identify(src) by extensions ['colcon_pkg']
[0.240s] Level 1:colcon.colcon_core.package_identification:_identify(src) by extension 'colcon_pkg'
[0.240s] Level 1:colcon.colcon_core.package_identification:_identify(src) by extensions ['colcon_meta']
[0.240s] Level 1:colcon.colcon_core.package_identification:_identify(src) by extension 'colcon_meta'
[0.241s] Level 1:colcon.colcon_core.package_identification:_identify(src) by extensions ['ros']
[0.241s] Level 1:colcon.colcon_core.package_identification:_identify(src) by extension 'ros'
[0.241s] Level 1:colcon.colcon_core.package_identification:_identify(src) by extensions ['cmake', 'python']
[0.241s] Level 1:colcon.colcon_core.package_identification:_identify(src) by extension 'cmake'
[0.241s] Level 1:colcon.colcon_core.package_identification:_identify(src) by extension 'python'
[0.241s] Level 1:colcon.colcon_core.package_identification:_identify(src) by extensions ['python_setup_py']
[0.241s] Level 1:colcon.colcon_core.package_identification:_identify(src) by extension 'python_setup_py'
[0.241s] Level 1:colcon.colcon_core.package_identification:_identify(src/ros_gz) by extensions ['ignore', 'ignore_ament_install']
[0.241s] Level 1:colcon.colcon_core.package_identification:_identify(src/ros_gz) by extension 'ignore'
[0.241s] Level 1:colcon.colcon_core.package_identification:_identify(src/ros_gz) by extension 'ignore_ament_install'
[0.241s] Level 1:colcon.colcon_core.package_identification:_identify(src/ros_gz) by extensions ['colcon_pkg']
[0.241s] Level 1:colcon.colcon_core.package_identification:_identify(src/ros_gz) by extension 'colcon_pkg'
[0.241s] Level 1:colcon.colcon_core.package_identification:_identify(src/ros_gz) by extensions ['colcon_meta']
[0.241s] Level 1:colcon.colcon_core.package_identification:_identify(src/ros_gz) by extension 'colcon_meta'
[0.241s] Level 1:colcon.colcon_core.package_identification:_identify(src/ros_gz) by extensions ['ros']
[0.241s] Level 1:colcon.colcon_core.package_identification:_identify(src/ros_gz) by extension 'ros'
[0.241s] Level 1:colcon.colcon_core.package_identification:_identify(src/ros_gz) by extensions ['cmake', 'python']
[0.241s] Level 1:colcon.colcon_core.package_identification:_identify(src/ros_gz) by extension 'cmake'
[0.241s] Level 1:colcon.colcon_core.package_identification:_identify(src/ros_gz) by extension 'python'
[0.241s] Level 1:colcon.colcon_core.package_identification:_identify(src/ros_gz) by extensions ['python_setup_py']
[0.241s] Level 1:colcon.colcon_core.package_identification:_identify(src/ros_gz) by extension 'python_setup_py'
[0.241s] Level 1:colcon.colcon_core.package_identification:_identify(src/ros_gz/ros_gz_application) by extensions ['ignore', 'ignore_ament_install']
[0.241s] Level 1:colcon.colcon_core.package_identification:_identify(src/ros_gz/ros_gz_application) by extension 'ignore'
[0.242s] Level 1:colcon.colcon_core.package_identification:_identify(src/ros_gz/ros_gz_application) by extension 'ignore_ament_install'
[0.242s] Level 1:colcon.colcon_core.package_identification:_identify(src/ros_gz/ros_gz_application) by extensions ['colcon_pkg']
[0.242s] Level 1:colcon.colcon_core.package_identification:_identify(src/ros_gz/ros_gz_application) by extension 'colcon_pkg'
[0.242s] Level 1:colcon.colcon_core.package_identification:_identify(src/ros_gz/ros_gz_application) by extensions ['colcon_meta']
[0.242s] Level 1:colcon.colcon_core.package_identification:_identify(src/ros_gz/ros_gz_application) by extension 'colcon_meta'
[0.242s] Level 1:colcon.colcon_core.package_identification:_identify(src/ros_gz/ros_gz_application) by extensions ['ros']
[0.242s] Level 1:colcon.colcon_core.package_identification:_identify(src/ros_gz/ros_gz_application) by extension 'ros'
[0.244s] DEBUG:colcon.colcon_core.package_identification:Package 'src/ros_gz/ros_gz_application' with type 'ros.ament_cmake' and name 'ros_gz_application'
[0.244s] Level 1:colcon.colcon_core.package_identification:_identify(src/ros_gz/ros_gz_bringup) by extensions ['ignore', 'ignore_ament_install']
[0.244s] Level 1:colcon.colcon_core.package_identification:_identify(src/ros_gz/ros_gz_bringup) by extension 'ignore'
[0.244s] Level 1:colcon.colcon_core.package_identification:_identify(src/ros_gz/ros_gz_bringup) by extension 'ignore_ament_install'
[0.244s] Level 1:colcon.colcon_core.package_identification:_identify(src/ros_gz/ros_gz_bringup) by extensions ['colcon_pkg']
[0.244s] Level 1:colcon.colcon_core.package_identification:_identify(src/ros_gz/ros_gz_bringup) by extension 'colcon_pkg'
[0.244s] Level 1:colcon.colcon_core.package_identification:_identify(src/ros_gz/ros_gz_bringup) by extensions ['colcon_meta']
[0.244s] Level 1:colcon.colcon_core.package_identification:_identify(src/ros_gz/ros_gz_bringup) by extension 'colcon_meta'
[0.244s] Level 1:colcon.colcon_core.package_identification:_identify(src/ros_gz/ros_gz_bringup) by extensions ['ros']
[0.244s] Level 1:colcon.colcon_core.package_identification:_identify(src/ros_gz/ros_gz_bringup) by extension 'ros'
[0.245s] DEBUG:colcon.colcon_core.package_identification:Package 'src/ros_gz/ros_gz_bringup' with type 'ros.ament_cmake' and name 'ros_gz_bringup'
[0.245s] Level 1:colcon.colcon_core.package_identification:_identify(src/ros_gz/ros_gz_description) by extensions ['ignore', 'ignore_ament_install']
[0.245s] Level 1:colcon.colcon_core.package_identification:_identify(src/ros_gz/ros_gz_description) by extension 'ignore'
[0.245s] Level 1:colcon.colcon_core.package_identification:_identify(src/ros_gz/ros_gz_description) by extension 'ignore_ament_install'
[0.245s] Level 1:colcon.colcon_core.package_identification:_identify(src/ros_gz/ros_gz_description) by extensions ['colcon_pkg']
[0.245s] Level 1:colcon.colcon_core.package_identification:_identify(src/ros_gz/ros_gz_description) by extension 'colcon_pkg'
[0.245s] Level 1:colcon.colcon_core.package_identification:_identify(src/ros_gz/ros_gz_description) by extensions ['colcon_meta']
[0.245s] Level 1:colcon.colcon_core.package_identification:_identify(src/ros_gz/ros_gz_description) by extension 'colcon_meta'
[0.245s] Level 1:colcon.colcon_core.package_identification:_identify(src/ros_gz/ros_gz_description) by extensions ['ros']
[0.245s] Level 1:colcon.colcon_core.package_identification:_identify(src/ros_gz/ros_gz_description) by extension 'ros'
[0.246s] DEBUG:colcon.colcon_core.package_identification:Package 'src/ros_gz/ros_gz_description' with type 'ros.ament_cmake' and name 'ros_gz_description'
[0.246s] Level 1:colcon.colcon_core.package_identification:_identify(src/ros_gz/ros_gz_gazebo) by extensions ['ignore', 'ignore_ament_install']
[0.246s] Level 1:colcon.colcon_core.package_identification:_identify(src/ros_gz/ros_gz_gazebo) by extension 'ignore'
[0.246s] Level 1:colcon.colcon_core.package_identification:_identify(src/ros_gz/ros_gz_gazebo) by extension 'ignore_ament_install'
[0.246s] Level 1:colcon.colcon_core.package_identification:_identify(src/ros_gz/ros_gz_gazebo) by extensions ['colcon_pkg']
[0.246s] Level 1:colcon.colcon_core.package_identification:_identify(src/ros_gz/ros_gz_gazebo) by extension 'colcon_pkg'
[0.246s] Level 1:colcon.colcon_core.package_identification:_identify(src/ros_gz/ros_gz_gazebo) by extensions ['colcon_meta']
[0.246s] Level 1:colcon.colcon_core.package_identification:_identify(src/ros_gz/ros_gz_gazebo) by extension 'colcon_meta'
[0.246s] Level 1:colcon.colcon_core.package_identification:_identify(src/ros_gz/ros_gz_gazebo) by extensions ['ros']
[0.246s] Level 1:colcon.colcon_core.package_identification:_identify(src/ros_gz/ros_gz_gazebo) by extension 'ros'
[0.247s] DEBUG:colcon.colcon_core.package_identification:Package 'src/ros_gz/ros_gz_gazebo' with type 'ros.ament_cmake' and name 'ros_gz_gazebo'
[0.247s] Level 1:colcon.colcon_core.package_discovery:discover_packages(recursive) using defaults
[0.247s] Level 1:colcon.colcon_core.package_discovery:discover_packages(ignore) discover
[0.247s] Level 1:colcon.colcon_core.package_discovery:discover_packages(ignore) using defaults
[0.247s] Level 1:colcon.colcon_core.package_discovery:discover_packages(path) discover
[0.247s] Level 1:colcon.colcon_core.package_discovery:discover_packages(path) using defaults
[0.265s] Level 1:colcon.colcon_core.package_discovery:discover_packages(prefix_path) check parameters
[0.265s] Level 1:colcon.colcon_core.package_discovery:discover_packages(prefix_path) discover
[0.267s] DEBUG:colcon.colcon_installed_package_information.package_discovery:Found 290 installed packages in /opt/ros/humble
[0.275s] Level 1:colcon.colcon_core.package_discovery:discover_packages(prefix_path) using defaults
[0.310s] Level 5:colcon.colcon_core.verb:set package 'ros_gz_application' build argument 'cmake_args' from command line to 'None'
[0.310s] Level 5:colcon.colcon_core.verb:set package 'ros_gz_application' build argument 'cmake_target' from command line to 'None'
[0.311s] Level 5:colcon.colcon_core.verb:set package 'ros_gz_application' build argument 'cmake_target_skip_unavailable' from command line to 'False'
[0.311s] Level 5:colcon.colcon_core.verb:set package 'ros_gz_application' build argument 'cmake_clean_cache' from command line to 'False'
[0.311s] Level 5:colcon.colcon_core.verb:set package 'ros_gz_application' build argument 'cmake_clean_first' from command line to 'False'
[0.311s] Level 5:colcon.colcon_core.verb:set package 'ros_gz_application' build argument 'cmake_force_configure' from command line to 'False'
[0.311s] Level 5:colcon.colcon_core.verb:set package 'ros_gz_application' build argument 'ament_cmake_args' from command line to 'None'
[0.311s] Level 5:colcon.colcon_core.verb:set package 'ros_gz_application' build argument 'catkin_cmake_args' from command line to 'None'
[0.311s] Level 5:colcon.colcon_core.verb:set package 'ros_gz_application' build argument 'catkin_skip_building_tests' from command line to 'False'
[0.311s] DEBUG:colcon.colcon_core.verb:Building package 'ros_gz_application' with the following arguments: {'ament_cmake_args': None, 'build_base': '/home/jiawen/h12project_ws/build/ros_gz_application', 'catkin_cmake_args': None, 'catkin_skip_building_tests': False, 'cmake_args': None, 'cmake_clean_cache': False, 'cmake_clean_first': False, 'cmake_force_configure': False, 'cmake_target': None, 'cmake_target_skip_unavailable': False, 'install_base': '/home/jiawen/h12project_ws/install/ros_gz_application', 'merge_install': False, 'path': '/home/jiawen/h12project_ws/src/ros_gz/ros_gz_application', 'symlink_install': False, 'test_result_base': None}
[0.311s] Level 5:colcon.colcon_core.verb:set package 'ros_gz_description' build argument 'cmake_args' from command line to 'None'
[0.311s] Level 5:colcon.colcon_core.verb:set package 'ros_gz_description' build argument 'cmake_target' from command line to 'None'
[0.311s] Level 5:colcon.colcon_core.verb:set package 'ros_gz_description' build argument 'cmake_target_skip_unavailable' from command line to 'False'
[0.311s] Level 5:colcon.colcon_core.verb:set package 'ros_gz_description' build argument 'cmake_clean_cache' from command line to 'False'
[0.311s] Level 5:colcon.colcon_core.verb:set package 'ros_gz_description' build argument 'cmake_clean_first' from command line to 'False'
[0.311s] Level 5:colcon.colcon_core.verb:set package 'ros_gz_description' build argument 'cmake_force_configure' from command line to 'False'
[0.311s] Level 5:colcon.colcon_core.verb:set package 'ros_gz_description' build argument 'ament_cmake_args' from command line to 'None'
[0.311s] Level 5:colcon.colcon_core.verb:set package 'ros_gz_description' build argument 'catkin_cmake_args' from command line to 'None'
[0.311s] Level 5:colcon.colcon_core.verb:set package 'ros_gz_description' build argument 'catkin_skip_building_tests' from command line to 'False'
[0.311s] DEBUG:colcon.colcon_core.verb:Building package 'ros_gz_description' with the following arguments: {'ament_cmake_args': None, 'build_base': '/home/jiawen/h12project_ws/build/ros_gz_description', 'catkin_cmake_args': None, 'catkin_skip_building_tests': False, 'cmake_args': None, 'cmake_clean_cache': False, 'cmake_clean_first': False, 'cmake_force_configure': False, 'cmake_target': None, 'cmake_target_skip_unavailable': False, 'install_base': '/home/jiawen/h12project_ws/install/ros_gz_description', 'merge_install': False, 'path': '/home/jiawen/h12project_ws/src/ros_gz/ros_gz_description', 'symlink_install': False, 'test_result_base': None}
[0.312s] Level 5:colcon.colcon_core.verb:set package 'ros_gz_gazebo' build argument 'cmake_args' from command line to 'None'
[0.312s] Level 5:colcon.colcon_core.verb:set package 'ros_gz_gazebo' build argument 'cmake_target' from command line to 'None'
[0.312s] Level 5:colcon.colcon_core.verb:set package 'ros_gz_gazebo' build argument 'cmake_target_skip_unavailable' from command line to 'False'
[0.312s] Level 5:colcon.colcon_core.verb:set package 'ros_gz_gazebo' build argument 'cmake_clean_cache' from command line to 'False'
[0.312s] Level 5:colcon.colcon_core.verb:set package 'ros_gz_gazebo' build argument 'cmake_clean_first' from command line to 'False'
[0.312s] Level 5:colcon.colcon_core.verb:set package 'ros_gz_gazebo' build argument 'cmake_force_configure' from command line to 'False'
[0.312s] Level 5:colcon.colcon_core.verb:set package 'ros_gz_gazebo' build argument 'ament_cmake_args' from command line to 'None'
[0.312s] Level 5:colcon.colcon_core.verb:set package 'ros_gz_gazebo' build argument 'catkin_cmake_args' from command line to 'None'
[0.312s] Level 5:colcon.colcon_core.verb:set package 'ros_gz_gazebo' build argument 'catkin_skip_building_tests' from command line to 'False'
[0.312s] DEBUG:colcon.colcon_core.verb:Building package 'ros_gz_gazebo' with the following arguments: {'ament_cmake_args': None, 'build_base': '/home/jiawen/h12project_ws/build/ros_gz_gazebo', 'catkin_cmake_args': None, 'catkin_skip_building_tests': False, 'cmake_args': None, 'cmake_clean_cache': False, 'cmake_clean_first': False, 'cmake_force_configure': False, 'cmake_target': None, 'cmake_target_skip_unavailable': False, 'install_base': '/home/jiawen/h12project_ws/install/ros_gz_gazebo', 'merge_install': False, 'path': '/home/jiawen/h12project_ws/src/ros_gz/ros_gz_gazebo', 'symlink_install': False, 'test_result_base': None}
[0.312s] Level 5:colcon.colcon_core.verb:set package 'ros_gz_bringup' build argument 'cmake_args' from command line to 'None'
[0.312s] Level 5:colcon.colcon_core.verb:set package 'ros_gz_bringup' build argument 'cmake_target' from command line to 'None'
[0.312s] Level 5:colcon.colcon_core.verb:set package 'ros_gz_bringup' build argument 'cmake_target_skip_unavailable' from command line to 'False'
[0.312s] Level 5:colcon.colcon_core.verb:set package 'ros_gz_bringup' build argument 'cmake_clean_cache' from command line to 'False'
[0.312s] Level 5:colcon.colcon_core.verb:set package 'ros_gz_bringup' build argument 'cmake_clean_first' from command line to 'False'
[0.312s] Level 5:colcon.colcon_core.verb:set package 'ros_gz_bringup' build argument 'cmake_force_configure' from command line to 'False'
[0.312s] Level 5:colcon.colcon_core.verb:set package 'ros_gz_bringup' build argument 'ament_cmake_args' from command line to 'None'
[0.312s] Level 5:colcon.colcon_core.verb:set package 'ros_gz_bringup' build argument 'catkin_cmake_args' from command line to 'None'
[0.312s] Level 5:colcon.colcon_core.verb:set package 'ros_gz_bringup' build argument 'catkin_skip_building_tests' from command line to 'False'
[0.312s] DEBUG:colcon.colcon_core.verb:Building package 'ros_gz_bringup' with the following arguments: {'ament_cmake_args': None, 'build_base': '/home/jiawen/h12project_ws/build/ros_gz_bringup', 'catkin_cmake_args': None, 'catkin_skip_building_tests': False, 'cmake_args': None, 'cmake_clean_cache': False, 'cmake_clean_first': False, 'cmake_force_configure': False, 'cmake_target': None, 'cmake_target_skip_unavailable': False, 'install_base': '/home/jiawen/h12project_ws/install/ros_gz_bringup', 'merge_install': False, 'path': '/home/jiawen/h12project_ws/src/ros_gz/ros_gz_bringup', 'symlink_install': False, 'test_result_base': None}
[0.312s] INFO:colcon.colcon_core.executor:Executing jobs using 'parallel' executor
[0.313s] DEBUG:colcon.colcon_parallel_executor.executor.parallel:run_until_complete
[0.314s] INFO:colcon.colcon_ros.task.ament_cmake.build:Building ROS package in '/home/jiawen/h12project_ws/src/ros_gz/ros_gz_description' with build type 'ament_cmake'
[0.314s] INFO:colcon.colcon_cmake.task.cmake.build:Building CMake package in '/home/jiawen/h12project_ws/src/ros_gz/ros_gz_description'
[0.315s] INFO:colcon.colcon_core.plugin_system:Skipping extension 'colcon_core.shell.bat': Not used on non-Windows systems
[0.316s] INFO:colcon.colcon_core.shell:Skip shell extension 'powershell' for command environment: Not usable outside of PowerShell
[0.316s] DEBUG:colcon.colcon_core.shell:Skip shell extension 'dsv' for command environment
[0.318s] INFO:colcon.colcon_ros.task.ament_cmake.build:Building ROS package in '/home/jiawen/h12project_ws/src/ros_gz/ros_gz_application' with build type 'ament_cmake'
[0.318s] INFO:colcon.colcon_cmake.task.cmake.build:Building CMake package in '/home/jiawen/h12project_ws/src/ros_gz/ros_gz_application'
[0.319s] INFO:colcon.colcon_core.shell:Skip shell extension 'powershell' for command environment: Not usable outside of PowerShell
[0.319s] DEBUG:colcon.colcon_core.shell:Skip shell extension 'dsv' for command environment
[0.324s] DEBUG:colcon.colcon_core.event_handler.log_command:Invoking command in '/home/jiawen/h12project_ws/build/ros_gz_description': CMAKE_PREFIX_PATH=/opt/ros/humble /usr/bin/cmake /home/jiawen/h12project_ws/src/ros_gz/ros_gz_description -DCMAKE_INSTALL_PREFIX=/home/jiawen/h12project_ws/install/ros_gz_description
[0.327s] DEBUG:colcon.colcon_core.event_handler.log_command:Invoking command in '/home/jiawen/h12project_ws/build/ros_gz_application': CMAKE_PREFIX_PATH=/opt/ros/humble /usr/bin/cmake /home/jiawen/h12project_ws/src/ros_gz/ros_gz_application -DCMAKE_INSTALL_PREFIX=/home/jiawen/h12project_ws/install/ros_gz_application
[0.812s] DEBUG:colcon.colcon_core.event_handler.log_command:Invoked command in '/home/jiawen/h12project_ws/build/ros_gz_application' returned '0': CMAKE_PREFIX_PATH=/opt/ros/humble /usr/bin/cmake /home/jiawen/h12project_ws/src/ros_gz/ros_gz_application -DCMAKE_INSTALL_PREFIX=/home/jiawen/h12project_ws/install/ros_gz_application
[0.814s] DEBUG:colcon.colcon_core.event_handler.log_command:Invoking command in '/home/jiawen/h12project_ws/build/ros_gz_application': CMAKE_PREFIX_PATH=/opt/ros/humble /usr/bin/cmake --build /home/jiawen/h12project_ws/build/ros_gz_application -- -j20 -l20
[0.815s] DEBUG:colcon.colcon_core.event_handler.log_command:Invoked command in '/home/jiawen/h12project_ws/build/ros_gz_description' returned '0': CMAKE_PREFIX_PATH=/opt/ros/humble /usr/bin/cmake /home/jiawen/h12project_ws/src/ros_gz/ros_gz_description -DCMAKE_INSTALL_PREFIX=/home/jiawen/h12project_ws/install/ros_gz_description
[0.816s] DEBUG:colcon.colcon_core.event_handler.log_command:Invoking command in '/home/jiawen/h12project_ws/build/ros_gz_description': CMAKE_PREFIX_PATH=/opt/ros/humble /usr/bin/cmake --build /home/jiawen/h12project_ws/build/ros_gz_description -- -j20 -l20
[0.840s] DEBUG:colcon.colcon_core.event_handler.log_command:Invoked command in '/home/jiawen/h12project_ws/build/ros_gz_application' returned '0': CMAKE_PREFIX_PATH=/opt/ros/humble /usr/bin/cmake --build /home/jiawen/h12project_ws/build/ros_gz_application -- -j20 -l20
[0.847s] DEBUG:colcon.colcon_core.event_handler.log_command:Invoking command in '/home/jiawen/h12project_ws/build/ros_gz_application': CMAKE_PREFIX_PATH=/opt/ros/humble /usr/bin/cmake --install /home/jiawen/h12project_ws/build/ros_gz_application
[0.848s] DEBUG:colcon.colcon_core.event_handler.log_command:Invoked command in '/home/jiawen/h12project_ws/build/ros_gz_description' returned '0': CMAKE_PREFIX_PATH=/opt/ros/humble /usr/bin/cmake --build /home/jiawen/h12project_ws/build/ros_gz_description -- -j20 -l20
[0.849s] DEBUG:colcon.colcon_core.event_handler.log_command:Invoking command in '/home/jiawen/h12project_ws/build/ros_gz_description': CMAKE_PREFIX_PATH=/opt/ros/humble /usr/bin/cmake --install /home/jiawen/h12project_ws/build/ros_gz_description
[0.855s] Level 1:colcon.colcon_core.environment:create_environment_scripts_only(ros_gz_application)
[0.855s] DEBUG:colcon.colcon_core.event_handler.log_command:Invoked command in '/home/jiawen/h12project_ws/build/ros_gz_application' returned '0': CMAKE_PREFIX_PATH=/opt/ros/humble /usr/bin/cmake --install /home/jiawen/h12project_ws/build/ros_gz_application
[0.857s] Level 1:colcon.colcon_core.environment:checking '/home/jiawen/h12project_ws/install/ros_gz_application' for CMake module files
[0.858s] Level 1:colcon.colcon_core.environment:checking '/home/jiawen/h12project_ws/install/ros_gz_application' for CMake config files
[0.858s] Level 1:colcon.colcon_core.shell:create_environment_hook('ros_gz_application', 'cmake_prefix_path')
[0.859s] INFO:colcon.colcon_core.shell:Creating environment hook '/home/jiawen/h12project_ws/install/ros_gz_application/share/ros_gz_application/hook/cmake_prefix_path.ps1'
[0.859s] INFO:colcon.colcon_core.shell:Creating environment descriptor '/home/jiawen/h12project_ws/install/ros_gz_application/share/ros_gz_application/hook/cmake_prefix_path.dsv'
[0.860s] INFO:colcon.colcon_core.shell:Creating environment hook '/home/jiawen/h12project_ws/install/ros_gz_application/share/ros_gz_application/hook/cmake_prefix_path.sh'
[0.860s] Level 1:colcon.colcon_core.environment:checking '/home/jiawen/h12project_ws/install/ros_gz_application/bin'
[0.861s] Level 1:colcon.colcon_core.environment:checking '/home/jiawen/h12project_ws/install/ros_gz_application/lib/pkgconfig/ros_gz_application.pc'
[0.861s] Level 1:colcon.colcon_core.environment:checking '/home/jiawen/h12project_ws/install/ros_gz_application/lib/python3.10/site-packages'
[0.861s] Level 1:colcon.colcon_core.environment:checking '/home/jiawen/h12project_ws/install/ros_gz_application/bin'
[0.861s] INFO:colcon.colcon_core.shell:Creating package script '/home/jiawen/h12project_ws/install/ros_gz_application/share/ros_gz_application/package.ps1'
[0.862s] INFO:colcon.colcon_core.shell:Creating package descriptor '/home/jiawen/h12project_ws/install/ros_gz_application/share/ros_gz_application/package.dsv'
[0.863s] INFO:colcon.colcon_core.shell:Creating package script '/home/jiawen/h12project_ws/install/ros_gz_application/share/ros_gz_application/package.sh'
[0.864s] INFO:colcon.colcon_core.shell:Creating package script '/home/jiawen/h12project_ws/install/ros_gz_application/share/ros_gz_application/package.bash'
[0.864s] INFO:colcon.colcon_core.shell:Creating package script '/home/jiawen/h12project_ws/install/ros_gz_application/share/ros_gz_application/package.zsh'
[0.865s] Level 1:colcon.colcon_core.environment:create_file_with_runtime_dependencies(/home/jiawen/h12project_ws/install/ros_gz_application/share/colcon-core/packages/ros_gz_application)
[0.866s] Level 1:colcon.colcon_core.environment:create_environment_scripts_only(ros_gz_application)
[0.866s] Level 1:colcon.colcon_core.environment:checking '/home/jiawen/h12project_ws/install/ros_gz_application' for CMake module files
[0.866s] Level 1:colcon.colcon_core.environment:checking '/home/jiawen/h12project_ws/install/ros_gz_application' for CMake config files
[0.866s] Level 1:colcon.colcon_core.shell:create_environment_hook('ros_gz_application', 'cmake_prefix_path')
[0.867s] INFO:colcon.colcon_core.shell:Creating environment hook '/home/jiawen/h12project_ws/install/ros_gz_application/share/ros_gz_application/hook/cmake_prefix_path.ps1'
[0.867s] INFO:colcon.colcon_core.shell:Creating environment descriptor '/home/jiawen/h12project_ws/install/ros_gz_application/share/ros_gz_application/hook/cmake_prefix_path.dsv'
[0.867s] INFO:colcon.colcon_core.shell:Creating environment hook '/home/jiawen/h12project_ws/install/ros_gz_application/share/ros_gz_application/hook/cmake_prefix_path.sh'
[0.868s] Level 1:colcon.colcon_core.environment:checking '/home/jiawen/h12project_ws/install/ros_gz_application/bin'
[0.868s] Level 1:colcon.colcon_core.environment:checking '/home/jiawen/h12project_ws/install/ros_gz_application/lib/pkgconfig/ros_gz_application.pc'
[0.868s] Level 1:colcon.colcon_core.environment:checking '/home/jiawen/h12project_ws/install/ros_gz_application/lib/python3.10/site-packages'
[0.868s] Level 1:colcon.colcon_core.environment:checking '/home/jiawen/h12project_ws/install/ros_gz_application/bin'
[0.869s] INFO:colcon.colcon_core.shell:Creating package script '/home/jiawen/h12project_ws/install/ros_gz_application/share/ros_gz_application/package.ps1'
[0.869s] INFO:colcon.colcon_core.shell:Creating package descriptor '/home/jiawen/h12project_ws/install/ros_gz_application/share/ros_gz_application/package.dsv'
[0.870s] INFO:colcon.colcon_core.shell:Creating package script '/home/jiawen/h12project_ws/install/ros_gz_application/share/ros_gz_application/package.sh'
[0.870s] INFO:colcon.colcon_core.shell:Creating package script '/home/jiawen/h12project_ws/install/ros_gz_application/share/ros_gz_application/package.bash'
[0.871s] INFO:colcon.colcon_core.shell:Creating package script '/home/jiawen/h12project_ws/install/ros_gz_application/share/ros_gz_application/package.zsh'
[0.871s] Level 1:colcon.colcon_core.environment:create_file_with_runtime_dependencies(/home/jiawen/h12project_ws/install/ros_gz_application/share/colcon-core/packages/ros_gz_application)
[0.905s] Level 1:colcon.colcon_core.environment:create_environment_scripts_only(ros_gz_description)
[0.905s] Level 1:colcon.colcon_core.environment:checking '/home/jiawen/h12project_ws/install/ros_gz_description' for CMake module files
[0.905s] DEBUG:colcon.colcon_core.event_handler.log_command:Invoked command in '/home/jiawen/h12project_ws/build/ros_gz_description' returned '0': CMAKE_PREFIX_PATH=/opt/ros/humble /usr/bin/cmake --install /home/jiawen/h12project_ws/build/ros_gz_description
[0.906s] Level 1:colcon.colcon_core.environment:checking '/home/jiawen/h12project_ws/install/ros_gz_description' for CMake config files
[0.906s] Level 1:colcon.colcon_core.shell:create_environment_hook('ros_gz_description', 'cmake_prefix_path')
[0.906s] INFO:colcon.colcon_core.shell:Creating environment hook '/home/jiawen/h12project_ws/install/ros_gz_description/share/ros_gz_description/hook/cmake_prefix_path.ps1'
[0.907s] INFO:colcon.colcon_core.shell:Creating environment descriptor '/home/jiawen/h12project_ws/install/ros_gz_description/share/ros_gz_description/hook/cmake_prefix_path.dsv'
[0.907s] INFO:colcon.colcon_core.shell:Creating environment hook '/home/jiawen/h12project_ws/install/ros_gz_description/share/ros_gz_description/hook/cmake_prefix_path.sh'
[0.907s] Level 1:colcon.colcon_core.environment:checking '/home/jiawen/h12project_ws/install/ros_gz_description/bin'
[0.907s] Level 1:colcon.colcon_core.environment:checking '/home/jiawen/h12project_ws/install/ros_gz_description/lib/pkgconfig/ros_gz_description.pc'
[0.908s] Level 1:colcon.colcon_core.environment:checking '/home/jiawen/h12project_ws/install/ros_gz_description/lib/python3.10/site-packages'
[0.908s] Level 1:colcon.colcon_core.environment:checking '/home/jiawen/h12project_ws/install/ros_gz_description/bin'
[0.908s] INFO:colcon.colcon_core.shell:Creating package script '/home/jiawen/h12project_ws/install/ros_gz_description/share/ros_gz_description/package.ps1'
[0.908s] INFO:colcon.colcon_core.shell:Creating package descriptor '/home/jiawen/h12project_ws/install/ros_gz_description/share/ros_gz_description/package.dsv'
[0.909s] INFO:colcon.colcon_core.shell:Creating package script '/home/jiawen/h12project_ws/install/ros_gz_description/share/ros_gz_description/package.sh'
[0.909s] INFO:colcon.colcon_core.shell:Creating package script '/home/jiawen/h12project_ws/install/ros_gz_description/share/ros_gz_description/package.bash'
[0.909s] INFO:colcon.colcon_core.shell:Creating package script '/home/jiawen/h12project_ws/install/ros_gz_description/share/ros_gz_description/package.zsh'
[0.910s] Level 1:colcon.colcon_core.environment:create_file_with_runtime_dependencies(/home/jiawen/h12project_ws/install/ros_gz_description/share/colcon-core/packages/ros_gz_description)
[0.910s] Level 1:colcon.colcon_core.environment:create_environment_scripts_only(ros_gz_description)
[0.910s] Level 1:colcon.colcon_core.environment:checking '/home/jiawen/h12project_ws/install/ros_gz_description' for CMake module files
[0.911s] Level 1:colcon.colcon_core.environment:checking '/home/jiawen/h12project_ws/install/ros_gz_description' for CMake config files
[0.911s] Level 1:colcon.colcon_core.shell:create_environment_hook('ros_gz_description', 'cmake_prefix_path')
[0.911s] INFO:colcon.colcon_core.shell:Creating environment hook '/home/jiawen/h12project_ws/install/ros_gz_description/share/ros_gz_description/hook/cmake_prefix_path.ps1'
[0.911s] INFO:colcon.colcon_core.shell:Creating environment descriptor '/home/jiawen/h12project_ws/install/ros_gz_description/share/ros_gz_description/hook/cmake_prefix_path.dsv'
[0.912s] INFO:colcon.colcon_core.shell:Creating environment hook '/home/jiawen/h12project_ws/install/ros_gz_description/share/ros_gz_description/hook/cmake_prefix_path.sh'
[0.912s] Level 1:colcon.colcon_core.environment:checking '/home/jiawen/h12project_ws/install/ros_gz_description/bin'
[0.912s] Level 1:colcon.colcon_core.environment:checking '/home/jiawen/h12project_ws/install/ros_gz_description/lib/pkgconfig/ros_gz_description.pc'
[0.912s] Level 1:colcon.colcon_core.environment:checking '/home/jiawen/h12project_ws/install/ros_gz_description/lib/python3.10/site-packages'
[0.913s] Level 1:colcon.colcon_core.environment:checking '/home/jiawen/h12project_ws/install/ros_gz_description/bin'
[0.913s] INFO:colcon.colcon_core.shell:Creating package script '/home/jiawen/h12project_ws/install/ros_gz_description/share/ros_gz_description/package.ps1'
[0.913s] INFO:colcon.colcon_core.shell:Creating package descriptor '/home/jiawen/h12project_ws/install/ros_gz_description/share/ros_gz_description/package.dsv'
[0.914s] INFO:colcon.colcon_core.shell:Creating package script '/home/jiawen/h12project_ws/install/ros_gz_description/share/ros_gz_description/package.sh'
[0.914s] INFO:colcon.colcon_core.shell:Creating package script '/home/jiawen/h12project_ws/install/ros_gz_description/share/ros_gz_description/package.bash'
[0.914s] INFO:colcon.colcon_core.shell:Creating package script '/home/jiawen/h12project_ws/install/ros_gz_description/share/ros_gz_description/package.zsh'
[0.915s] Level 1:colcon.colcon_core.environment:create_file_with_runtime_dependencies(/home/jiawen/h12project_ws/install/ros_gz_description/share/colcon-core/packages/ros_gz_description)
[0.915s] INFO:colcon.colcon_ros.task.ament_cmake.build:Building ROS package in '/home/jiawen/h12project_ws/src/ros_gz/ros_gz_gazebo' with build type 'ament_cmake'
[0.915s] INFO:colcon.colcon_cmake.task.cmake.build:Building CMake package in '/home/jiawen/h12project_ws/src/ros_gz/ros_gz_gazebo'
[0.915s] INFO:colcon.colcon_core.shell:Skip shell extension 'powershell' for command environment: Not usable outside of PowerShell
[0.915s] DEBUG:colcon.colcon_core.shell:Skip shell extension 'dsv' for command environment
[0.921s] DEBUG:colcon.colcon_core.event_handler.log_command:Invoking command in '/home/jiawen/h12project_ws/build/ros_gz_gazebo': AMENT_PREFIX_PATH=/home/jiawen/h12project_ws/install/ros_gz_description:${AMENT_PREFIX_PATH} CMAKE_PREFIX_PATH=/home/jiawen/h12project_ws/install/ros_gz_description:/opt/ros/humble IGN_GAZEBO_RESOURCE_PATH=/home/jiawen/h12project_ws/install/ros_gz_description/share/ros_gz_description/models /usr/bin/cmake /home/jiawen/h12project_ws/src/ros_gz/ros_gz_gazebo -DCMAKE_INSTALL_PREFIX=/home/jiawen/h12project_ws/install/ros_gz_gazebo
[2.461s] DEBUG:colcon.colcon_core.event_handler.log_command:Invoked command in '/home/jiawen/h12project_ws/build/ros_gz_gazebo' returned '0': AMENT_PREFIX_PATH=/home/jiawen/h12project_ws/install/ros_gz_description:${AMENT_PREFIX_PATH} CMAKE_PREFIX_PATH=/home/jiawen/h12project_ws/install/ros_gz_description:/opt/ros/humble IGN_GAZEBO_RESOURCE_PATH=/home/jiawen/h12project_ws/install/ros_gz_description/share/ros_gz_description/models /usr/bin/cmake /home/jiawen/h12project_ws/src/ros_gz/ros_gz_gazebo -DCMAKE_INSTALL_PREFIX=/home/jiawen/h12project_ws/install/ros_gz_gazebo
[2.461s] DEBUG:colcon.colcon_core.event_handler.log_command:Invoking command in '/home/jiawen/h12project_ws/build/ros_gz_gazebo': AMENT_PREFIX_PATH=/home/jiawen/h12project_ws/install/ros_gz_description:${AMENT_PREFIX_PATH} CMAKE_PREFIX_PATH=/home/jiawen/h12project_ws/install/ros_gz_description:/opt/ros/humble IGN_GAZEBO_RESOURCE_PATH=/home/jiawen/h12project_ws/install/ros_gz_description/share/ros_gz_description/models /usr/bin/cmake --build /home/jiawen/h12project_ws/build/ros_gz_gazebo -- -j20 -l20
[6.020s] DEBUG:colcon.colcon_core.event_handler.log_command:Invoked command in '/home/jiawen/h12project_ws/build/ros_gz_gazebo' returned '0': AMENT_PREFIX_PATH=/home/jiawen/h12project_ws/install/ros_gz_description:${AMENT_PREFIX_PATH} CMAKE_PREFIX_PATH=/home/jiawen/h12project_ws/install/ros_gz_description:/opt/ros/humble IGN_GAZEBO_RESOURCE_PATH=/home/jiawen/h12project_ws/install/ros_gz_description/share/ros_gz_description/models /usr/bin/cmake --build /home/jiawen/h12project_ws/build/ros_gz_gazebo -- -j20 -l20
[6.021s] DEBUG:colcon.colcon_core.event_handler.log_command:Invoking command in '/home/jiawen/h12project_ws/build/ros_gz_gazebo': AMENT_PREFIX_PATH=/home/jiawen/h12project_ws/install/ros_gz_description:${AMENT_PREFIX_PATH} CMAKE_PREFIX_PATH=/home/jiawen/h12project_ws/install/ros_gz_description:/opt/ros/humble IGN_GAZEBO_RESOURCE_PATH=/home/jiawen/h12project_ws/install/ros_gz_description/share/ros_gz_description/models /usr/bin/cmake --install /home/jiawen/h12project_ws/build/ros_gz_gazebo
[6.031s] Level 1:colcon.colcon_core.environment:create_environment_scripts_only(ros_gz_gazebo)
[6.032s] DEBUG:colcon.colcon_core.event_handler.log_command:Invoked command in '/home/jiawen/h12project_ws/build/ros_gz_gazebo' returned '0': AMENT_PREFIX_PATH=/home/jiawen/h12project_ws/install/ros_gz_description:${AMENT_PREFIX_PATH} CMAKE_PREFIX_PATH=/home/jiawen/h12project_ws/install/ros_gz_description:/opt/ros/humble IGN_GAZEBO_RESOURCE_PATH=/home/jiawen/h12project_ws/install/ros_gz_description/share/ros_gz_description/models /usr/bin/cmake --install /home/jiawen/h12project_ws/build/ros_gz_gazebo
[6.032s] Level 1:colcon.colcon_core.environment:checking '/home/jiawen/h12project_ws/install/ros_gz_gazebo' for CMake module files
[6.032s] Level 1:colcon.colcon_core.environment:checking '/home/jiawen/h12project_ws/install/ros_gz_gazebo' for CMake config files
[6.032s] Level 1:colcon.colcon_core.shell:create_environment_hook('ros_gz_gazebo', 'cmake_prefix_path')
[6.033s] INFO:colcon.colcon_core.shell:Creating environment hook '/home/jiawen/h12project_ws/install/ros_gz_gazebo/share/ros_gz_gazebo/hook/cmake_prefix_path.ps1'
[6.033s] INFO:colcon.colcon_core.shell:Creating environment descriptor '/home/jiawen/h12project_ws/install/ros_gz_gazebo/share/ros_gz_gazebo/hook/cmake_prefix_path.dsv'
[6.033s] INFO:colcon.colcon_core.shell:Creating environment hook '/home/jiawen/h12project_ws/install/ros_gz_gazebo/share/ros_gz_gazebo/hook/cmake_prefix_path.sh'
[6.034s] Level 1:colcon.colcon_core.environment:checking '/home/jiawen/h12project_ws/install/ros_gz_gazebo/lib'
[6.034s] Level 1:colcon.colcon_core.environment:checking '/home/jiawen/h12project_ws/install/ros_gz_gazebo/bin'
[6.034s] Level 1:colcon.colcon_core.environment:checking '/home/jiawen/h12project_ws/install/ros_gz_gazebo/lib/pkgconfig/ros_gz_gazebo.pc'
[6.034s] Level 1:colcon.colcon_core.environment:checking '/home/jiawen/h12project_ws/install/ros_gz_gazebo/lib/python3.10/site-packages'
[6.034s] Level 1:colcon.colcon_core.environment:checking '/home/jiawen/h12project_ws/install/ros_gz_gazebo/bin'
[6.035s] INFO:colcon.colcon_core.shell:Creating package script '/home/jiawen/h12project_ws/install/ros_gz_gazebo/share/ros_gz_gazebo/package.ps1'
[6.035s] INFO:colcon.colcon_core.shell:Creating package descriptor '/home/jiawen/h12project_ws/install/ros_gz_gazebo/share/ros_gz_gazebo/package.dsv'
[6.035s] INFO:colcon.colcon_core.shell:Creating package script '/home/jiawen/h12project_ws/install/ros_gz_gazebo/share/ros_gz_gazebo/package.sh'
[6.036s] INFO:colcon.colcon_core.shell:Creating package script '/home/jiawen/h12project_ws/install/ros_gz_gazebo/share/ros_gz_gazebo/package.bash'
[6.036s] INFO:colcon.colcon_core.shell:Creating package script '/home/jiawen/h12project_ws/install/ros_gz_gazebo/share/ros_gz_gazebo/package.zsh'
[6.036s] Level 1:colcon.colcon_core.environment:create_file_with_runtime_dependencies(/home/jiawen/h12project_ws/install/ros_gz_gazebo/share/colcon-core/packages/ros_gz_gazebo)
[6.037s] Level 1:colcon.colcon_core.environment:create_environment_scripts_only(ros_gz_gazebo)
[6.037s] Level 1:colcon.colcon_core.environment:checking '/home/jiawen/h12project_ws/install/ros_gz_gazebo' for CMake module files
[6.037s] Level 1:colcon.colcon_core.environment:checking '/home/jiawen/h12project_ws/install/ros_gz_gazebo' for CMake config files
[6.038s] Level 1:colcon.colcon_core.shell:create_environment_hook('ros_gz_gazebo', 'cmake_prefix_path')
[6.038s] INFO:colcon.colcon_core.shell:Creating environment hook '/home/jiawen/h12project_ws/install/ros_gz_gazebo/share/ros_gz_gazebo/hook/cmake_prefix_path.ps1'
[6.038s] INFO:colcon.colcon_core.shell:Creating environment descriptor '/home/jiawen/h12project_ws/install/ros_gz_gazebo/share/ros_gz_gazebo/hook/cmake_prefix_path.dsv'
[6.038s] INFO:colcon.colcon_core.shell:Creating environment hook '/home/jiawen/h12project_ws/install/ros_gz_gazebo/share/ros_gz_gazebo/hook/cmake_prefix_path.sh'
[6.039s] Level 1:colcon.colcon_core.environment:checking '/home/jiawen/h12project_ws/install/ros_gz_gazebo/lib'
[6.039s] Level 1:colcon.colcon_core.environment:checking '/home/jiawen/h12project_ws/install/ros_gz_gazebo/bin'
[6.039s] Level 1:colcon.colcon_core.environment:checking '/home/jiawen/h12project_ws/install/ros_gz_gazebo/lib/pkgconfig/ros_gz_gazebo.pc'
[6.039s] Level 1:colcon.colcon_core.environment:checking '/home/jiawen/h12project_ws/install/ros_gz_gazebo/lib/python3.10/site-packages'
[6.039s] Level 1:colcon.colcon_core.environment:checking '/home/jiawen/h12project_ws/install/ros_gz_gazebo/bin'
[6.039s] INFO:colcon.colcon_core.shell:Creating package script '/home/jiawen/h12project_ws/install/ros_gz_gazebo/share/ros_gz_gazebo/package.ps1'
[6.040s] INFO:colcon.colcon_core.shell:Creating package descriptor '/home/jiawen/h12project_ws/install/ros_gz_gazebo/share/ros_gz_gazebo/package.dsv'
[6.040s] INFO:colcon.colcon_core.shell:Creating package script '/home/jiawen/h12project_ws/install/ros_gz_gazebo/share/ros_gz_gazebo/package.sh'
[6.041s] INFO:colcon.colcon_core.shell:Creating package script '/home/jiawen/h12project_ws/install/ros_gz_gazebo/share/ros_gz_gazebo/package.bash'
[6.041s] INFO:colcon.colcon_core.shell:Creating package script '/home/jiawen/h12project_ws/install/ros_gz_gazebo/share/ros_gz_gazebo/package.zsh'
[6.041s] Level 1:colcon.colcon_core.environment:create_file_with_runtime_dependencies(/home/jiawen/h12project_ws/install/ros_gz_gazebo/share/colcon-core/packages/ros_gz_gazebo)
[6.042s] INFO:colcon.colcon_ros.task.ament_cmake.build:Building ROS package in '/home/jiawen/h12project_ws/src/ros_gz/ros_gz_bringup' with build type 'ament_cmake'
[6.042s] INFO:colcon.colcon_cmake.task.cmake.build:Building CMake package in '/home/jiawen/h12project_ws/src/ros_gz/ros_gz_bringup'
[6.042s] INFO:colcon.colcon_core.shell:Skip shell extension 'powershell' for command environment: Not usable outside of PowerShell
[6.042s] DEBUG:colcon.colcon_core.shell:Skip shell extension 'dsv' for command environment
[6.048s] DEBUG:colcon.colcon_core.event_handler.log_command:Invoking command in '/home/jiawen/h12project_ws/build/ros_gz_bringup': AMENT_PREFIX_PATH=/home/jiawen/h12project_ws/install/ros_gz_gazebo:/home/jiawen/h12project_ws/install/ros_gz_description:${AMENT_PREFIX_PATH} CMAKE_PREFIX_PATH=/home/jiawen/h12project_ws/install/ros_gz_gazebo:/home/jiawen/h12project_ws/install/ros_gz_description:/opt/ros/humble IGN_GAZEBO_PLUGIN_PATH=/home/jiawen/h12project_ws/install/ros_gz_gazebo/lib/ros_gz_gazebo IGN_GAZEBO_RESOURCE_PATH=/home/jiawen/h12project_ws/install/ros_gz_gazebo/share/ros_gz_gazebo/worlds:/home/jiawen/h12project_ws/install/ros_gz_description/share/ros_gz_description/models /usr/bin/cmake /home/jiawen/h12project_ws/src/ros_gz/ros_gz_bringup -DCMAKE_INSTALL_PREFIX=/home/jiawen/h12project_ws/install/ros_gz_bringup
[6.533s] DEBUG:colcon.colcon_core.event_handler.log_command:Invoked command in '/home/jiawen/h12project_ws/build/ros_gz_bringup' returned '0': AMENT_PREFIX_PATH=/home/jiawen/h12project_ws/install/ros_gz_gazebo:/home/jiawen/h12project_ws/install/ros_gz_description:${AMENT_PREFIX_PATH} CMAKE_PREFIX_PATH=/home/jiawen/h12project_ws/install/ros_gz_gazebo:/home/jiawen/h12project_ws/install/ros_gz_description:/opt/ros/humble IGN_GAZEBO_PLUGIN_PATH=/home/jiawen/h12project_ws/install/ros_gz_gazebo/lib/ros_gz_gazebo IGN_GAZEBO_RESOURCE_PATH=/home/jiawen/h12project_ws/install/ros_gz_gazebo/share/ros_gz_gazebo/worlds:/home/jiawen/h12project_ws/install/ros_gz_description/share/ros_gz_description/models /usr/bin/cmake /home/jiawen/h12project_ws/src/ros_gz/ros_gz_bringup -DCMAKE_INSTALL_PREFIX=/home/jiawen/h12project_ws/install/ros_gz_bringup
[6.533s] DEBUG:colcon.colcon_core.event_handler.log_command:Invoking command in '/home/jiawen/h12project_ws/build/ros_gz_bringup': AMENT_PREFIX_PATH=/home/jiawen/h12project_ws/install/ros_gz_gazebo:/home/jiawen/h12project_ws/install/ros_gz_description:${AMENT_PREFIX_PATH} CMAKE_PREFIX_PATH=/home/jiawen/h12project_ws/install/ros_gz_gazebo:/home/jiawen/h12project_ws/install/ros_gz_description:/opt/ros/humble IGN_GAZEBO_PLUGIN_PATH=/home/jiawen/h12project_ws/install/ros_gz_gazebo/lib/ros_gz_gazebo IGN_GAZEBO_RESOURCE_PATH=/home/jiawen/h12project_ws/install/ros_gz_gazebo/share/ros_gz_gazebo/worlds:/home/jiawen/h12project_ws/install/ros_gz_description/share/ros_gz_description/models /usr/bin/cmake --build /home/jiawen/h12project_ws/build/ros_gz_bringup -- -j20 -l20
[6.560s] DEBUG:colcon.colcon_core.event_handler.log_command:Invoked command in '/home/jiawen/h12project_ws/build/ros_gz_bringup' returned '0': AMENT_PREFIX_PATH=/home/jiawen/h12project_ws/install/ros_gz_gazebo:/home/jiawen/h12project_ws/install/ros_gz_description:${AMENT_PREFIX_PATH} CMAKE_PREFIX_PATH=/home/jiawen/h12project_ws/install/ros_gz_gazebo:/home/jiawen/h12project_ws/install/ros_gz_description:/opt/ros/humble IGN_GAZEBO_PLUGIN_PATH=/home/jiawen/h12project_ws/install/ros_gz_gazebo/lib/ros_gz_gazebo IGN_GAZEBO_RESOURCE_PATH=/home/jiawen/h12project_ws/install/ros_gz_gazebo/share/ros_gz_gazebo/worlds:/home/jiawen/h12project_ws/install/ros_gz_description/share/ros_gz_description/models /usr/bin/cmake --build /home/jiawen/h12project_ws/build/ros_gz_bringup -- -j20 -l20
[6.561s] DEBUG:colcon.colcon_core.event_handler.log_command:Invoking command in '/home/jiawen/h12project_ws/build/ros_gz_bringup': AMENT_PREFIX_PATH=/home/jiawen/h12project_ws/install/ros_gz_gazebo:/home/jiawen/h12project_ws/install/ros_gz_description:${AMENT_PREFIX_PATH} CMAKE_PREFIX_PATH=/home/jiawen/h12project_ws/install/ros_gz_gazebo:/home/jiawen/h12project_ws/install/ros_gz_description:/opt/ros/humble IGN_GAZEBO_PLUGIN_PATH=/home/jiawen/h12project_ws/install/ros_gz_gazebo/lib/ros_gz_gazebo IGN_GAZEBO_RESOURCE_PATH=/home/jiawen/h12project_ws/install/ros_gz_gazebo/share/ros_gz_gazebo/worlds:/home/jiawen/h12project_ws/install/ros_gz_description/share/ros_gz_description/models /usr/bin/cmake --install /home/jiawen/h12project_ws/build/ros_gz_bringup
[6.570s] Level 1:colcon.colcon_core.environment:create_environment_scripts_only(ros_gz_bringup)
[6.570s] DEBUG:colcon.colcon_core.event_handler.log_command:Invoked command in '/home/jiawen/h12project_ws/build/ros_gz_bringup' returned '0': AMENT_PREFIX_PATH=/home/jiawen/h12project_ws/install/ros_gz_gazebo:/home/jiawen/h12project_ws/install/ros_gz_description:${AMENT_PREFIX_PATH} CMAKE_PREFIX_PATH=/home/jiawen/h12project_ws/install/ros_gz_gazebo:/home/jiawen/h12project_ws/install/ros_gz_description:/opt/ros/humble IGN_GAZEBO_PLUGIN_PATH=/home/jiawen/h12project_ws/install/ros_gz_gazebo/lib/ros_gz_gazebo IGN_GAZEBO_RESOURCE_PATH=/home/jiawen/h12project_ws/install/ros_gz_gazebo/share/ros_gz_gazebo/worlds:/home/jiawen/h12project_ws/install/ros_gz_description/share/ros_gz_description/models /usr/bin/cmake --install /home/jiawen/h12project_ws/build/ros_gz_bringup
[6.571s] Level 1:colcon.colcon_core.environment:checking '/home/jiawen/h12project_ws/install/ros_gz_bringup' for CMake module files
[6.571s] Level 1:colcon.colcon_core.environment:checking '/home/jiawen/h12project_ws/install/ros_gz_bringup' for CMake config files
[6.571s] Level 1:colcon.colcon_core.shell:create_environment_hook('ros_gz_bringup', 'cmake_prefix_path')
[6.571s] INFO:colcon.colcon_core.shell:Creating environment hook '/home/jiawen/h12project_ws/install/ros_gz_bringup/share/ros_gz_bringup/hook/cmake_prefix_path.ps1'
[6.572s] INFO:colcon.colcon_core.shell:Creating environment descriptor '/home/jiawen/h12project_ws/install/ros_gz_bringup/share/ros_gz_bringup/hook/cmake_prefix_path.dsv'
[6.572s] INFO:colcon.colcon_core.shell:Creating environment hook '/home/jiawen/h12project_ws/install/ros_gz_bringup/share/ros_gz_bringup/hook/cmake_prefix_path.sh'
[6.573s] Level 1:colcon.colcon_core.environment:checking '/home/jiawen/h12project_ws/install/ros_gz_bringup/bin'
[6.573s] Level 1:colcon.colcon_core.environment:checking '/home/jiawen/h12project_ws/install/ros_gz_bringup/lib/pkgconfig/ros_gz_bringup.pc'
[6.573s] Level 1:colcon.colcon_core.environment:checking '/home/jiawen/h12project_ws/install/ros_gz_bringup/lib/python3.10/site-packages'
[6.573s] Level 1:colcon.colcon_core.environment:checking '/home/jiawen/h12project_ws/install/ros_gz_bringup/bin'
[6.573s] INFO:colcon.colcon_core.shell:Creating package script '/home/jiawen/h12project_ws/install/ros_gz_bringup/share/ros_gz_bringup/package.ps1'
[6.574s] INFO:colcon.colcon_core.shell:Creating package descriptor '/home/jiawen/h12project_ws/install/ros_gz_bringup/share/ros_gz_bringup/package.dsv'
[6.574s] INFO:colcon.colcon_core.shell:Creating package script '/home/jiawen/h12project_ws/install/ros_gz_bringup/share/ros_gz_bringup/package.sh'
[6.574s] INFO:colcon.colcon_core.shell:Creating package script '/home/jiawen/h12project_ws/install/ros_gz_bringup/share/ros_gz_bringup/package.bash'
[6.575s] INFO:colcon.colcon_core.shell:Creating package script '/home/jiawen/h12project_ws/install/ros_gz_bringup/share/ros_gz_bringup/package.zsh'
[6.575s] Level 1:colcon.colcon_core.environment:create_file_with_runtime_dependencies(/home/jiawen/h12project_ws/install/ros_gz_bringup/share/colcon-core/packages/ros_gz_bringup)
[6.576s] Level 1:colcon.colcon_core.environment:create_environment_scripts_only(ros_gz_bringup)
[6.576s] Level 1:colcon.colcon_core.environment:checking '/home/jiawen/h12project_ws/install/ros_gz_bringup' for CMake module files
[6.576s] Level 1:colcon.colcon_core.environment:checking '/home/jiawen/h12project_ws/install/ros_gz_bringup' for CMake config files
[6.577s] Level 1:colcon.colcon_core.shell:create_environment_hook('ros_gz_bringup', 'cmake_prefix_path')
[6.577s] INFO:colcon.colcon_core.shell:Creating environment hook '/home/jiawen/h12project_ws/install/ros_gz_bringup/share/ros_gz_bringup/hook/cmake_prefix_path.ps1'
[6.577s] INFO:colcon.colcon_core.shell:Creating environment descriptor '/home/jiawen/h12project_ws/install/ros_gz_bringup/share/ros_gz_bringup/hook/cmake_prefix_path.dsv'
[6.577s] INFO:colcon.colcon_core.shell:Creating environment hook '/home/jiawen/h12project_ws/install/ros_gz_bringup/share/ros_gz_bringup/hook/cmake_prefix_path.sh'
[6.578s] Level 1:colcon.colcon_core.environment:checking '/home/jiawen/h12project_ws/install/ros_gz_bringup/bin'
[6.578s] Level 1:colcon.colcon_core.environment:checking '/home/jiawen/h12project_ws/install/ros_gz_bringup/lib/pkgconfig/ros_gz_bringup.pc'
[6.578s] Level 1:colcon.colcon_core.environment:checking '/home/jiawen/h12project_ws/install/ros_gz_bringup/lib/python3.10/site-packages'
[6.578s] Level 1:colcon.colcon_core.environment:checking '/home/jiawen/h12project_ws/install/ros_gz_bringup/bin'
[6.578s] INFO:colcon.colcon_core.shell:Creating package script '/home/jiawen/h12project_ws/install/ros_gz_bringup/share/ros_gz_bringup/package.ps1'
[6.579s] INFO:colcon.colcon_core.shell:Creating package descriptor '/home/jiawen/h12project_ws/install/ros_gz_bringup/share/ros_gz_bringup/package.dsv'
[6.579s] INFO:colcon.colcon_core.shell:Creating package script '/home/jiawen/h12project_ws/install/ros_gz_bringup/share/ros_gz_bringup/package.sh'
[6.580s] INFO:colcon.colcon_core.shell:Creating package script '/home/jiawen/h12project_ws/install/ros_gz_bringup/share/ros_gz_bringup/package.bash'
[6.580s] INFO:colcon.colcon_core.shell:Creating package script '/home/jiawen/h12project_ws/install/ros_gz_bringup/share/ros_gz_bringup/package.zsh'
[6.580s] Level 1:colcon.colcon_core.environment:create_file_with_runtime_dependencies(/home/jiawen/h12project_ws/install/ros_gz_bringup/share/colcon-core/packages/ros_gz_bringup)
[6.580s] DEBUG:colcon.colcon_parallel_executor.executor.parallel:closing loop
[6.581s] DEBUG:colcon.colcon_parallel_executor.executor.parallel:loop closed
[6.581s] DEBUG:colcon.colcon_parallel_executor.executor.parallel:run_until_complete finished with '0'
[6.581s] DEBUG:colcon.colcon_core.event_reactor:joining thread
[6.583s] INFO:colcon.colcon_core.plugin_system:Skipping extension 'colcon_notification.desktop_notification.terminal_notifier': Not used on non-Darwin systems
[6.583s] INFO:colcon.colcon_core.plugin_system:Skipping extension 'colcon_notification.desktop_notification.win32': Not used on non-Windows systems
[6.583s] INFO:colcon.colcon_notification.desktop_notification:Sending desktop notification using 'notify2'
[6.596s] DEBUG:colcon.colcon_core.event_reactor:joined thread
[6.597s] INFO:colcon.colcon_core.shell:Creating prefix script '/home/jiawen/h12project_ws/install/local_setup.ps1'
[6.597s] INFO:colcon.colcon_core.shell:Creating prefix util module '/home/jiawen/h12project_ws/install/_local_setup_util_ps1.py'
[6.598s] INFO:colcon.colcon_core.shell:Creating prefix chain script '/home/jiawen/h12project_ws/install/setup.ps1'
[6.599s] INFO:colcon.colcon_core.shell:Creating prefix script '/home/jiawen/h12project_ws/install/local_setup.sh'
[6.600s] INFO:colcon.colcon_core.shell:Creating prefix util module '/home/jiawen/h12project_ws/install/_local_setup_util_sh.py'
[6.600s] INFO:colcon.colcon_core.shell:Creating prefix chain script '/home/jiawen/h12project_ws/install/setup.sh'
[6.601s] INFO:colcon.colcon_core.shell:Creating prefix script '/home/jiawen/h12project_ws/install/local_setup.bash'
[6.601s] INFO:colcon.colcon_core.shell:Creating prefix chain script '/home/jiawen/h12project_ws/install/setup.bash'
[6.602s] INFO:colcon.colcon_core.shell:Creating prefix script '/home/jiawen/h12project_ws/install/local_setup.zsh'
[6.602s] INFO:colcon.colcon_core.shell:Creating prefix chain script '/home/jiawen/h12project_ws/install/setup.zsh'
