[0.006s] Invoking command in '/home/jiawen/h12project_ws/build/ros_gz_bringup': AMENT_PREFIX_PATH=/home/jiawen/h12project_ws/install/ros_gz_gazebo:/home/jiawen/h12project_ws/install/ros_gz_description:${AMENT_PREFIX_PATH} CMAKE_PREFIX_PATH=/home/jiawen/h12project_ws/install/ros_gz_gazebo:/home/jiawen/h12project_ws/install/ros_gz_description:/opt/ros/humble IGN_GAZEBO_PLUGIN_PATH=/home/jiawen/h12project_ws/install/ros_gz_gazebo/lib/ros_gz_gazebo IGN_GAZEBO_RESOURCE_PATH=/home/jiawen/h12project_ws/install/ros_gz_gazebo/share/ros_gz_gazebo/worlds:/home/jiawen/h12project_ws/install/ros_gz_description/share/ros_gz_description/models /usr/bin/cmake /home/jiawen/h12project_ws/src/ros_gz/ros_gz_bringup -DCMAKE_INSTALL_PREFIX=/home/jiawen/h12project_ws/install/ros_gz_bringup
[0.048s] -- The C compiler identification is GNU 11.4.0
[0.092s] -- The CXX compiler identification is GNU 11.4.0
[0.098s] -- Detecting C compiler ABI info
[0.149s] -- Detecting C compiler ABI info - done
[0.156s] -- Check for working C compiler: /usr/bin/cc - skipped
[0.156s] -- Detecting C compile features
[0.156s] -- Detecting C compile features - done
[0.159s] -- Detecting CXX compiler ABI info
[0.219s] -- Detecting CXX compiler ABI info - done
[0.226s] -- Check for working CXX compiler: /usr/bin/c++ - skipped
[0.226s] -- Detecting CXX compile features
[0.226s] -- Detecting CXX compile features - done
[0.228s] -- Found ament_cmake: 1.3.12 (/opt/ros/humble/share/ament_cmake/cmake)
[0.355s] -- Found Python3: /usr/bin/python3 (found version "3.10.12") found components: Interpreter 
[0.427s] -- Found ros_gz_description: 0.0.0 (/home/jiawen/h12project_ws/install/ros_gz_description/share/ros_gz_description/cmake)
[0.427s] -- Found ros_gz_gazebo: 0.0.0 (/home/jiawen/h12project_ws/install/ros_gz_gazebo/share/ros_gz_gazebo/cmake)
[0.428s] -- Found ament_lint_auto: 0.12.14 (/opt/ros/humble/share/ament_lint_auto/cmake)
[0.483s] -- Configuring done
[0.485s] -- Generating done
[0.486s] -- Build files have been written to: /home/jiawen/h12project_ws/build/ros_gz_bringup
[0.490s] Invoked command in '/home/jiawen/h12project_ws/build/ros_gz_bringup' returned '0': AMENT_PREFIX_PATH=/home/jiawen/h12project_ws/install/ros_gz_gazebo:/home/jiawen/h12project_ws/install/ros_gz_description:${AMENT_PREFIX_PATH} CMAKE_PREFIX_PATH=/home/jiawen/h12project_ws/install/ros_gz_gazebo:/home/jiawen/h12project_ws/install/ros_gz_description:/opt/ros/humble IGN_GAZEBO_PLUGIN_PATH=/home/jiawen/h12project_ws/install/ros_gz_gazebo/lib/ros_gz_gazebo IGN_GAZEBO_RESOURCE_PATH=/home/jiawen/h12project_ws/install/ros_gz_gazebo/share/ros_gz_gazebo/worlds:/home/jiawen/h12project_ws/install/ros_gz_description/share/ros_gz_description/models /usr/bin/cmake /home/jiawen/h12project_ws/src/ros_gz/ros_gz_bringup -DCMAKE_INSTALL_PREFIX=/home/jiawen/h12project_ws/install/ros_gz_bringup
[0.491s] Invoking command in '/home/jiawen/h12project_ws/build/ros_gz_bringup': AMENT_PREFIX_PATH=/home/jiawen/h12project_ws/install/ros_gz_gazebo:/home/jiawen/h12project_ws/install/ros_gz_description:${AMENT_PREFIX_PATH} CMAKE_PREFIX_PATH=/home/jiawen/h12project_ws/install/ros_gz_gazebo:/home/jiawen/h12project_ws/install/ros_gz_description:/opt/ros/humble IGN_GAZEBO_PLUGIN_PATH=/home/jiawen/h12project_ws/install/ros_gz_gazebo/lib/ros_gz_gazebo IGN_GAZEBO_RESOURCE_PATH=/home/jiawen/h12project_ws/install/ros_gz_gazebo/share/ros_gz_gazebo/worlds:/home/jiawen/h12project_ws/install/ros_gz_description/share/ros_gz_description/models /usr/bin/cmake --build /home/jiawen/h12project_ws/build/ros_gz_bringup -- -j20 -l20
[0.518s] Invoked command in '/home/jiawen/h12project_ws/build/ros_gz_bringup' returned '0': AMENT_PREFIX_PATH=/home/jiawen/h12project_ws/install/ros_gz_gazebo:/home/jiawen/h12project_ws/install/ros_gz_description:${AMENT_PREFIX_PATH} CMAKE_PREFIX_PATH=/home/jiawen/h12project_ws/install/ros_gz_gazebo:/home/jiawen/h12project_ws/install/ros_gz_description:/opt/ros/humble IGN_GAZEBO_PLUGIN_PATH=/home/jiawen/h12project_ws/install/ros_gz_gazebo/lib/ros_gz_gazebo IGN_GAZEBO_RESOURCE_PATH=/home/jiawen/h12project_ws/install/ros_gz_gazebo/share/ros_gz_gazebo/worlds:/home/jiawen/h12project_ws/install/ros_gz_description/share/ros_gz_description/models /usr/bin/cmake --build /home/jiawen/h12project_ws/build/ros_gz_bringup -- -j20 -l20
[0.519s] Invoking command in '/home/jiawen/h12project_ws/build/ros_gz_bringup': AMENT_PREFIX_PATH=/home/jiawen/h12project_ws/install/ros_gz_gazebo:/home/jiawen/h12project_ws/install/ros_gz_description:${AMENT_PREFIX_PATH} CMAKE_PREFIX_PATH=/home/jiawen/h12project_ws/install/ros_gz_gazebo:/home/jiawen/h12project_ws/install/ros_gz_description:/opt/ros/humble IGN_GAZEBO_PLUGIN_PATH=/home/jiawen/h12project_ws/install/ros_gz_gazebo/lib/ros_gz_gazebo IGN_GAZEBO_RESOURCE_PATH=/home/jiawen/h12project_ws/install/ros_gz_gazebo/share/ros_gz_gazebo/worlds:/home/jiawen/h12project_ws/install/ros_gz_description/share/ros_gz_description/models /usr/bin/cmake --install /home/jiawen/h12project_ws/build/ros_gz_bringup
[0.524s] -- Install configuration: ""
[0.524s] -- Installing: /home/jiawen/h12project_ws/install/ros_gz_bringup/share/ros_gz_bringup/launch
[0.524s] -- Installing: /home/jiawen/h12project_ws/install/ros_gz_bringup/share/ros_gz_bringup/launch/unitree.launch.py
[0.524s] -- Installing: /home/jiawen/h12project_ws/install/ros_gz_bringup/share/ros_gz_bringup/launch/diff_drive.launch.py
[0.524s] -- Installing: /home/jiawen/h12project_ws/install/ros_gz_bringup/share/ros_gz_bringup/launch/rrbot_setup.launch.py
[0.524s] -- Installing: /home/jiawen/h12project_ws/install/ros_gz_bringup/share/ros_gz_bringup/config
[0.525s] -- Installing: /home/jiawen/h12project_ws/install/ros_gz_bringup/share/ros_gz_bringup/config/diff_drive.rviz
[0.525s] -- Installing: /home/jiawen/h12project_ws/install/ros_gz_bringup/share/ros_gz_bringup/config/rrbot.rviz
[0.525s] -- Installing: /home/jiawen/h12project_ws/install/ros_gz_bringup/share/ros_gz_bringup/config/ros_gz_bridge.yaml
[0.525s] -- Installing: /home/jiawen/h12project_ws/install/ros_gz_bringup/share/ament_index/resource_index/package_run_dependencies/ros_gz_bringup
[0.525s] -- Installing: /home/jiawen/h12project_ws/install/ros_gz_bringup/share/ament_index/resource_index/parent_prefix_path/ros_gz_bringup
[0.525s] -- Installing: /home/jiawen/h12project_ws/install/ros_gz_bringup/share/ros_gz_bringup/environment/ament_prefix_path.sh
[0.525s] -- Installing: /home/jiawen/h12project_ws/install/ros_gz_bringup/share/ros_gz_bringup/environment/ament_prefix_path.dsv
[0.525s] -- Installing: /home/jiawen/h12project_ws/install/ros_gz_bringup/share/ros_gz_bringup/environment/path.sh
[0.525s] -- Installing: /home/jiawen/h12project_ws/install/ros_gz_bringup/share/ros_gz_bringup/environment/path.dsv
[0.525s] -- Installing: /home/jiawen/h12project_ws/install/ros_gz_bringup/share/ros_gz_bringup/local_setup.bash
[0.526s] -- Installing: /home/jiawen/h12project_ws/install/ros_gz_bringup/share/ros_gz_bringup/local_setup.sh
[0.526s] -- Installing: /home/jiawen/h12project_ws/install/ros_gz_bringup/share/ros_gz_bringup/local_setup.zsh
[0.526s] -- Installing: /home/jiawen/h12project_ws/install/ros_gz_bringup/share/ros_gz_bringup/local_setup.dsv
[0.526s] -- Installing: /home/jiawen/h12project_ws/install/ros_gz_bringup/share/ros_gz_bringup/package.dsv
[0.526s] -- Installing: /home/jiawen/h12project_ws/install/ros_gz_bringup/share/ament_index/resource_index/packages/ros_gz_bringup
[0.526s] -- Installing: /home/jiawen/h12project_ws/install/ros_gz_bringup/share/ros_gz_bringup/cmake/ros_gz_bringupConfig.cmake
[0.526s] -- Installing: /home/jiawen/h12project_ws/install/ros_gz_bringup/share/ros_gz_bringup/cmake/ros_gz_bringupConfig-version.cmake
[0.526s] -- Installing: /home/jiawen/h12project_ws/install/ros_gz_bringup/share/ros_gz_bringup/package.xml
[0.528s] Invoked command in '/home/jiawen/h12project_ws/build/ros_gz_bringup' returned '0': AMENT_PREFIX_PATH=/home/jiawen/h12project_ws/install/ros_gz_gazebo:/home/jiawen/h12project_ws/install/ros_gz_description:${AMENT_PREFIX_PATH} CMAKE_PREFIX_PATH=/home/jiawen/h12project_ws/install/ros_gz_gazebo:/home/jiawen/h12project_ws/install/ros_gz_description:/opt/ros/humble IGN_GAZEBO_PLUGIN_PATH=/home/jiawen/h12project_ws/install/ros_gz_gazebo/lib/ros_gz_gazebo IGN_GAZEBO_RESOURCE_PATH=/home/jiawen/h12project_ws/install/ros_gz_gazebo/share/ros_gz_gazebo/worlds:/home/jiawen/h12project_ws/install/ros_gz_description/share/ros_gz_description/models /usr/bin/cmake --install /home/jiawen/h12project_ws/build/ros_gz_bringup
