[0.093s] DEBUG:colcon:Command line arguments: ['/usr/bin/colcon', 'build']
[0.093s] DEBUG:colcon:Parsed command line arguments: Namespace(log_base=None, log_level=None, verb_name='build', build_base='build', install_base='install', merge_install=False, symlink_install=False, test_result_base=None, continue_on_error=False, executor='parallel', parallel_workers=20, event_handlers=None, ignore_user_meta=False, metas=['./colcon.meta'], base_paths=['.'], packages_ignore=None, packages_ignore_regex=None, paths=None, packages_up_to=None, packages_up_to_regex=None, packages_above=None, packages_above_and_dependencies=None, packages_above_depth=None, packages_select_by_dep=None, packages_skip_by_dep=None, packages_skip_up_to=None, packages_select_build_failed=False, packages_skip_build_finished=False, packages_select_test_failures=False, packages_skip_test_passed=False, packages_select=None, packages_skip=None, packages_select_regex=None, packages_skip_regex=None, packages_start=None, packages_end=None, allow_overriding=[], cmake_args=None, cmake_target=None, cmake_target_skip_unavailable=False, cmake_clean_cache=False, cmake_clean_first=False, cmake_force_configure=False, ament_cmake_args=None, catkin_cmake_args=None, catkin_skip_building_tests=False, verb_parser=<colcon_defaults.argument_parser.defaults.DefaultArgumentsDecorator object at 0x783a9f923b50>, verb_extension=<colcon_core.verb.build.BuildVerb object at 0x783a9fa60ee0>, main=<bound method BuildVerb.main of <colcon_core.verb.build.BuildVerb object at 0x783a9fa60ee0>>)
[0.237s] Level 1:colcon.colcon_core.package_discovery:discover_packages(colcon_meta) check parameters
[0.237s] Level 1:colcon.colcon_core.package_discovery:discover_packages(recursive) check parameters
[0.237s] Level 1:colcon.colcon_core.package_discovery:discover_packages(ignore) check parameters
[0.237s] Level 1:colcon.colcon_core.package_discovery:discover_packages(path) check parameters
[0.237s] Level 1:colcon.colcon_core.package_discovery:discover_packages(colcon_meta) discover
[0.237s] Level 1:colcon.colcon_core.package_discovery:discover_packages(recursive) discover
[0.238s] INFO:colcon.colcon_core.package_discovery:Crawling recursively for packages in '/home/jiawen/h12project_ws'
[0.238s] Level 1:colcon.colcon_core.package_identification:_identify(.) by extensions ['ignore', 'ignore_ament_install']
[0.238s] Level 1:colcon.colcon_core.package_identification:_identify(.) by extension 'ignore'
[0.238s] Level 1:colcon.colcon_core.package_identification:_identify(.) by extension 'ignore_ament_install'
[0.238s] Level 1:colcon.colcon_core.package_identification:_identify(.) by extensions ['colcon_pkg']
[0.238s] Level 1:colcon.colcon_core.package_identification:_identify(.) by extension 'colcon_pkg'
[0.238s] Level 1:colcon.colcon_core.package_identification:_identify(.) by extensions ['colcon_meta']
[0.238s] Level 1:colcon.colcon_core.package_identification:_identify(.) by extension 'colcon_meta'
[0.238s] Level 1:colcon.colcon_core.package_identification:_identify(.) by extensions ['ros']
[0.238s] Level 1:colcon.colcon_core.package_identification:_identify(.) by extension 'ros'
[0.248s] Level 1:colcon.colcon_core.package_identification:_identify(.) by extensions ['cmake', 'python']
[0.248s] Level 1:colcon.colcon_core.package_identification:_identify(.) by extension 'cmake'
[0.248s] Level 1:colcon.colcon_core.package_identification:_identify(.) by extension 'python'
[0.248s] Level 1:colcon.colcon_core.package_identification:_identify(.) by extensions ['python_setup_py']
[0.248s] Level 1:colcon.colcon_core.package_identification:_identify(.) by extension 'python_setup_py'
[0.249s] Level 1:colcon.colcon_core.package_identification:_identify(build) by extensions ['ignore', 'ignore_ament_install']
[0.249s] Level 1:colcon.colcon_core.package_identification:_identify(build) by extension 'ignore'
[0.249s] Level 1:colcon.colcon_core.package_identification:_identify(build) ignored
[0.249s] Level 1:colcon.colcon_core.package_identification:_identify(install) by extensions ['ignore', 'ignore_ament_install']
[0.249s] Level 1:colcon.colcon_core.package_identification:_identify(install) by extension 'ignore'
[0.249s] Level 1:colcon.colcon_core.package_identification:_identify(install) ignored
[0.249s] Level 1:colcon.colcon_core.package_identification:_identify(log) by extensions ['ignore', 'ignore_ament_install']
[0.249s] Level 1:colcon.colcon_core.package_identification:_identify(log) by extension 'ignore'
[0.249s] Level 1:colcon.colcon_core.package_identification:_identify(log) ignored
[0.249s] Level 1:colcon.colcon_core.package_identification:_identify(src) by extensions ['ignore', 'ignore_ament_install']
[0.249s] Level 1:colcon.colcon_core.package_identification:_identify(src) by extension 'ignore'
[0.249s] Level 1:colcon.colcon_core.package_identification:_identify(src) by extension 'ignore_ament_install'
[0.249s] Level 1:colcon.colcon_core.package_identification:_identify(src) by extensions ['colcon_pkg']
[0.249s] Level 1:colcon.colcon_core.package_identification:_identify(src) by extension 'colcon_pkg'
[0.249s] Level 1:colcon.colcon_core.package_identification:_identify(src) by extensions ['colcon_meta']
[0.249s] Level 1:colcon.colcon_core.package_identification:_identify(src) by extension 'colcon_meta'
[0.249s] Level 1:colcon.colcon_core.package_identification:_identify(src) by extensions ['ros']
[0.250s] Level 1:colcon.colcon_core.package_identification:_identify(src) by extension 'ros'
[0.250s] Level 1:colcon.colcon_core.package_identification:_identify(src) by extensions ['cmake', 'python']
[0.250s] Level 1:colcon.colcon_core.package_identification:_identify(src) by extension 'cmake'
[0.250s] Level 1:colcon.colcon_core.package_identification:_identify(src) by extension 'python'
[0.250s] Level 1:colcon.colcon_core.package_identification:_identify(src) by extensions ['python_setup_py']
[0.250s] Level 1:colcon.colcon_core.package_identification:_identify(src) by extension 'python_setup_py'
[0.250s] Level 1:colcon.colcon_core.package_identification:_identify(src/ros_gz) by extensions ['ignore', 'ignore_ament_install']
[0.250s] Level 1:colcon.colcon_core.package_identification:_identify(src/ros_gz) by extension 'ignore'
[0.250s] Level 1:colcon.colcon_core.package_identification:_identify(src/ros_gz) by extension 'ignore_ament_install'
[0.250s] Level 1:colcon.colcon_core.package_identification:_identify(src/ros_gz) by extensions ['colcon_pkg']
[0.250s] Level 1:colcon.colcon_core.package_identification:_identify(src/ros_gz) by extension 'colcon_pkg'
[0.250s] Level 1:colcon.colcon_core.package_identification:_identify(src/ros_gz) by extensions ['colcon_meta']
[0.250s] Level 1:colcon.colcon_core.package_identification:_identify(src/ros_gz) by extension 'colcon_meta'
[0.250s] Level 1:colcon.colcon_core.package_identification:_identify(src/ros_gz) by extensions ['ros']
[0.250s] Level 1:colcon.colcon_core.package_identification:_identify(src/ros_gz) by extension 'ros'
[0.250s] Level 1:colcon.colcon_core.package_identification:_identify(src/ros_gz) by extensions ['cmake', 'python']
[0.250s] Level 1:colcon.colcon_core.package_identification:_identify(src/ros_gz) by extension 'cmake'
[0.250s] Level 1:colcon.colcon_core.package_identification:_identify(src/ros_gz) by extension 'python'
[0.250s] Level 1:colcon.colcon_core.package_identification:_identify(src/ros_gz) by extensions ['python_setup_py']
[0.250s] Level 1:colcon.colcon_core.package_identification:_identify(src/ros_gz) by extension 'python_setup_py'
[0.250s] Level 1:colcon.colcon_core.package_identification:_identify(src/ros_gz/ros_gz_application) by extensions ['ignore', 'ignore_ament_install']
[0.250s] Level 1:colcon.colcon_core.package_identification:_identify(src/ros_gz/ros_gz_application) by extension 'ignore'
[0.251s] Level 1:colcon.colcon_core.package_identification:_identify(src/ros_gz/ros_gz_application) by extension 'ignore_ament_install'
[0.251s] Level 1:colcon.colcon_core.package_identification:_identify(src/ros_gz/ros_gz_application) by extensions ['colcon_pkg']
[0.251s] Level 1:colcon.colcon_core.package_identification:_identify(src/ros_gz/ros_gz_application) by extension 'colcon_pkg'
[0.251s] Level 1:colcon.colcon_core.package_identification:_identify(src/ros_gz/ros_gz_application) by extensions ['colcon_meta']
[0.251s] Level 1:colcon.colcon_core.package_identification:_identify(src/ros_gz/ros_gz_application) by extension 'colcon_meta'
[0.251s] Level 1:colcon.colcon_core.package_identification:_identify(src/ros_gz/ros_gz_application) by extensions ['ros']
[0.251s] Level 1:colcon.colcon_core.package_identification:_identify(src/ros_gz/ros_gz_application) by extension 'ros'
[0.253s] DEBUG:colcon.colcon_core.package_identification:Package 'src/ros_gz/ros_gz_application' with type 'ros.ament_cmake' and name 'ros_gz_application'
[0.253s] Level 1:colcon.colcon_core.package_identification:_identify(src/ros_gz/ros_gz_bringup) by extensions ['ignore', 'ignore_ament_install']
[0.253s] Level 1:colcon.colcon_core.package_identification:_identify(src/ros_gz/ros_gz_bringup) by extension 'ignore'
[0.253s] Level 1:colcon.colcon_core.package_identification:_identify(src/ros_gz/ros_gz_bringup) by extension 'ignore_ament_install'
[0.253s] Level 1:colcon.colcon_core.package_identification:_identify(src/ros_gz/ros_gz_bringup) by extensions ['colcon_pkg']
[0.253s] Level 1:colcon.colcon_core.package_identification:_identify(src/ros_gz/ros_gz_bringup) by extension 'colcon_pkg'
[0.253s] Level 1:colcon.colcon_core.package_identification:_identify(src/ros_gz/ros_gz_bringup) by extensions ['colcon_meta']
[0.253s] Level 1:colcon.colcon_core.package_identification:_identify(src/ros_gz/ros_gz_bringup) by extension 'colcon_meta'
[0.253s] Level 1:colcon.colcon_core.package_identification:_identify(src/ros_gz/ros_gz_bringup) by extensions ['ros']
[0.253s] Level 1:colcon.colcon_core.package_identification:_identify(src/ros_gz/ros_gz_bringup) by extension 'ros'
[0.254s] DEBUG:colcon.colcon_core.package_identification:Package 'src/ros_gz/ros_gz_bringup' with type 'ros.ament_cmake' and name 'ros_gz_bringup'
[0.254s] Level 1:colcon.colcon_core.package_identification:_identify(src/ros_gz/ros_gz_description) by extensions ['ignore', 'ignore_ament_install']
[0.254s] Level 1:colcon.colcon_core.package_identification:_identify(src/ros_gz/ros_gz_description) by extension 'ignore'
[0.254s] Level 1:colcon.colcon_core.package_identification:_identify(src/ros_gz/ros_gz_description) by extension 'ignore_ament_install'
[0.255s] Level 1:colcon.colcon_core.package_identification:_identify(src/ros_gz/ros_gz_description) by extensions ['colcon_pkg']
[0.255s] Level 1:colcon.colcon_core.package_identification:_identify(src/ros_gz/ros_gz_description) by extension 'colcon_pkg'
[0.255s] Level 1:colcon.colcon_core.package_identification:_identify(src/ros_gz/ros_gz_description) by extensions ['colcon_meta']
[0.255s] Level 1:colcon.colcon_core.package_identification:_identify(src/ros_gz/ros_gz_description) by extension 'colcon_meta'
[0.255s] Level 1:colcon.colcon_core.package_identification:_identify(src/ros_gz/ros_gz_description) by extensions ['ros']
[0.255s] Level 1:colcon.colcon_core.package_identification:_identify(src/ros_gz/ros_gz_description) by extension 'ros'
[0.255s] DEBUG:colcon.colcon_core.package_identification:Package 'src/ros_gz/ros_gz_description' with type 'ros.ament_cmake' and name 'ros_gz_description'
[0.255s] Level 1:colcon.colcon_core.package_identification:_identify(src/ros_gz/ros_gz_gazebo) by extensions ['ignore', 'ignore_ament_install']
[0.255s] Level 1:colcon.colcon_core.package_identification:_identify(src/ros_gz/ros_gz_gazebo) by extension 'ignore'
[0.255s] Level 1:colcon.colcon_core.package_identification:_identify(src/ros_gz/ros_gz_gazebo) by extension 'ignore_ament_install'
[0.255s] Level 1:colcon.colcon_core.package_identification:_identify(src/ros_gz/ros_gz_gazebo) by extensions ['colcon_pkg']
[0.255s] Level 1:colcon.colcon_core.package_identification:_identify(src/ros_gz/ros_gz_gazebo) by extension 'colcon_pkg'
[0.255s] Level 1:colcon.colcon_core.package_identification:_identify(src/ros_gz/ros_gz_gazebo) by extensions ['colcon_meta']
[0.256s] Level 1:colcon.colcon_core.package_identification:_identify(src/ros_gz/ros_gz_gazebo) by extension 'colcon_meta'
[0.256s] Level 1:colcon.colcon_core.package_identification:_identify(src/ros_gz/ros_gz_gazebo) by extensions ['ros']
[0.256s] Level 1:colcon.colcon_core.package_identification:_identify(src/ros_gz/ros_gz_gazebo) by extension 'ros'
[0.256s] DEBUG:colcon.colcon_core.package_identification:Package 'src/ros_gz/ros_gz_gazebo' with type 'ros.ament_cmake' and name 'ros_gz_gazebo'
[0.256s] Level 1:colcon.colcon_core.package_discovery:discover_packages(recursive) using defaults
[0.256s] Level 1:colcon.colcon_core.package_discovery:discover_packages(ignore) discover
[0.256s] Level 1:colcon.colcon_core.package_discovery:discover_packages(ignore) using defaults
[0.256s] Level 1:colcon.colcon_core.package_discovery:discover_packages(path) discover
[0.256s] Level 1:colcon.colcon_core.package_discovery:discover_packages(path) using defaults
[0.275s] Level 1:colcon.colcon_core.package_discovery:discover_packages(prefix_path) check parameters
[0.275s] Level 1:colcon.colcon_core.package_discovery:discover_packages(prefix_path) discover
[0.276s] DEBUG:colcon.colcon_installed_package_information.package_discovery:Found 4 installed packages in /home/jiawen/h12project_ws/install
[0.278s] DEBUG:colcon.colcon_installed_package_information.package_discovery:Found 290 installed packages in /opt/ros/humble
[0.285s] Level 1:colcon.colcon_core.package_discovery:discover_packages(prefix_path) using defaults
[0.322s] Level 5:colcon.colcon_core.verb:set package 'ros_gz_application' build argument 'cmake_args' from command line to 'None'
[0.322s] Level 5:colcon.colcon_core.verb:set package 'ros_gz_application' build argument 'cmake_target' from command line to 'None'
[0.322s] Level 5:colcon.colcon_core.verb:set package 'ros_gz_application' build argument 'cmake_target_skip_unavailable' from command line to 'False'
[0.322s] Level 5:colcon.colcon_core.verb:set package 'ros_gz_application' build argument 'cmake_clean_cache' from command line to 'False'
[0.322s] Level 5:colcon.colcon_core.verb:set package 'ros_gz_application' build argument 'cmake_clean_first' from command line to 'False'
[0.322s] Level 5:colcon.colcon_core.verb:set package 'ros_gz_application' build argument 'cmake_force_configure' from command line to 'False'
[0.322s] Level 5:colcon.colcon_core.verb:set package 'ros_gz_application' build argument 'ament_cmake_args' from command line to 'None'
[0.322s] Level 5:colcon.colcon_core.verb:set package 'ros_gz_application' build argument 'catkin_cmake_args' from command line to 'None'
[0.322s] Level 5:colcon.colcon_core.verb:set package 'ros_gz_application' build argument 'catkin_skip_building_tests' from command line to 'False'
[0.322s] DEBUG:colcon.colcon_core.verb:Building package 'ros_gz_application' with the following arguments: {'ament_cmake_args': None, 'build_base': '/home/jiawen/h12project_ws/build/ros_gz_application', 'catkin_cmake_args': None, 'catkin_skip_building_tests': False, 'cmake_args': None, 'cmake_clean_cache': False, 'cmake_clean_first': False, 'cmake_force_configure': False, 'cmake_target': None, 'cmake_target_skip_unavailable': False, 'install_base': '/home/jiawen/h12project_ws/install/ros_gz_application', 'merge_install': False, 'path': '/home/jiawen/h12project_ws/src/ros_gz/ros_gz_application', 'symlink_install': False, 'test_result_base': None}
[0.322s] Level 5:colcon.colcon_core.verb:set package 'ros_gz_description' build argument 'cmake_args' from command line to 'None'
[0.322s] Level 5:colcon.colcon_core.verb:set package 'ros_gz_description' build argument 'cmake_target' from command line to 'None'
[0.322s] Level 5:colcon.colcon_core.verb:set package 'ros_gz_description' build argument 'cmake_target_skip_unavailable' from command line to 'False'
[0.322s] Level 5:colcon.colcon_core.verb:set package 'ros_gz_description' build argument 'cmake_clean_cache' from command line to 'False'
[0.322s] Level 5:colcon.colcon_core.verb:set package 'ros_gz_description' build argument 'cmake_clean_first' from command line to 'False'
[0.322s] Level 5:colcon.colcon_core.verb:set package 'ros_gz_description' build argument 'cmake_force_configure' from command line to 'False'
[0.323s] Level 5:colcon.colcon_core.verb:set package 'ros_gz_description' build argument 'ament_cmake_args' from command line to 'None'
[0.323s] Level 5:colcon.colcon_core.verb:set package 'ros_gz_description' build argument 'catkin_cmake_args' from command line to 'None'
[0.323s] Level 5:colcon.colcon_core.verb:set package 'ros_gz_description' build argument 'catkin_skip_building_tests' from command line to 'False'
[0.323s] DEBUG:colcon.colcon_core.verb:Building package 'ros_gz_description' with the following arguments: {'ament_cmake_args': None, 'build_base': '/home/jiawen/h12project_ws/build/ros_gz_description', 'catkin_cmake_args': None, 'catkin_skip_building_tests': False, 'cmake_args': None, 'cmake_clean_cache': False, 'cmake_clean_first': False, 'cmake_force_configure': False, 'cmake_target': None, 'cmake_target_skip_unavailable': False, 'install_base': '/home/jiawen/h12project_ws/install/ros_gz_description', 'merge_install': False, 'path': '/home/jiawen/h12project_ws/src/ros_gz/ros_gz_description', 'symlink_install': False, 'test_result_base': None}
[0.323s] Level 5:colcon.colcon_core.verb:set package 'ros_gz_gazebo' build argument 'cmake_args' from command line to 'None'
[0.323s] Level 5:colcon.colcon_core.verb:set package 'ros_gz_gazebo' build argument 'cmake_target' from command line to 'None'
[0.323s] Level 5:colcon.colcon_core.verb:set package 'ros_gz_gazebo' build argument 'cmake_target_skip_unavailable' from command line to 'False'
[0.323s] Level 5:colcon.colcon_core.verb:set package 'ros_gz_gazebo' build argument 'cmake_clean_cache' from command line to 'False'
[0.323s] Level 5:colcon.colcon_core.verb:set package 'ros_gz_gazebo' build argument 'cmake_clean_first' from command line to 'False'
[0.323s] Level 5:colcon.colcon_core.verb:set package 'ros_gz_gazebo' build argument 'cmake_force_configure' from command line to 'False'
[0.323s] Level 5:colcon.colcon_core.verb:set package 'ros_gz_gazebo' build argument 'ament_cmake_args' from command line to 'None'
[0.323s] Level 5:colcon.colcon_core.verb:set package 'ros_gz_gazebo' build argument 'catkin_cmake_args' from command line to 'None'
[0.323s] Level 5:colcon.colcon_core.verb:set package 'ros_gz_gazebo' build argument 'catkin_skip_building_tests' from command line to 'False'
[0.323s] DEBUG:colcon.colcon_core.verb:Building package 'ros_gz_gazebo' with the following arguments: {'ament_cmake_args': None, 'build_base': '/home/jiawen/h12project_ws/build/ros_gz_gazebo', 'catkin_cmake_args': None, 'catkin_skip_building_tests': False, 'cmake_args': None, 'cmake_clean_cache': False, 'cmake_clean_first': False, 'cmake_force_configure': False, 'cmake_target': None, 'cmake_target_skip_unavailable': False, 'install_base': '/home/jiawen/h12project_ws/install/ros_gz_gazebo', 'merge_install': False, 'path': '/home/jiawen/h12project_ws/src/ros_gz/ros_gz_gazebo', 'symlink_install': False, 'test_result_base': None}
[0.323s] Level 5:colcon.colcon_core.verb:set package 'ros_gz_bringup' build argument 'cmake_args' from command line to 'None'
[0.323s] Level 5:colcon.colcon_core.verb:set package 'ros_gz_bringup' build argument 'cmake_target' from command line to 'None'
[0.323s] Level 5:colcon.colcon_core.verb:set package 'ros_gz_bringup' build argument 'cmake_target_skip_unavailable' from command line to 'False'
[0.324s] Level 5:colcon.colcon_core.verb:set package 'ros_gz_bringup' build argument 'cmake_clean_cache' from command line to 'False'
[0.324s] Level 5:colcon.colcon_core.verb:set package 'ros_gz_bringup' build argument 'cmake_clean_first' from command line to 'False'
[0.324s] Level 5:colcon.colcon_core.verb:set package 'ros_gz_bringup' build argument 'cmake_force_configure' from command line to 'False'
[0.324s] Level 5:colcon.colcon_core.verb:set package 'ros_gz_bringup' build argument 'ament_cmake_args' from command line to 'None'
[0.324s] Level 5:colcon.colcon_core.verb:set package 'ros_gz_bringup' build argument 'catkin_cmake_args' from command line to 'None'
[0.324s] Level 5:colcon.colcon_core.verb:set package 'ros_gz_bringup' build argument 'catkin_skip_building_tests' from command line to 'False'
[0.324s] DEBUG:colcon.colcon_core.verb:Building package 'ros_gz_bringup' with the following arguments: {'ament_cmake_args': None, 'build_base': '/home/jiawen/h12project_ws/build/ros_gz_bringup', 'catkin_cmake_args': None, 'catkin_skip_building_tests': False, 'cmake_args': None, 'cmake_clean_cache': False, 'cmake_clean_first': False, 'cmake_force_configure': False, 'cmake_target': None, 'cmake_target_skip_unavailable': False, 'install_base': '/home/jiawen/h12project_ws/install/ros_gz_bringup', 'merge_install': False, 'path': '/home/jiawen/h12project_ws/src/ros_gz/ros_gz_bringup', 'symlink_install': False, 'test_result_base': None}
[0.324s] INFO:colcon.colcon_core.executor:Executing jobs using 'parallel' executor
[0.325s] DEBUG:colcon.colcon_parallel_executor.executor.parallel:run_until_complete
[0.325s] INFO:colcon.colcon_ros.task.ament_cmake.build:Building ROS package in '/home/jiawen/h12project_ws/src/ros_gz/ros_gz_description' with build type 'ament_cmake'
[0.325s] INFO:colcon.colcon_cmake.task.cmake.build:Building CMake package in '/home/jiawen/h12project_ws/src/ros_gz/ros_gz_description'
[0.327s] INFO:colcon.colcon_core.plugin_system:Skipping extension 'colcon_core.shell.bat': Not used on non-Windows systems
[0.327s] INFO:colcon.colcon_core.shell:Skip shell extension 'powershell' for command environment: Not usable outside of PowerShell
[0.327s] DEBUG:colcon.colcon_core.shell:Skip shell extension 'dsv' for command environment
[0.330s] INFO:colcon.colcon_ros.task.ament_cmake.build:Building ROS package in '/home/jiawen/h12project_ws/src/ros_gz/ros_gz_application' with build type 'ament_cmake'
[0.330s] INFO:colcon.colcon_cmake.task.cmake.build:Building CMake package in '/home/jiawen/h12project_ws/src/ros_gz/ros_gz_application'
[0.330s] INFO:colcon.colcon_core.shell:Skip shell extension 'powershell' for command environment: Not usable outside of PowerShell
[0.330s] DEBUG:colcon.colcon_core.shell:Skip shell extension 'dsv' for command environment
[0.338s] DEBUG:colcon.colcon_core.event_handler.log_command:Invoking command in '/home/jiawen/h12project_ws/build/ros_gz_description': CMAKE_PREFIX_PATH=${CMAKE_PREFIX_PATH}:/opt/ros/humble /usr/bin/cmake --build /home/jiawen/h12project_ws/build/ros_gz_description -- -j20 -l20
[0.340s] DEBUG:colcon.colcon_core.event_handler.log_command:Invoking command in '/home/jiawen/h12project_ws/build/ros_gz_application': CMAKE_PREFIX_PATH=${CMAKE_PREFIX_PATH}:/opt/ros/humble /usr/bin/cmake --build /home/jiawen/h12project_ws/build/ros_gz_application -- -j20 -l20
[0.363s] DEBUG:colcon.colcon_core.event_handler.log_command:Invoked command in '/home/jiawen/h12project_ws/build/ros_gz_description' returned '0': CMAKE_PREFIX_PATH=${CMAKE_PREFIX_PATH}:/opt/ros/humble /usr/bin/cmake --build /home/jiawen/h12project_ws/build/ros_gz_description -- -j20 -l20
[0.371s] DEBUG:colcon.colcon_core.event_handler.log_command:Invoking command in '/home/jiawen/h12project_ws/build/ros_gz_description': CMAKE_PREFIX_PATH=${CMAKE_PREFIX_PATH}:/opt/ros/humble /usr/bin/cmake --install /home/jiawen/h12project_ws/build/ros_gz_description
[0.372s] DEBUG:colcon.colcon_core.event_handler.log_command:Invoked command in '/home/jiawen/h12project_ws/build/ros_gz_application' returned '0': CMAKE_PREFIX_PATH=${CMAKE_PREFIX_PATH}:/opt/ros/humble /usr/bin/cmake --build /home/jiawen/h12project_ws/build/ros_gz_application -- -j20 -l20
[0.373s] DEBUG:colcon.colcon_core.event_handler.log_command:Invoking command in '/home/jiawen/h12project_ws/build/ros_gz_application': CMAKE_PREFIX_PATH=${CMAKE_PREFIX_PATH}:/opt/ros/humble /usr/bin/cmake --install /home/jiawen/h12project_ws/build/ros_gz_application
[0.381s] Level 1:colcon.colcon_core.environment:create_environment_scripts_only(ros_gz_application)
[0.381s] DEBUG:colcon.colcon_core.event_handler.log_command:Invoked command in '/home/jiawen/h12project_ws/build/ros_gz_application' returned '0': CMAKE_PREFIX_PATH=${CMAKE_PREFIX_PATH}:/opt/ros/humble /usr/bin/cmake --install /home/jiawen/h12project_ws/build/ros_gz_application
[0.382s] Level 1:colcon.colcon_core.environment:checking '/home/jiawen/h12project_ws/install/ros_gz_application' for CMake module files
[0.382s] Level 1:colcon.colcon_core.environment:checking '/home/jiawen/h12project_ws/install/ros_gz_application' for CMake config files
[0.382s] Level 1:colcon.colcon_core.shell:create_environment_hook('ros_gz_application', 'cmake_prefix_path')
[0.382s] INFO:colcon.colcon_core.shell:Creating environment hook '/home/jiawen/h12project_ws/install/ros_gz_application/share/ros_gz_application/hook/cmake_prefix_path.ps1'
[0.383s] INFO:colcon.colcon_core.shell:Creating environment descriptor '/home/jiawen/h12project_ws/install/ros_gz_application/share/ros_gz_application/hook/cmake_prefix_path.dsv'
[0.383s] INFO:colcon.colcon_core.shell:Creating environment hook '/home/jiawen/h12project_ws/install/ros_gz_application/share/ros_gz_application/hook/cmake_prefix_path.sh'
[0.383s] Level 1:colcon.colcon_core.environment:checking '/home/jiawen/h12project_ws/install/ros_gz_application/bin'
[0.383s] Level 1:colcon.colcon_core.environment:checking '/home/jiawen/h12project_ws/install/ros_gz_application/lib/pkgconfig/ros_gz_application.pc'
[0.384s] Level 1:colcon.colcon_core.environment:checking '/home/jiawen/h12project_ws/install/ros_gz_application/lib/python3.10/site-packages'
[0.384s] Level 1:colcon.colcon_core.environment:checking '/home/jiawen/h12project_ws/install/ros_gz_application/bin'
[0.384s] INFO:colcon.colcon_core.shell:Creating package script '/home/jiawen/h12project_ws/install/ros_gz_application/share/ros_gz_application/package.ps1'
[0.384s] INFO:colcon.colcon_core.shell:Creating package descriptor '/home/jiawen/h12project_ws/install/ros_gz_application/share/ros_gz_application/package.dsv'
[0.385s] INFO:colcon.colcon_core.shell:Creating package script '/home/jiawen/h12project_ws/install/ros_gz_application/share/ros_gz_application/package.sh'
[0.385s] INFO:colcon.colcon_core.shell:Creating package script '/home/jiawen/h12project_ws/install/ros_gz_application/share/ros_gz_application/package.bash'
[0.385s] INFO:colcon.colcon_core.shell:Creating package script '/home/jiawen/h12project_ws/install/ros_gz_application/share/ros_gz_application/package.zsh'
[0.386s] Level 1:colcon.colcon_core.environment:create_file_with_runtime_dependencies(/home/jiawen/h12project_ws/install/ros_gz_application/share/colcon-core/packages/ros_gz_application)
[0.386s] Level 1:colcon.colcon_core.environment:create_environment_scripts_only(ros_gz_application)
[0.386s] Level 1:colcon.colcon_core.environment:checking '/home/jiawen/h12project_ws/install/ros_gz_application' for CMake module files
[0.386s] Level 1:colcon.colcon_core.environment:checking '/home/jiawen/h12project_ws/install/ros_gz_application' for CMake config files
[0.386s] Level 1:colcon.colcon_core.shell:create_environment_hook('ros_gz_application', 'cmake_prefix_path')
[0.386s] INFO:colcon.colcon_core.shell:Creating environment hook '/home/jiawen/h12project_ws/install/ros_gz_application/share/ros_gz_application/hook/cmake_prefix_path.ps1'
[0.387s] INFO:colcon.colcon_core.shell:Creating environment descriptor '/home/jiawen/h12project_ws/install/ros_gz_application/share/ros_gz_application/hook/cmake_prefix_path.dsv'
[0.387s] INFO:colcon.colcon_core.shell:Creating environment hook '/home/jiawen/h12project_ws/install/ros_gz_application/share/ros_gz_application/hook/cmake_prefix_path.sh'
[0.387s] Level 1:colcon.colcon_core.environment:checking '/home/jiawen/h12project_ws/install/ros_gz_application/bin'
[0.387s] Level 1:colcon.colcon_core.environment:checking '/home/jiawen/h12project_ws/install/ros_gz_application/lib/pkgconfig/ros_gz_application.pc'
[0.387s] Level 1:colcon.colcon_core.environment:checking '/home/jiawen/h12project_ws/install/ros_gz_application/lib/python3.10/site-packages'
[0.387s] Level 1:colcon.colcon_core.environment:checking '/home/jiawen/h12project_ws/install/ros_gz_application/bin'
[0.387s] INFO:colcon.colcon_core.shell:Creating package script '/home/jiawen/h12project_ws/install/ros_gz_application/share/ros_gz_application/package.ps1'
[0.388s] INFO:colcon.colcon_core.shell:Creating package descriptor '/home/jiawen/h12project_ws/install/ros_gz_application/share/ros_gz_application/package.dsv'
[0.388s] INFO:colcon.colcon_core.shell:Creating package script '/home/jiawen/h12project_ws/install/ros_gz_application/share/ros_gz_application/package.sh'
[0.388s] INFO:colcon.colcon_core.shell:Creating package script '/home/jiawen/h12project_ws/install/ros_gz_application/share/ros_gz_application/package.bash'
[0.388s] INFO:colcon.colcon_core.shell:Creating package script '/home/jiawen/h12project_ws/install/ros_gz_application/share/ros_gz_application/package.zsh'
[0.388s] Level 1:colcon.colcon_core.environment:create_file_with_runtime_dependencies(/home/jiawen/h12project_ws/install/ros_gz_application/share/colcon-core/packages/ros_gz_application)
[0.388s] Level 1:colcon.colcon_core.environment:create_environment_scripts_only(ros_gz_description)
[0.389s] Level 1:colcon.colcon_core.environment:checking '/home/jiawen/h12project_ws/install/ros_gz_description' for CMake module files
[0.389s] Level 1:colcon.colcon_core.environment:checking '/home/jiawen/h12project_ws/install/ros_gz_description' for CMake config files
[0.389s] DEBUG:colcon.colcon_core.event_handler.log_command:Invoked command in '/home/jiawen/h12project_ws/build/ros_gz_description' returned '0': CMAKE_PREFIX_PATH=${CMAKE_PREFIX_PATH}:/opt/ros/humble /usr/bin/cmake --install /home/jiawen/h12project_ws/build/ros_gz_description
[0.389s] Level 1:colcon.colcon_core.shell:create_environment_hook('ros_gz_description', 'cmake_prefix_path')
[0.389s] INFO:colcon.colcon_core.shell:Creating environment hook '/home/jiawen/h12project_ws/install/ros_gz_description/share/ros_gz_description/hook/cmake_prefix_path.ps1'
[0.390s] INFO:colcon.colcon_core.shell:Creating environment descriptor '/home/jiawen/h12project_ws/install/ros_gz_description/share/ros_gz_description/hook/cmake_prefix_path.dsv'
[0.390s] INFO:colcon.colcon_core.shell:Creating environment hook '/home/jiawen/h12project_ws/install/ros_gz_description/share/ros_gz_description/hook/cmake_prefix_path.sh'
[0.390s] Level 1:colcon.colcon_core.environment:checking '/home/jiawen/h12project_ws/install/ros_gz_description/bin'
[0.390s] Level 1:colcon.colcon_core.environment:checking '/home/jiawen/h12project_ws/install/ros_gz_description/lib/pkgconfig/ros_gz_description.pc'
[0.390s] Level 1:colcon.colcon_core.environment:checking '/home/jiawen/h12project_ws/install/ros_gz_description/lib/python3.10/site-packages'
[0.390s] Level 1:colcon.colcon_core.environment:checking '/home/jiawen/h12project_ws/install/ros_gz_description/bin'
[0.390s] INFO:colcon.colcon_core.shell:Creating package script '/home/jiawen/h12project_ws/install/ros_gz_description/share/ros_gz_description/package.ps1'
[0.391s] INFO:colcon.colcon_core.shell:Creating package descriptor '/home/jiawen/h12project_ws/install/ros_gz_description/share/ros_gz_description/package.dsv'
[0.391s] INFO:colcon.colcon_core.shell:Creating package script '/home/jiawen/h12project_ws/install/ros_gz_description/share/ros_gz_description/package.sh'
[0.391s] INFO:colcon.colcon_core.shell:Creating package script '/home/jiawen/h12project_ws/install/ros_gz_description/share/ros_gz_description/package.bash'
[0.391s] INFO:colcon.colcon_core.shell:Creating package script '/home/jiawen/h12project_ws/install/ros_gz_description/share/ros_gz_description/package.zsh'
[0.391s] Level 1:colcon.colcon_core.environment:create_file_with_runtime_dependencies(/home/jiawen/h12project_ws/install/ros_gz_description/share/colcon-core/packages/ros_gz_description)
[0.391s] Level 1:colcon.colcon_core.environment:create_environment_scripts_only(ros_gz_description)
[0.391s] Level 1:colcon.colcon_core.environment:checking '/home/jiawen/h12project_ws/install/ros_gz_description' for CMake module files
[0.392s] Level 1:colcon.colcon_core.environment:checking '/home/jiawen/h12project_ws/install/ros_gz_description' for CMake config files
[0.392s] Level 1:colcon.colcon_core.shell:create_environment_hook('ros_gz_description', 'cmake_prefix_path')
[0.392s] INFO:colcon.colcon_core.shell:Creating environment hook '/home/jiawen/h12project_ws/install/ros_gz_description/share/ros_gz_description/hook/cmake_prefix_path.ps1'
[0.392s] INFO:colcon.colcon_core.shell:Creating environment descriptor '/home/jiawen/h12project_ws/install/ros_gz_description/share/ros_gz_description/hook/cmake_prefix_path.dsv'
[0.392s] INFO:colcon.colcon_core.shell:Creating environment hook '/home/jiawen/h12project_ws/install/ros_gz_description/share/ros_gz_description/hook/cmake_prefix_path.sh'
[0.392s] Level 1:colcon.colcon_core.environment:checking '/home/jiawen/h12project_ws/install/ros_gz_description/bin'
[0.392s] Level 1:colcon.colcon_core.environment:checking '/home/jiawen/h12project_ws/install/ros_gz_description/lib/pkgconfig/ros_gz_description.pc'
[0.393s] Level 1:colcon.colcon_core.environment:checking '/home/jiawen/h12project_ws/install/ros_gz_description/lib/python3.10/site-packages'
[0.393s] Level 1:colcon.colcon_core.environment:checking '/home/jiawen/h12project_ws/install/ros_gz_description/bin'
[0.393s] INFO:colcon.colcon_core.shell:Creating package script '/home/jiawen/h12project_ws/install/ros_gz_description/share/ros_gz_description/package.ps1'
[0.393s] INFO:colcon.colcon_core.shell:Creating package descriptor '/home/jiawen/h12project_ws/install/ros_gz_description/share/ros_gz_description/package.dsv'
[0.393s] INFO:colcon.colcon_core.shell:Creating package script '/home/jiawen/h12project_ws/install/ros_gz_description/share/ros_gz_description/package.sh'
[0.393s] INFO:colcon.colcon_core.shell:Creating package script '/home/jiawen/h12project_ws/install/ros_gz_description/share/ros_gz_description/package.bash'
[0.394s] INFO:colcon.colcon_core.shell:Creating package script '/home/jiawen/h12project_ws/install/ros_gz_description/share/ros_gz_description/package.zsh'
[0.394s] Level 1:colcon.colcon_core.environment:create_file_with_runtime_dependencies(/home/jiawen/h12project_ws/install/ros_gz_description/share/colcon-core/packages/ros_gz_description)
[0.394s] INFO:colcon.colcon_ros.task.ament_cmake.build:Building ROS package in '/home/jiawen/h12project_ws/src/ros_gz/ros_gz_gazebo' with build type 'ament_cmake'
[0.394s] INFO:colcon.colcon_cmake.task.cmake.build:Building CMake package in '/home/jiawen/h12project_ws/src/ros_gz/ros_gz_gazebo'
[0.394s] INFO:colcon.colcon_core.shell:Skip shell extension 'powershell' for command environment: Not usable outside of PowerShell
[0.394s] DEBUG:colcon.colcon_core.shell:Skip shell extension 'dsv' for command environment
[0.399s] DEBUG:colcon.colcon_core.event_handler.log_command:Invoking command in '/home/jiawen/h12project_ws/build/ros_gz_gazebo': CMAKE_PREFIX_PATH=/home/jiawen/h12project_ws/install/ros_gz_description:/home/jiawen/h12project_ws/install/ros_gz_bringup:/home/jiawen/h12project_ws/install/ros_gz_gazebo:/home/jiawen/h12project_ws/install/ros_gz_application:/opt/ros/humble IGN_GAZEBO_RESOURCE_PATH=/home/jiawen/h12project_ws/install/ros_gz_description/share/ros_gz_description/models:${IGN_GAZEBO_RESOURCE_PATH} /usr/bin/cmake --build /home/jiawen/h12project_ws/build/ros_gz_gazebo -- -j20 -l20
[0.447s] DEBUG:colcon.colcon_core.event_handler.log_command:Invoked command in '/home/jiawen/h12project_ws/build/ros_gz_gazebo' returned '0': CMAKE_PREFIX_PATH=/home/jiawen/h12project_ws/install/ros_gz_description:/home/jiawen/h12project_ws/install/ros_gz_bringup:/home/jiawen/h12project_ws/install/ros_gz_gazebo:/home/jiawen/h12project_ws/install/ros_gz_application:/opt/ros/humble IGN_GAZEBO_RESOURCE_PATH=/home/jiawen/h12project_ws/install/ros_gz_description/share/ros_gz_description/models:${IGN_GAZEBO_RESOURCE_PATH} /usr/bin/cmake --build /home/jiawen/h12project_ws/build/ros_gz_gazebo -- -j20 -l20
[0.449s] DEBUG:colcon.colcon_core.event_handler.log_command:Invoking command in '/home/jiawen/h12project_ws/build/ros_gz_gazebo': CMAKE_PREFIX_PATH=/home/jiawen/h12project_ws/install/ros_gz_description:/home/jiawen/h12project_ws/install/ros_gz_bringup:/home/jiawen/h12project_ws/install/ros_gz_gazebo:/home/jiawen/h12project_ws/install/ros_gz_application:/opt/ros/humble IGN_GAZEBO_RESOURCE_PATH=/home/jiawen/h12project_ws/install/ros_gz_description/share/ros_gz_description/models:${IGN_GAZEBO_RESOURCE_PATH} /usr/bin/cmake --install /home/jiawen/h12project_ws/build/ros_gz_gazebo
[0.456s] Level 1:colcon.colcon_core.environment:create_environment_scripts_only(ros_gz_gazebo)
[0.457s] DEBUG:colcon.colcon_core.event_handler.log_command:Invoked command in '/home/jiawen/h12project_ws/build/ros_gz_gazebo' returned '0': CMAKE_PREFIX_PATH=/home/jiawen/h12project_ws/install/ros_gz_description:/home/jiawen/h12project_ws/install/ros_gz_bringup:/home/jiawen/h12project_ws/install/ros_gz_gazebo:/home/jiawen/h12project_ws/install/ros_gz_application:/opt/ros/humble IGN_GAZEBO_RESOURCE_PATH=/home/jiawen/h12project_ws/install/ros_gz_description/share/ros_gz_description/models:${IGN_GAZEBO_RESOURCE_PATH} /usr/bin/cmake --install /home/jiawen/h12project_ws/build/ros_gz_gazebo
[0.457s] Level 1:colcon.colcon_core.environment:checking '/home/jiawen/h12project_ws/install/ros_gz_gazebo' for CMake module files
[0.457s] Level 1:colcon.colcon_core.environment:checking '/home/jiawen/h12project_ws/install/ros_gz_gazebo' for CMake config files
[0.458s] Level 1:colcon.colcon_core.shell:create_environment_hook('ros_gz_gazebo', 'cmake_prefix_path')
[0.458s] INFO:colcon.colcon_core.shell:Creating environment hook '/home/jiawen/h12project_ws/install/ros_gz_gazebo/share/ros_gz_gazebo/hook/cmake_prefix_path.ps1'
[0.458s] INFO:colcon.colcon_core.shell:Creating environment descriptor '/home/jiawen/h12project_ws/install/ros_gz_gazebo/share/ros_gz_gazebo/hook/cmake_prefix_path.dsv'
[0.459s] INFO:colcon.colcon_core.shell:Creating environment hook '/home/jiawen/h12project_ws/install/ros_gz_gazebo/share/ros_gz_gazebo/hook/cmake_prefix_path.sh'
[0.459s] Level 1:colcon.colcon_core.environment:checking '/home/jiawen/h12project_ws/install/ros_gz_gazebo/lib'
[0.459s] Level 1:colcon.colcon_core.environment:checking '/home/jiawen/h12project_ws/install/ros_gz_gazebo/bin'
[0.459s] Level 1:colcon.colcon_core.environment:checking '/home/jiawen/h12project_ws/install/ros_gz_gazebo/lib/pkgconfig/ros_gz_gazebo.pc'
[0.459s] Level 1:colcon.colcon_core.environment:checking '/home/jiawen/h12project_ws/install/ros_gz_gazebo/lib/python3.10/site-packages'
[0.460s] Level 1:colcon.colcon_core.environment:checking '/home/jiawen/h12project_ws/install/ros_gz_gazebo/bin'
[0.460s] INFO:colcon.colcon_core.shell:Creating package script '/home/jiawen/h12project_ws/install/ros_gz_gazebo/share/ros_gz_gazebo/package.ps1'
[0.460s] INFO:colcon.colcon_core.shell:Creating package descriptor '/home/jiawen/h12project_ws/install/ros_gz_gazebo/share/ros_gz_gazebo/package.dsv'
[0.461s] INFO:colcon.colcon_core.shell:Creating package script '/home/jiawen/h12project_ws/install/ros_gz_gazebo/share/ros_gz_gazebo/package.sh'
[0.461s] INFO:colcon.colcon_core.shell:Creating package script '/home/jiawen/h12project_ws/install/ros_gz_gazebo/share/ros_gz_gazebo/package.bash'
[0.461s] INFO:colcon.colcon_core.shell:Creating package script '/home/jiawen/h12project_ws/install/ros_gz_gazebo/share/ros_gz_gazebo/package.zsh'
[0.462s] Level 1:colcon.colcon_core.environment:create_file_with_runtime_dependencies(/home/jiawen/h12project_ws/install/ros_gz_gazebo/share/colcon-core/packages/ros_gz_gazebo)
[0.462s] Level 1:colcon.colcon_core.environment:create_environment_scripts_only(ros_gz_gazebo)
[0.462s] Level 1:colcon.colcon_core.environment:checking '/home/jiawen/h12project_ws/install/ros_gz_gazebo' for CMake module files
[0.463s] Level 1:colcon.colcon_core.environment:checking '/home/jiawen/h12project_ws/install/ros_gz_gazebo' for CMake config files
[0.463s] Level 1:colcon.colcon_core.shell:create_environment_hook('ros_gz_gazebo', 'cmake_prefix_path')
[0.463s] INFO:colcon.colcon_core.shell:Creating environment hook '/home/jiawen/h12project_ws/install/ros_gz_gazebo/share/ros_gz_gazebo/hook/cmake_prefix_path.ps1'
[0.463s] INFO:colcon.colcon_core.shell:Creating environment descriptor '/home/jiawen/h12project_ws/install/ros_gz_gazebo/share/ros_gz_gazebo/hook/cmake_prefix_path.dsv'
[0.464s] INFO:colcon.colcon_core.shell:Creating environment hook '/home/jiawen/h12project_ws/install/ros_gz_gazebo/share/ros_gz_gazebo/hook/cmake_prefix_path.sh'
[0.464s] Level 1:colcon.colcon_core.environment:checking '/home/jiawen/h12project_ws/install/ros_gz_gazebo/lib'
[0.464s] Level 1:colcon.colcon_core.environment:checking '/home/jiawen/h12project_ws/install/ros_gz_gazebo/bin'
[0.464s] Level 1:colcon.colcon_core.environment:checking '/home/jiawen/h12project_ws/install/ros_gz_gazebo/lib/pkgconfig/ros_gz_gazebo.pc'
[0.464s] Level 1:colcon.colcon_core.environment:checking '/home/jiawen/h12project_ws/install/ros_gz_gazebo/lib/python3.10/site-packages'
[0.465s] Level 1:colcon.colcon_core.environment:checking '/home/jiawen/h12project_ws/install/ros_gz_gazebo/bin'
[0.465s] INFO:colcon.colcon_core.shell:Creating package script '/home/jiawen/h12project_ws/install/ros_gz_gazebo/share/ros_gz_gazebo/package.ps1'
[0.465s] INFO:colcon.colcon_core.shell:Creating package descriptor '/home/jiawen/h12project_ws/install/ros_gz_gazebo/share/ros_gz_gazebo/package.dsv'
[0.466s] INFO:colcon.colcon_core.shell:Creating package script '/home/jiawen/h12project_ws/install/ros_gz_gazebo/share/ros_gz_gazebo/package.sh'
[0.466s] INFO:colcon.colcon_core.shell:Creating package script '/home/jiawen/h12project_ws/install/ros_gz_gazebo/share/ros_gz_gazebo/package.bash'
[0.466s] INFO:colcon.colcon_core.shell:Creating package script '/home/jiawen/h12project_ws/install/ros_gz_gazebo/share/ros_gz_gazebo/package.zsh'
[0.467s] Level 1:colcon.colcon_core.environment:create_file_with_runtime_dependencies(/home/jiawen/h12project_ws/install/ros_gz_gazebo/share/colcon-core/packages/ros_gz_gazebo)
[0.467s] INFO:colcon.colcon_ros.task.ament_cmake.build:Building ROS package in '/home/jiawen/h12project_ws/src/ros_gz/ros_gz_bringup' with build type 'ament_cmake'
[0.467s] INFO:colcon.colcon_cmake.task.cmake.build:Building CMake package in '/home/jiawen/h12project_ws/src/ros_gz/ros_gz_bringup'
[0.467s] INFO:colcon.colcon_core.shell:Skip shell extension 'powershell' for command environment: Not usable outside of PowerShell
[0.468s] DEBUG:colcon.colcon_core.shell:Skip shell extension 'dsv' for command environment
[0.475s] DEBUG:colcon.colcon_core.event_handler.log_command:Invoking command in '/home/jiawen/h12project_ws/build/ros_gz_bringup': CMAKE_PREFIX_PATH=/home/jiawen/h12project_ws/install/ros_gz_gazebo:/home/jiawen/h12project_ws/install/ros_gz_description:/home/jiawen/h12project_ws/install/ros_gz_bringup:/home/jiawen/h12project_ws/install/ros_gz_application:/opt/ros/humble IGN_GAZEBO_PLUGIN_PATH=/home/jiawen/h12project_ws/install/ros_gz_gazebo/lib/ros_gz_gazebo IGN_GAZEBO_RESOURCE_PATH=/home/jiawen/h12project_ws/install/ros_gz_description/share/ros_gz_description/models:${IGN_GAZEBO_RESOURCE_PATH} /usr/bin/cmake --build /home/jiawen/h12project_ws/build/ros_gz_bringup -- -j20 -l20
[0.501s] DEBUG:colcon.colcon_core.event_handler.log_command:Invoked command in '/home/jiawen/h12project_ws/build/ros_gz_bringup' returned '0': CMAKE_PREFIX_PATH=/home/jiawen/h12project_ws/install/ros_gz_gazebo:/home/jiawen/h12project_ws/install/ros_gz_description:/home/jiawen/h12project_ws/install/ros_gz_bringup:/home/jiawen/h12project_ws/install/ros_gz_application:/opt/ros/humble IGN_GAZEBO_PLUGIN_PATH=/home/jiawen/h12project_ws/install/ros_gz_gazebo/lib/ros_gz_gazebo IGN_GAZEBO_RESOURCE_PATH=/home/jiawen/h12project_ws/install/ros_gz_description/share/ros_gz_description/models:${IGN_GAZEBO_RESOURCE_PATH} /usr/bin/cmake --build /home/jiawen/h12project_ws/build/ros_gz_bringup -- -j20 -l20
[0.502s] DEBUG:colcon.colcon_core.event_handler.log_command:Invoking command in '/home/jiawen/h12project_ws/build/ros_gz_bringup': CMAKE_PREFIX_PATH=/home/jiawen/h12project_ws/install/ros_gz_gazebo:/home/jiawen/h12project_ws/install/ros_gz_description:/home/jiawen/h12project_ws/install/ros_gz_bringup:/home/jiawen/h12project_ws/install/ros_gz_application:/opt/ros/humble IGN_GAZEBO_PLUGIN_PATH=/home/jiawen/h12project_ws/install/ros_gz_gazebo/lib/ros_gz_gazebo IGN_GAZEBO_RESOURCE_PATH=/home/jiawen/h12project_ws/install/ros_gz_description/share/ros_gz_description/models:${IGN_GAZEBO_RESOURCE_PATH} /usr/bin/cmake --install /home/jiawen/h12project_ws/build/ros_gz_bringup
[0.509s] Level 1:colcon.colcon_core.environment:create_environment_scripts_only(ros_gz_bringup)
[0.510s] DEBUG:colcon.colcon_core.event_handler.log_command:Invoked command in '/home/jiawen/h12project_ws/build/ros_gz_bringup' returned '0': CMAKE_PREFIX_PATH=/home/jiawen/h12project_ws/install/ros_gz_gazebo:/home/jiawen/h12project_ws/install/ros_gz_description:/home/jiawen/h12project_ws/install/ros_gz_bringup:/home/jiawen/h12project_ws/install/ros_gz_application:/opt/ros/humble IGN_GAZEBO_PLUGIN_PATH=/home/jiawen/h12project_ws/install/ros_gz_gazebo/lib/ros_gz_gazebo IGN_GAZEBO_RESOURCE_PATH=/home/jiawen/h12project_ws/install/ros_gz_description/share/ros_gz_description/models:${IGN_GAZEBO_RESOURCE_PATH} /usr/bin/cmake --install /home/jiawen/h12project_ws/build/ros_gz_bringup
[0.510s] Level 1:colcon.colcon_core.environment:checking '/home/jiawen/h12project_ws/install/ros_gz_bringup' for CMake module files
[0.510s] Level 1:colcon.colcon_core.environment:checking '/home/jiawen/h12project_ws/install/ros_gz_bringup' for CMake config files
[0.510s] Level 1:colcon.colcon_core.shell:create_environment_hook('ros_gz_bringup', 'cmake_prefix_path')
[0.511s] INFO:colcon.colcon_core.shell:Creating environment hook '/home/jiawen/h12project_ws/install/ros_gz_bringup/share/ros_gz_bringup/hook/cmake_prefix_path.ps1'
[0.511s] INFO:colcon.colcon_core.shell:Creating environment descriptor '/home/jiawen/h12project_ws/install/ros_gz_bringup/share/ros_gz_bringup/hook/cmake_prefix_path.dsv'
[0.511s] INFO:colcon.colcon_core.shell:Creating environment hook '/home/jiawen/h12project_ws/install/ros_gz_bringup/share/ros_gz_bringup/hook/cmake_prefix_path.sh'
[0.512s] Level 1:colcon.colcon_core.environment:checking '/home/jiawen/h12project_ws/install/ros_gz_bringup/bin'
[0.512s] Level 1:colcon.colcon_core.environment:checking '/home/jiawen/h12project_ws/install/ros_gz_bringup/lib/pkgconfig/ros_gz_bringup.pc'
[0.512s] Level 1:colcon.colcon_core.environment:checking '/home/jiawen/h12project_ws/install/ros_gz_bringup/lib/python3.10/site-packages'
[0.512s] Level 1:colcon.colcon_core.environment:checking '/home/jiawen/h12project_ws/install/ros_gz_bringup/bin'
[0.513s] INFO:colcon.colcon_core.shell:Creating package script '/home/jiawen/h12project_ws/install/ros_gz_bringup/share/ros_gz_bringup/package.ps1'
[0.513s] INFO:colcon.colcon_core.shell:Creating package descriptor '/home/jiawen/h12project_ws/install/ros_gz_bringup/share/ros_gz_bringup/package.dsv'
[0.513s] INFO:colcon.colcon_core.shell:Creating package script '/home/jiawen/h12project_ws/install/ros_gz_bringup/share/ros_gz_bringup/package.sh'
[0.514s] INFO:colcon.colcon_core.shell:Creating package script '/home/jiawen/h12project_ws/install/ros_gz_bringup/share/ros_gz_bringup/package.bash'
[0.514s] INFO:colcon.colcon_core.shell:Creating package script '/home/jiawen/h12project_ws/install/ros_gz_bringup/share/ros_gz_bringup/package.zsh'
[0.514s] Level 1:colcon.colcon_core.environment:create_file_with_runtime_dependencies(/home/jiawen/h12project_ws/install/ros_gz_bringup/share/colcon-core/packages/ros_gz_bringup)
[0.515s] Level 1:colcon.colcon_core.environment:create_environment_scripts_only(ros_gz_bringup)
[0.515s] Level 1:colcon.colcon_core.environment:checking '/home/jiawen/h12project_ws/install/ros_gz_bringup' for CMake module files
[0.515s] Level 1:colcon.colcon_core.environment:checking '/home/jiawen/h12project_ws/install/ros_gz_bringup' for CMake config files
[0.515s] Level 1:colcon.colcon_core.shell:create_environment_hook('ros_gz_bringup', 'cmake_prefix_path')
[0.516s] INFO:colcon.colcon_core.shell:Creating environment hook '/home/jiawen/h12project_ws/install/ros_gz_bringup/share/ros_gz_bringup/hook/cmake_prefix_path.ps1'
[0.516s] INFO:colcon.colcon_core.shell:Creating environment descriptor '/home/jiawen/h12project_ws/install/ros_gz_bringup/share/ros_gz_bringup/hook/cmake_prefix_path.dsv'
[0.516s] INFO:colcon.colcon_core.shell:Creating environment hook '/home/jiawen/h12project_ws/install/ros_gz_bringup/share/ros_gz_bringup/hook/cmake_prefix_path.sh'
[0.517s] Level 1:colcon.colcon_core.environment:checking '/home/jiawen/h12project_ws/install/ros_gz_bringup/bin'
[0.517s] Level 1:colcon.colcon_core.environment:checking '/home/jiawen/h12project_ws/install/ros_gz_bringup/lib/pkgconfig/ros_gz_bringup.pc'
[0.517s] Level 1:colcon.colcon_core.environment:checking '/home/jiawen/h12project_ws/install/ros_gz_bringup/lib/python3.10/site-packages'
[0.517s] Level 1:colcon.colcon_core.environment:checking '/home/jiawen/h12project_ws/install/ros_gz_bringup/bin'
[0.517s] INFO:colcon.colcon_core.shell:Creating package script '/home/jiawen/h12project_ws/install/ros_gz_bringup/share/ros_gz_bringup/package.ps1'
[0.518s] INFO:colcon.colcon_core.shell:Creating package descriptor '/home/jiawen/h12project_ws/install/ros_gz_bringup/share/ros_gz_bringup/package.dsv'
[0.518s] INFO:colcon.colcon_core.shell:Creating package script '/home/jiawen/h12project_ws/install/ros_gz_bringup/share/ros_gz_bringup/package.sh'
[0.519s] INFO:colcon.colcon_core.shell:Creating package script '/home/jiawen/h12project_ws/install/ros_gz_bringup/share/ros_gz_bringup/package.bash'
[0.519s] INFO:colcon.colcon_core.shell:Creating package script '/home/jiawen/h12project_ws/install/ros_gz_bringup/share/ros_gz_bringup/package.zsh'
[0.519s] Level 1:colcon.colcon_core.environment:create_file_with_runtime_dependencies(/home/jiawen/h12project_ws/install/ros_gz_bringup/share/colcon-core/packages/ros_gz_bringup)
[0.520s] DEBUG:colcon.colcon_parallel_executor.executor.parallel:closing loop
[0.520s] DEBUG:colcon.colcon_parallel_executor.executor.parallel:loop closed
[0.520s] DEBUG:colcon.colcon_parallel_executor.executor.parallel:run_until_complete finished with '0'
[0.520s] DEBUG:colcon.colcon_core.event_reactor:joining thread
[0.523s] INFO:colcon.colcon_core.plugin_system:Skipping extension 'colcon_notification.desktop_notification.terminal_notifier': Not used on non-Darwin systems
[0.523s] INFO:colcon.colcon_core.plugin_system:Skipping extension 'colcon_notification.desktop_notification.win32': Not used on non-Windows systems
[0.523s] INFO:colcon.colcon_notification.desktop_notification:Sending desktop notification using 'notify2'
[0.533s] DEBUG:colcon.colcon_core.event_reactor:joined thread
[0.533s] INFO:colcon.colcon_core.shell:Creating prefix script '/home/jiawen/h12project_ws/install/local_setup.ps1'
[0.534s] INFO:colcon.colcon_core.shell:Creating prefix util module '/home/jiawen/h12project_ws/install/_local_setup_util_ps1.py'
[0.536s] INFO:colcon.colcon_core.shell:Creating prefix chain script '/home/jiawen/h12project_ws/install/setup.ps1'
[0.537s] INFO:colcon.colcon_core.shell:Creating prefix script '/home/jiawen/h12project_ws/install/local_setup.sh'
[0.537s] INFO:colcon.colcon_core.shell:Creating prefix util module '/home/jiawen/h12project_ws/install/_local_setup_util_sh.py'
[0.538s] INFO:colcon.colcon_core.shell:Creating prefix chain script '/home/jiawen/h12project_ws/install/setup.sh'
[0.539s] INFO:colcon.colcon_core.shell:Creating prefix script '/home/jiawen/h12project_ws/install/local_setup.bash'
[0.539s] INFO:colcon.colcon_core.shell:Creating prefix chain script '/home/jiawen/h12project_ws/install/setup.bash'
[0.540s] INFO:colcon.colcon_core.shell:Creating prefix script '/home/jiawen/h12project_ws/install/local_setup.zsh'
[0.540s] INFO:colcon.colcon_core.shell:Creating prefix chain script '/home/jiawen/h12project_ws/install/setup.zsh'
